{"contracts/CerbyCronJobsExecution.sol":{"l":{"21":0,"24":0,"25":0,"27":0,"28":0,"32":0,"35":0,"36":0,"47":0,"53":0,"59":0,"60":0,"63":0,"70":0,"76":0,"77":0,"80":0,"81":0,"91":0,"97":0,"98":0,"101":0,"103":0},"path":"/Users/vm06007/Development/sol-cerby-swap-v1/contracts/CerbyCronJobsExecution.sol","s":{"1":0,"2":0,"3":0,"4":0,"5":0,"6":0,"7":0,"8":0,"9":0,"10":0,"11":0,"12":0,"13":0,"14":0,"15":0,"16":0},"b":{"1":[0,0],"2":[0,0],"3":[0,0],"4":[0,0],"5":[0,0]},"f":{"1":0,"2":0,"3":0,"4":0,"5":0,"6":0},"fnMap":{"1":{"name":"checkForBotsAndExecuteCronJobs","line":18,"loc":{"start":{"line":18,"column":4},"end":{"line":29,"column":4}}},"2":{"name":"executeCronJobs","line":31,"loc":{"start":{"line":31,"column":4},"end":{"line":37,"column":4}}},"3":{"name":"getUtilsContractAtPos","line":39,"loc":{"start":{"line":39,"column":4},"end":{"line":48,"column":4}}},"4":{"name":"checkForBots","line":50,"loc":{"start":{"line":50,"column":4},"end":{"line":64,"column":4}}},"5":{"name":"checkTransactionAndExecuteCron","line":66,"loc":{"start":{"line":66,"column":4},"end":{"line":82,"column":4}}},"6":{"name":"checkTransactionForBots","line":84,"loc":{"start":{"line":84,"column":4},"end":{"line":107,"column":4}}}},"statementMap":{"1":{"start":{"line":21,"column":8},"end":{"line":21,"column":538}},"2":{"start":{"line":24,"column":8},"end":{"line":24,"column":683}},"3":{"start":{"line":27,"column":8},"end":{"line":27,"column":43}},"4":{"start":{"line":32,"column":8},"end":{"line":32,"column":925}},"5":{"start":{"line":35,"column":8},"end":{"line":35,"column":43}},"6":{"start":{"line":47,"column":8},"end":{"line":47,"column":63}},"7":{"start":{"line":53,"column":8},"end":{"line":53,"column":1403}},"8":{"start":{"line":59,"column":8},"end":{"line":59,"column":1600}},"9":{"start":{"line":70,"column":8},"end":{"line":70,"column":1867}},"10":{"start":{"line":76,"column":8},"end":{"line":76,"column":2064}},"11":{"start":{"line":80,"column":8},"end":{"line":80,"column":43}},"12":{"start":{"line":91,"column":8},"end":{"line":91,"column":2428}},"13":{"start":{"line":97,"column":8},"end":{"line":97,"column":2625}},"14":{"start":{"line":101,"column":8},"end":{"line":101,"column":40}},"15":{"start":{"line":101,"column":34},"end":{"line":101,"column":40}},"16":{"start":{"line":103,"column":8},"end":{"line":103,"column":2829}}},"branchMap":{"1":{"line":24,"type":"if","locations":[{"start":{"line":24,"column":8},"end":{"line":24,"column":8}},{"start":{"line":24,"column":8},"end":{"line":24,"column":8}}]},"2":{"line":59,"type":"if","locations":[{"start":{"line":59,"column":8},"end":{"line":59,"column":8}},{"start":{"line":59,"column":8},"end":{"line":59,"column":8}}]},"3":{"line":76,"type":"if","locations":[{"start":{"line":76,"column":8},"end":{"line":76,"column":8}},{"start":{"line":76,"column":8},"end":{"line":76,"column":8}}]},"4":{"line":97,"type":"if","locations":[{"start":{"line":97,"column":8},"end":{"line":97,"column":8}},{"start":{"line":97,"column":8},"end":{"line":97,"column":8}}]},"5":{"line":101,"type":"if","locations":[{"start":{"line":101,"column":8},"end":{"line":101,"column":8}},{"start":{"line":101,"column":8},"end":{"line":101,"column":8}}]}}},"contracts/CerbySwapV1_AdminFunctions.sol":{"l":{"23":1,"24":1,"25":1,"27":1,"35":1,"44":1,"60":1,"75":1,"85":1,"86":1,"95":0,"100":0,"101":0,"104":0,"105":0,"106":0,"109":0,"110":0,"111":0,"114":0,"129":0,"151":1,"156":1,"159":1,"164":1},"path":"/Users/vm06007/Development/sol-cerby-swap-v1/contracts/CerbySwapV1_AdminFunctions.sol","s":{"1":1,"2":1,"3":1,"4":1,"5":1,"6":1,"7":1,"8":1,"9":1,"10":1,"11":0,"12":0,"13":0,"14":0,"15":0,"16":0,"17":0,"18":0,"19":1,"20":1,"21":1,"22":1},"b":{"1":[0,0],"2":[0,0],"3":[0,0]},"f":{"1":1,"2":1,"3":1,"4":1,"5":1,"6":0,"7":0,"8":1},"fnMap":{"1":{"name":"testSetupTokens","line":13,"loc":{"start":{"line":13,"column":4},"end":{"line":28,"column":4}}},"2":{"name":"testInit","line":31,"loc":{"start":{"line":31,"column":4},"end":{"line":51,"column":4}}},"3":{"name":"adminInitialize","line":57,"loc":{"start":{"line":54,"column":4},"end":{"line":67,"column":4}}},"4":{"name":"adminSetUrlPrefix","line":73,"loc":{"start":{"line":69,"column":4},"end":{"line":76,"column":4}}},"5":{"name":"adminUpdateNameAndSymbol","line":83,"loc":{"start":{"line":78,"column":4},"end":{"line":87,"column":4}}},"6":{"name":"adminUpdateSettings","line":93,"loc":{"start":{"line":89,"column":4},"end":{"line":115,"column":4}}},"7":{"name":"adminCreatePool","line":127,"loc":{"start":{"line":119,"column":4},"end":{"line":136,"column":4}}},"8":{"name":"adminChangeCerUsdCreditInPool","line":149,"loc":{"start":{"line":143,"column":4},"end":{"line":170,"column":4}}}},"statementMap":{"1":{"start":{"line":23,"column":8},"end":{"line":23,"column":39}},"2":{"start":{"line":24,"column":8},"end":{"line":24,"column":33}},"3":{"start":{"line":25,"column":8},"end":{"line":25,"column":37}},"4":{"start":{"line":27,"column":8},"end":{"line":27,"column":17}},"5":{"start":{"line":35,"column":8},"end":{"line":35,"column":876}},"6":{"start":{"line":44,"column":8},"end":{"line":44,"column":1078}},"7":{"start":{"line":60,"column":8},"end":{"line":60,"column":1437}},"8":{"start":{"line":75,"column":8},"end":{"line":75,"column":32}},"9":{"start":{"line":85,"column":8},"end":{"line":85,"column":38}},"10":{"start":{"line":86,"column":8},"end":{"line":86,"column":42}},"11":{"start":{"line":95,"column":8},"end":{"line":95,"column":2134}},"12":{"start":{"line":100,"column":12},"end":{"line":100,"column":24}},"13":{"start":{"line":104,"column":8},"end":{"line":104,"column":2439}},"14":{"start":{"line":105,"column":12},"end":{"line":105,"column":24}},"15":{"start":{"line":109,"column":8},"end":{"line":109,"column":2611}},"16":{"start":{"line":110,"column":12},"end":{"line":110,"column":24}},"17":{"start":{"line":114,"column":8},"end":{"line":114,"column":27}},"18":{"start":{"line":129,"column":8},"end":{"line":129,"column":3224}},"19":{"start":{"line":151,"column":8},"end":{"line":151,"column":3917}},"20":{"start":{"line":156,"column":8},"end":{"line":156,"column":56}},"21":{"start":{"line":159,"column":8},"end":{"line":159,"column":4184}},"22":{"start":{"line":164,"column":8},"end":{"line":164,"column":4331}}},"branchMap":{"1":{"line":95,"type":"if","locations":[{"start":{"line":95,"column":8},"end":{"line":95,"column":8}},{"start":{"line":95,"column":8},"end":{"line":95,"column":8}}]},"2":{"line":104,"type":"if","locations":[{"start":{"line":104,"column":8},"end":{"line":104,"column":8}},{"start":{"line":104,"column":8},"end":{"line":104,"column":8}}]},"3":{"line":109,"type":"if","locations":[{"start":{"line":109,"column":8},"end":{"line":109,"column":8}},{"start":{"line":109,"column":8},"end":{"line":109,"column":8}}]}}},"contracts/CerbySwapV1_Declarations.sol":{"l":{},"path":"/Users/vm06007/Development/sol-cerby-swap-v1/contracts/CerbySwapV1_Declarations.sol","s":{},"b":{},"f":{},"fnMap":{},"statementMap":{},"branchMap":{}},"contracts/CerbySwapV1_ERC1155.sol":{"l":{"18":1,"26":1,"34":0,"42":0,"43":0,"46":0,"47":0,"50":0,"60":1,"75":0,"94":0,"110":1,"112":1,"113":1,"115":1,"116":3,"117":3,"120":1,"121":1,"123":1,"125":1,"126":3,"127":3,"130":1},"path":"/Users/vm06007/Development/sol-cerby-swap-v1/contracts/CerbySwapV1_ERC1155.sol","s":{"1":1,"2":1,"3":0,"4":0,"5":0,"6":0,"7":0,"8":0,"9":1,"10":0,"11":0,"12":1,"13":0,"14":1,"15":1,"16":1,"17":3,"18":1,"19":1,"20":1,"21":1,"22":3,"23":3,"24":1},"b":{"1":[0,1]},"f":{"1":1,"2":1,"3":0,"4":0,"5":1,"6":0,"7":0,"8":1},"fnMap":{"1":{"name":"name","line":13,"loc":{"start":{"line":13,"column":4},"end":{"line":19,"column":4}}},"2":{"name":"symbol","line":21,"loc":{"start":{"line":21,"column":4},"end":{"line":27,"column":4}}},"3":{"name":"decimals","line":29,"loc":{"start":{"line":29,"column":4},"end":{"line":35,"column":4}}},"4":{"name":"totalSupply","line":37,"loc":{"start":{"line":37,"column":4},"end":{"line":51,"column":4}}},"5":{"name":"uri","line":53,"loc":{"start":{"line":53,"column":4},"end":{"line":66,"column":4}}},"6":{"name":"setApprovalForAll","line":73,"loc":{"start":{"line":68,"column":4},"end":{"line":80,"column":4}}},"7":{"name":"safeTransferFrom","line":92,"loc":{"start":{"line":83,"column":4},"end":{"line":101,"column":4}}},"8":{"name":"uint2str","line":103,"loc":{"start":{"line":103,"column":4},"end":{"line":131,"column":4}}}},"statementMap":{"1":{"start":{"line":18,"column":8},"end":{"line":18,"column":27}},"2":{"start":{"line":26,"column":8},"end":{"line":26,"column":29}},"3":{"start":{"line":34,"column":8},"end":{"line":34,"column":17}},"4":{"start":{"line":42,"column":8},"end":{"line":42,"column":17}},"5":{"start":{"line":43,"column":8},"end":{"line":43,"column":33}},"6":{"start":{"line":46,"column":8},"end":{"line":46,"column":953}},"7":{"start":{"line":47,"column":12},"end":{"line":47,"column":54}},"8":{"start":{"line":50,"column":8},"end":{"line":50,"column":32}},"9":{"start":{"line":60,"column":8},"end":{"line":60,"column":1222}},"10":{"start":{"line":75,"column":8},"end":{"line":75,"column":1507}},"11":{"start":{"line":94,"column":8},"end":{"line":94,"column":1859}},"12":{"start":{"line":110,"column":8},"end":{"line":110,"column":31}},"13":{"start":{"line":110,"column":21},"end":{"line":110,"column":31}},"14":{"start":{"line":112,"column":8},"end":{"line":112,"column":22}},"15":{"start":{"line":113,"column":8},"end":{"line":113,"column":22}},"16":{"start":{"line":115,"column":8},"end":{"line":115,"column":2198}},"17":{"start":{"line":117,"column":12},"end":{"line":117,"column":18}},"18":{"start":{"line":120,"column":8},"end":{"line":120,"column":45}},"19":{"start":{"line":121,"column":8},"end":{"line":121,"column":26}},"20":{"start":{"line":123,"column":8},"end":{"line":123,"column":13}},"21":{"start":{"line":125,"column":8},"end":{"line":125,"column":2370}},"22":{"start":{"line":126,"column":12},"end":{"line":126,"column":49}},"23":{"start":{"line":127,"column":12},"end":{"line":127,"column":18}},"24":{"start":{"line":130,"column":8},"end":{"line":130,"column":25}}},"branchMap":{"1":{"line":110,"type":"if","locations":[{"start":{"line":110,"column":8},"end":{"line":110,"column":8}},{"start":{"line":110,"column":8},"end":{"line":110,"column":8}}]}}},"contracts/CerbySwapV1_EventsAndErrors.sol":{"l":{},"path":"/Users/vm06007/Development/sol-cerby-swap-v1/contracts/CerbySwapV1_EventsAndErrors.sol","s":{},"b":{},"f":{},"fnMap":{},"statementMap":{},"branchMap":{}},"contracts/CerbySwapV1_GetFunctions.sol":{"l":{"19":9,"27":0,"37":3,"38":3,"39":3,"40":3,"42":3,"52":115,"53":115,"54":115,"55":115,"57":115,"68":4,"70":4,"74":4,"93":44,"95":19,"103":25,"105":17,"114":8,"120":8,"139":32,"141":14,"149":18,"151":14,"160":4,"165":4,"177":212,"191":121,"192":121,"194":121,"197":726,"198":605,"204":121,"209":121,"213":121,"217":121,"218":105,"221":16,"222":7,"225":9,"241":67,"243":67,"262":53,"281":120,"284":120,"299":42,"301":42,"320":42,"339":84},"path":"/Users/vm06007/Development/sol-cerby-swap-v1/contracts/CerbySwapV1_GetFunctions.sol","s":{"1":9,"2":0,"3":3,"4":3,"5":3,"6":3,"7":3,"8":115,"9":115,"10":115,"11":115,"12":115,"13":4,"14":4,"15":4,"16":44,"17":19,"18":25,"19":17,"20":8,"21":8,"22":32,"23":14,"24":18,"25":14,"26":4,"27":4,"28":212,"29":121,"30":121,"31":121,"32":726,"33":605,"34":121,"35":121,"36":121,"37":121,"38":105,"39":16,"40":7,"41":9,"42":67,"43":67,"44":53,"45":120,"46":120,"47":42,"48":42,"49":42,"50":84},"b":{"1":[19,25],"2":[17,8],"3":[14,18],"4":[14,4],"5":[121,605],"6":[105,16],"7":[7,9]},"f":{"1":9,"2":0,"3":3,"4":115,"5":4,"6":44,"7":32,"8":212,"9":121,"10":67,"11":53,"12":120,"13":42,"14":42,"15":84},"fnMap":{"1":{"name":"getTokenToPoolId","line":12,"loc":{"start":{"line":12,"column":4},"end":{"line":20,"column":4}}},"2":{"name":"getSettings","line":22,"loc":{"start":{"line":22,"column":4},"end":{"line":28,"column":4}}},"3":{"name":"getPoolsByTokens","line":30,"loc":{"start":{"line":30,"column":4},"end":{"line":43,"column":4}}},"4":{"name":"getPoolsBalancesByTokens","line":45,"loc":{"start":{"line":45,"column":4},"end":{"line":58,"column":4}}},"5":{"name":"getCurrentOneMinusFeeBasedOnTrades","line":60,"loc":{"start":{"line":60,"column":4},"end":{"line":78,"column":4}}},"6":{"name":"getOutputExactTokensForTokens","line":80,"loc":{"start":{"line":80,"column":4},"end":{"line":124,"column":4}}},"7":{"name":"getInputTokensForExactTokens","line":126,"loc":{"start":{"line":126,"column":4},"end":{"line":170,"column":4}}},"8":{"name":"_getCurrentPeriod","line":172,"loc":{"start":{"line":172,"column":4},"end":{"line":180,"column":4}}},"9":{"name":"_getCurrentOneMinusFeeBasedOnTrades","line":182,"loc":{"start":{"line":182,"column":4},"end":{"line":229,"column":4}}},"10":{"name":"_getOutputExactTokensForCerUsd","line":231,"loc":{"start":{"line":231,"column":4},"end":{"line":252,"column":4}}},"11":{"name":"_getOutputExactCerUsdForTokens","line":254,"loc":{"start":{"line":254,"column":4},"end":{"line":268,"column":4}}},"12":{"name":"_getOutput","line":270,"loc":{"start":{"line":270,"column":4},"end":{"line":287,"column":4}}},"13":{"name":"_getInputTokensForExactCerUsd","line":289,"loc":{"start":{"line":289,"column":4},"end":{"line":310,"column":4}}},"14":{"name":"_getInputCerUsdForExactTokens","line":312,"loc":{"start":{"line":312,"column":4},"end":{"line":326,"column":4}}},"15":{"name":"_getInput","line":328,"loc":{"start":{"line":328,"column":4},"end":{"line":345,"column":4}}}},"statementMap":{"1":{"start":{"line":19,"column":8},"end":{"line":19,"column":36}},"2":{"start":{"line":27,"column":8},"end":{"line":27,"column":23}},"3":{"start":{"line":37,"column":8},"end":{"line":37,"column":62}},"4":{"start":{"line":38,"column":8},"end":{"line":38,"column":767}},"5":{"start":{"line":39,"column":12},"end":{"line":39,"column":38}},"6":{"start":{"line":40,"column":12},"end":{"line":40,"column":55}},"7":{"start":{"line":42,"column":8},"end":{"line":42,"column":26}},"8":{"start":{"line":52,"column":8},"end":{"line":52,"column":78}},"9":{"start":{"line":53,"column":8},"end":{"line":53,"column":1197}},"10":{"start":{"line":54,"column":12},"end":{"line":54,"column":38}},"11":{"start":{"line":55,"column":12},"end":{"line":55,"column":51}},"12":{"start":{"line":57,"column":8},"end":{"line":57,"column":26}},"13":{"start":{"line":68,"column":8},"end":{"line":68,"column":56}},"14":{"start":{"line":70,"column":8},"end":{"line":70,"column":1659}},"15":{"start":{"line":74,"column":8},"end":{"line":74,"column":1751}},"16":{"start":{"line":93,"column":8},"end":{"line":93,"column":2209}},"17":{"start":{"line":95,"column":12},"end":{"line":95,"column":2297}},"18":{"start":{"line":103,"column":8},"end":{"line":103,"column":2503}},"19":{"start":{"line":105,"column":12},"end":{"line":105,"column":2590}},"20":{"start":{"line":114,"column":8},"end":{"line":114,"column":2899}},"21":{"start":{"line":120,"column":8},"end":{"line":120,"column":3067}},"22":{"start":{"line":139,"column":8},"end":{"line":139,"column":3511}},"23":{"start":{"line":141,"column":12},"end":{"line":141,"column":3599}},"24":{"start":{"line":149,"column":8},"end":{"line":149,"column":3805}},"25":{"start":{"line":151,"column":12},"end":{"line":151,"column":3892}},"26":{"start":{"line":160,"column":8},"end":{"line":160,"column":4201}},"27":{"start":{"line":165,"column":8},"end":{"line":165,"column":4348}},"28":{"start":{"line":177,"column":8},"end":{"line":177,"column":4625}},"29":{"start":{"line":191,"column":8},"end":{"line":191,"column":51}},"30":{"start":{"line":192,"column":8},"end":{"line":192,"column":22}},"31":{"start":{"line":194,"column":8},"end":{"line":194,"column":5028}},"32":{"start":{"line":197,"column":12},"end":{"line":197,"column":44}},"33":{"start":{"line":198,"column":12},"end":{"line":198,"column":58}},"34":{"start":{"line":204,"column":8},"end":{"line":204,"column":82}},"35":{"start":{"line":209,"column":8},"end":{"line":209,"column":5813}},"36":{"start":{"line":213,"column":8},"end":{"line":213,"column":5957}},"37":{"start":{"line":217,"column":8},"end":{"line":217,"column":6074}},"38":{"start":{"line":218,"column":12},"end":{"line":218,"column":60}},"39":{"start":{"line":221,"column":8},"end":{"line":221,"column":6197}},"40":{"start":{"line":222,"column":12},"end":{"line":222,"column":60}},"41":{"start":{"line":225,"column":8},"end":{"line":225,"column":6367}},"42":{"start":{"line":241,"column":8},"end":{"line":241,"column":56}},"43":{"start":{"line":243,"column":8},"end":{"line":243,"column":6902}},"44":{"start":{"line":262,"column":8},"end":{"line":262,"column":7374}},"45":{"start":{"line":281,"column":8},"end":{"line":281,"column":7973}},"46":{"start":{"line":284,"column":8},"end":{"line":284,"column":8078}},"47":{"start":{"line":299,"column":8},"end":{"line":299,"column":56}},"48":{"start":{"line":301,"column":8},"end":{"line":301,"column":8492}},"49":{"start":{"line":320,"column":8},"end":{"line":320,"column":8964}},"50":{"start":{"line":339,"column":8},"end":{"line":339,"column":9552}}},"branchMap":{"1":{"line":93,"type":"if","locations":[{"start":{"line":93,"column":8},"end":{"line":93,"column":8}},{"start":{"line":93,"column":8},"end":{"line":93,"column":8}}]},"2":{"line":103,"type":"if","locations":[{"start":{"line":103,"column":8},"end":{"line":103,"column":8}},{"start":{"line":103,"column":8},"end":{"line":103,"column":8}}]},"3":{"line":139,"type":"if","locations":[{"start":{"line":139,"column":8},"end":{"line":139,"column":8}},{"start":{"line":139,"column":8},"end":{"line":139,"column":8}}]},"4":{"line":149,"type":"if","locations":[{"start":{"line":149,"column":8},"end":{"line":149,"column":8}},{"start":{"line":149,"column":8},"end":{"line":149,"column":8}}]},"5":{"line":197,"type":"if","locations":[{"start":{"line":197,"column":12},"end":{"line":197,"column":12}},{"start":{"line":197,"column":12},"end":{"line":197,"column":12}}]},"6":{"line":217,"type":"if","locations":[{"start":{"line":217,"column":8},"end":{"line":217,"column":8}},{"start":{"line":217,"column":8},"end":{"line":217,"column":8}}]},"7":{"line":221,"type":"if","locations":[{"start":{"line":221,"column":8},"end":{"line":221,"column":8}},{"start":{"line":221,"column":8},"end":{"line":221,"column":8}}]}}},"contracts/CerbySwapV1_LiquidityFunctions.sol":{"l":{"26":1,"28":1,"33":1,"35":1,"40":1,"47":1,"65":0,"85":3,"89":3,"96":3,"104":3,"110":3,"115":3,"117":0,"118":0,"123":3,"125":3,"126":18,"129":3,"133":3,"142":3,"143":3,"146":3,"149":3,"156":3,"159":3,"166":3,"173":3,"181":3,"203":5,"204":5,"206":5,"211":5,"216":5,"224":5,"229":5,"232":5,"233":0,"234":0,"238":5,"245":5,"252":5,"256":5,"264":5,"268":5,"269":0,"273":5,"279":5,"284":5,"292":5,"299":5,"317":7,"334":7,"335":7,"337":7,"342":7,"344":7,"349":7,"354":7,"362":7,"369":7,"374":7,"379":7,"386":7,"390":7,"397":7,"405":7,"413":7,"420":7,"432":12,"436":12,"441":7,"451":5},"path":"/Users/vm06007/Development/sol-cerby-swap-v1/contracts/CerbySwapV1_LiquidityFunctions.sol","s":{"1":1,"2":1,"3":1,"4":1,"5":1,"6":1,"7":0,"8":3,"9":3,"10":3,"11":3,"12":3,"13":3,"14":0,"15":3,"16":3,"17":18,"18":3,"19":3,"20":3,"21":3,"22":3,"23":3,"24":3,"25":3,"26":3,"27":3,"28":3,"29":5,"30":5,"31":5,"32":5,"33":5,"34":5,"35":5,"36":5,"37":0,"38":5,"39":5,"40":5,"41":5,"42":5,"43":5,"44":5,"45":5,"46":5,"47":5,"48":5,"49":7,"50":7,"51":7,"52":7,"53":7,"54":7,"55":7,"56":7,"57":7,"58":7,"59":7,"60":7,"61":7,"62":7,"63":7,"64":7,"65":7,"66":7,"67":12,"68":12,"69":7,"70":5},"b":{"1":[1,0],"2":[0,3],"3":[0,5],"4":[0,5],"5":[7,5]},"f":{"1":1,"2":0,"3":3,"4":5,"5":7,"6":7,"7":12},"fnMap":{"1":{"name":"increaseCerUsdCreditInPool","line":19,"loc":{"start":{"line":19,"column":4},"end":{"line":53,"column":4}}},"2":{"name":"createPool","line":56,"loc":{"start":{"line":56,"column":4},"end":{"line":72,"column":4}}},"3":{"name":"_createPool","line":82,"loc":{"start":{"line":74,"column":4},"end":{"line":187,"column":4}}},"4":{"name":"addTokenLiquidity","line":198,"loc":{"start":{"line":189,"column":4},"end":{"line":300,"column":4}}},"5":{"name":"removeTokenLiquidity","line":310,"loc":{"start":{"line":302,"column":4},"end":{"line":322,"column":4}}},"6":{"name":"_removeTokenLiquidity","line":325,"loc":{"start":{"line":325,"column":4},"end":{"line":421,"column":4}}},"7":{"name":"_getMintFeeLiquidityAmount","line":423,"loc":{"start":{"line":423,"column":4},"end":{"line":452,"column":4}}}},"statementMap":{"1":{"start":{"line":26,"column":8},"end":{"line":26,"column":56}},"2":{"start":{"line":28,"column":8},"end":{"line":28,"column":788}},"3":{"start":{"line":33,"column":8},"end":{"line":33,"column":956}},"4":{"start":{"line":35,"column":12},"end":{"line":35,"column":1073}},"5":{"start":{"line":40,"column":12},"end":{"line":40,"column":1258}},"6":{"start":{"line":47,"column":8},"end":{"line":47,"column":1473}},"7":{"start":{"line":65,"column":8},"end":{"line":65,"column":1968}},"8":{"start":{"line":85,"column":8},"end":{"line":85,"column":2550}},"9":{"start":{"line":89,"column":8},"end":{"line":89,"column":2623}},"10":{"start":{"line":96,"column":8},"end":{"line":96,"column":2916}},"11":{"start":{"line":104,"column":8},"end":{"line":104,"column":3129}},"12":{"start":{"line":110,"column":8},"end":{"line":110,"column":3310}},"13":{"start":{"line":115,"column":8},"end":{"line":115,"column":3411}},"14":{"start":{"line":117,"column":12},"end":{"line":117,"column":22}},"15":{"start":{"line":123,"column":8},"end":{"line":123,"column":75}},"16":{"start":{"line":125,"column":8},"end":{"line":125,"column":3921}},"17":{"start":{"line":126,"column":12},"end":{"line":126,"column":46}},"18":{"start":{"line":129,"column":8},"end":{"line":129,"column":4042}},"19":{"start":{"line":133,"column":8},"end":{"line":133,"column":4143}},"20":{"start":{"line":142,"column":8},"end":{"line":142,"column":37}},"21":{"start":{"line":143,"column":8},"end":{"line":143,"column":23}},"22":{"start":{"line":146,"column":8},"end":{"line":146,"column":37}},"23":{"start":{"line":149,"column":8},"end":{"line":149,"column":4801}},"24":{"start":{"line":156,"column":8},"end":{"line":156,"column":4964}},"25":{"start":{"line":159,"column":8},"end":{"line":159,"column":5016}},"26":{"start":{"line":166,"column":8},"end":{"line":166,"column":5194}},"27":{"start":{"line":173,"column":8},"end":{"line":173,"column":5367}},"28":{"start":{"line":181,"column":8},"end":{"line":181,"column":5576}},"29":{"start":{"line":203,"column":8},"end":{"line":203,"column":46}},"30":{"start":{"line":204,"column":8},"end":{"line":204,"column":41}},"31":{"start":{"line":206,"column":8},"end":{"line":206,"column":6270}},"32":{"start":{"line":211,"column":8},"end":{"line":211,"column":6414}},"33":{"start":{"line":216,"column":8},"end":{"line":216,"column":6574}},"34":{"start":{"line":224,"column":8},"end":{"line":224,"column":6770}},"35":{"start":{"line":229,"column":8},"end":{"line":229,"column":6965}},"36":{"start":{"line":232,"column":8},"end":{"line":232,"column":7034}},"37":{"start":{"line":233,"column":12},"end":{"line":233,"column":22}},"38":{"start":{"line":238,"column":8},"end":{"line":238,"column":7340}},"39":{"start":{"line":245,"column":8},"end":{"line":245,"column":7644}},"40":{"start":{"line":252,"column":8},"end":{"line":252,"column":7836}},"41":{"start":{"line":256,"column":8},"end":{"line":256,"column":7932}},"42":{"start":{"line":264,"column":8},"end":{"line":264,"column":8215}},"43":{"start":{"line":268,"column":8},"end":{"line":268,"column":8326}},"44":{"start":{"line":273,"column":8},"end":{"line":273,"column":8496}},"45":{"start":{"line":279,"column":8},"end":{"line":279,"column":8665}},"46":{"start":{"line":284,"column":8},"end":{"line":284,"column":8870}},"47":{"start":{"line":292,"column":8},"end":{"line":292,"column":9078}},"48":{"start":{"line":299,"column":8},"end":{"line":299,"column":23}},"49":{"start":{"line":317,"column":8},"end":{"line":317,"column":9904}},"50":{"start":{"line":334,"column":8},"end":{"line":334,"column":46}},"51":{"start":{"line":335,"column":8},"end":{"line":335,"column":41}},"52":{"start":{"line":337,"column":8},"end":{"line":337,"column":10447}},"53":{"start":{"line":342,"column":8},"end":{"line":342,"column":59}},"54":{"start":{"line":344,"column":8},"end":{"line":344,"column":10677}},"55":{"start":{"line":349,"column":8},"end":{"line":349,"column":10864}},"56":{"start":{"line":354,"column":8},"end":{"line":354,"column":11067}},"57":{"start":{"line":362,"column":8},"end":{"line":362,"column":11395}},"58":{"start":{"line":369,"column":8},"end":{"line":369,"column":11557}},"59":{"start":{"line":374,"column":8},"end":{"line":374,"column":11759}},"60":{"start":{"line":379,"column":8},"end":{"line":379,"column":11953}},"61":{"start":{"line":386,"column":8},"end":{"line":386,"column":12092}},"62":{"start":{"line":390,"column":8},"end":{"line":390,"column":12185}},"63":{"start":{"line":397,"column":8},"end":{"line":397,"column":12424}},"64":{"start":{"line":405,"column":8},"end":{"line":405,"column":12691}},"65":{"start":{"line":413,"column":8},"end":{"line":413,"column":12921}},"66":{"start":{"line":420,"column":8},"end":{"line":420,"column":30}},"67":{"start":{"line":432,"column":8},"end":{"line":432,"column":13375}},"68":{"start":{"line":436,"column":8},"end":{"line":436,"column":13467}},"69":{"start":{"line":441,"column":12},"end":{"line":441,"column":13617}},"70":{"start":{"line":451,"column":8},"end":{"line":451,"column":16}}},"branchMap":{"1":{"line":33,"type":"if","locations":[{"start":{"line":33,"column":8},"end":{"line":33,"column":8}},{"start":{"line":33,"column":8},"end":{"line":33,"column":8}}]},"2":{"line":115,"type":"if","locations":[{"start":{"line":115,"column":8},"end":{"line":115,"column":8}},{"start":{"line":115,"column":8},"end":{"line":115,"column":8}}]},"3":{"line":232,"type":"if","locations":[{"start":{"line":232,"column":8},"end":{"line":232,"column":8}},{"start":{"line":232,"column":8},"end":{"line":232,"column":8}}]},"4":{"line":268,"type":"if","locations":[{"start":{"line":268,"column":8},"end":{"line":268,"column":8}},{"start":{"line":268,"column":8},"end":{"line":268,"column":8}}]},"5":{"line":436,"type":"if","locations":[{"start":{"line":436,"column":8},"end":{"line":436,"column":8}},{"start":{"line":436,"column":8},"end":{"line":436,"column":8}}]}}},"contracts/CerbySwapV1_Math.sol":{"l":{"14":27,"15":27,"16":27,"17":27,"18":2169,"19":2169,"22":0},"path":"/Users/vm06007/Development/sol-cerby-swap-v1/contracts/CerbySwapV1_Math.sol","s":{"1":27,"2":27,"3":27,"4":27,"5":2169,"6":2169,"7":0,"8":0},"b":{"1":[27,0],"2":[0,0]},"f":{"1":27},"fnMap":{"1":{"name":"sqrt","line":7,"loc":{"start":{"line":7,"column":4},"end":{"line":24,"column":4}}}},"statementMap":{"1":{"start":{"line":14,"column":8},"end":{"line":14,"column":227}},"2":{"start":{"line":15,"column":12},"end":{"line":15,"column":17}},"3":{"start":{"line":16,"column":12},"end":{"line":16,"column":34}},"4":{"start":{"line":17,"column":12},"end":{"line":17,"column":313}},"5":{"start":{"line":18,"column":16},"end":{"line":18,"column":20}},"6":{"start":{"line":19,"column":16},"end":{"line":19,"column":35}},"7":{"start":{"line":21,"column":15},"end":{"line":21,"column":415}},"8":{"start":{"line":22,"column":12},"end":{"line":22,"column":16}}},"branchMap":{"1":{"line":14,"type":"if","locations":[{"start":{"line":14,"column":8},"end":{"line":14,"column":8}},{"start":{"line":14,"column":8},"end":{"line":14,"column":8}}]},"2":{"line":21,"type":"if","locations":[{"start":{"line":21,"column":15},"end":{"line":21,"column":15}},{"start":{"line":21,"column":15},"end":{"line":21,"column":15}}]}}},"contracts/CerbySwapV1_MinimalProxy.sol":{"l":{"18":772,"22":772,"24":772,"25":772,"27":772,"44":772,"53":3,"59":3,"63":3,"64":3,"83":3},"path":"/Users/vm06007/Development/sol-cerby-swap-v1/contracts/CerbySwapV1_MinimalProxy.sol","s":{"1":772,"2":772,"3":772,"4":772,"5":772,"6":3,"7":3,"8":3,"9":3},"b":{},"f":{"1":772,"2":3},"fnMap":{"1":{"name":"getVaultCloneAddressByToken","line":11,"loc":{"start":{"line":11,"column":4},"end":{"line":45,"column":4}}},"2":{"name":"cloneVault","line":47,"loc":{"start":{"line":47,"column":4},"end":{"line":84,"column":4}}}},"statementMap":{"1":{"start":{"line":18,"column":8},"end":{"line":18,"column":421}},"2":{"start":{"line":22,"column":8},"end":{"line":22,"column":39}},"3":{"start":{"line":24,"column":8},"end":{"line":24,"column":58}},"4":{"start":{"line":25,"column":8},"end":{"line":25,"column":33}},"5":{"start":{"line":44,"column":8},"end":{"line":44,"column":32}},"6":{"start":{"line":53,"column":8},"end":{"line":53,"column":1424}},"7":{"start":{"line":59,"column":8},"end":{"line":59,"column":1537}},"8":{"start":{"line":63,"column":8},"end":{"line":63,"column":34}},"9":{"start":{"line":83,"column":8},"end":{"line":83,"column":33}}},"branchMap":{}},"contracts/CerbySwapV1_Modifiers.sol":{"l":{"12":13,"13":0,"14":0,"16":13,"22":3,"23":0,"25":3,"31":126,"32":4,"33":0,"35":122},"path":"/Users/vm06007/Development/sol-cerby-swap-v1/contracts/CerbySwapV1_Modifiers.sol","s":{"1":13,"2":0,"3":3,"4":126,"5":4},"b":{"1":[0,13],"2":[0,3],"3":[4,122]},"f":{"1":13,"2":3,"3":126},"fnMap":{"1":{"name":"tokenMustExistInPool","line":9,"loc":{"start":{"line":9,"column":4},"end":{"line":17,"column":4}}},"2":{"name":"tokenDoesNotExistInPool","line":19,"loc":{"start":{"line":19,"column":4},"end":{"line":26,"column":4}}},"3":{"name":"transactionIsNotExpired","line":28,"loc":{"start":{"line":28,"column":4},"end":{"line":36,"column":4}}}},"statementMap":{"1":{"start":{"line":12,"column":8},"end":{"line":12,"column":260}},"2":{"start":{"line":13,"column":12},"end":{"line":13,"column":22}},"3":{"start":{"line":22,"column":8},"end":{"line":22,"column":577}},"4":{"start":{"line":31,"column":8},"end":{"line":31,"column":801}},"5":{"start":{"line":32,"column":12},"end":{"line":32,"column":22}}},"branchMap":{"1":{"line":12,"type":"if","locations":[{"start":{"line":12,"column":8},"end":{"line":12,"column":8}},{"start":{"line":12,"column":8},"end":{"line":12,"column":8}}]},"2":{"line":22,"type":"if","locations":[{"start":{"line":22,"column":8},"end":{"line":22,"column":8}},{"start":{"line":22,"column":8},"end":{"line":22,"column":8}}]},"3":{"line":31,"type":"if","locations":[{"start":{"line":31,"column":8},"end":{"line":31,"column":8}},{"start":{"line":31,"column":8},"end":{"line":31,"column":8}}]}}},"contracts/CerbySwapV1_SafeFunctions.sol":{"l":{"21":434,"25":434,"39":871,"52":271,"53":0,"56":271,"57":88,"61":183,"63":153,"69":153,"73":30,"76":18,"79":18,"80":2,"81":0,"86":16,"87":10,"93":16,"98":16,"102":12,"107":12,"119":153,"129":153,"130":0,"131":0,"142":26,"145":26,"146":0,"147":0},"path":"/Users/vm06007/Development/sol-cerby-swap-v1/contracts/CerbySwapV1_SafeFunctions.sol","s":{"1":434,"2":434,"3":871,"4":271,"5":0,"6":271,"7":88,"8":183,"9":153,"10":153,"11":30,"12":18,"13":18,"14":2,"15":16,"16":10,"17":16,"18":16,"19":12,"20":12,"21":153,"22":153,"23":0,"24":26,"25":26,"26":0},"b":{"1":[0,271],"2":[88,183],"3":[153,30],"4":[18,12],"5":[2,16],"6":[10,6],"7":[0,153],"8":[0,26]},"f":{"1":434,"2":871,"3":271,"4":153,"5":26},"fnMap":{"1":{"name":"_getPoolBalances","line":14,"loc":{"start":{"line":14,"column":4},"end":{"line":29,"column":4}}},"2":{"name":"_getTokenBalance","line":31,"loc":{"start":{"line":31,"column":4},"end":{"line":42,"column":4}}},"3":{"name":"_safeTransferFromHelper","line":44,"loc":{"start":{"line":44,"column":4},"end":{"line":108,"column":4}}},"4":{"name":"_safeCoreTransferFrom","line":110,"loc":{"start":{"line":110,"column":4},"end":{"line":133,"column":4}}},"5":{"name":"_safeCoreTransferNative","line":135,"loc":{"start":{"line":135,"column":4},"end":{"line":149,"column":4}}}},"statementMap":{"1":{"start":{"line":21,"column":8},"end":{"line":21,"column":512}},"2":{"start":{"line":25,"column":8},"end":{"line":25,"column":596}},"3":{"start":{"line":39,"column":8},"end":{"line":39,"column":925}},"4":{"start":{"line":52,"column":8},"end":{"line":52,"column":1173}},"5":{"start":{"line":53,"column":12},"end":{"line":53,"column":26}},"6":{"start":{"line":56,"column":8},"end":{"line":56,"column":1241}},"7":{"start":{"line":57,"column":12},"end":{"line":57,"column":18}},"8":{"start":{"line":61,"column":8},"end":{"line":61,"column":1485}},"9":{"start":{"line":63,"column":12},"end":{"line":63,"column":1597}},"10":{"start":{"line":69,"column":12},"end":{"line":69,"column":18}},"11":{"start":{"line":73,"column":8},"end":{"line":73,"column":1810}},"12":{"start":{"line":76,"column":12},"end":{"line":76,"column":57}},"13":{"start":{"line":79,"column":12},"end":{"line":79,"column":2083}},"14":{"start":{"line":80,"column":16},"end":{"line":80,"column":28}},"15":{"start":{"line":86,"column":12},"end":{"line":86,"column":2468}},"16":{"start":{"line":87,"column":16},"end":{"line":87,"column":2525}},"17":{"start":{"line":93,"column":12},"end":{"line":93,"column":2674}},"18":{"start":{"line":98,"column":12},"end":{"line":98,"column":18}},"19":{"start":{"line":102,"column":8},"end":{"line":102,"column":2840}},"20":{"start":{"line":107,"column":8},"end":{"line":107,"column":14}},"21":{"start":{"line":119,"column":8},"end":{"line":119,"column":3273}},"22":{"start":{"line":129,"column":8},"end":{"line":129,"column":3563}},"23":{"start":{"line":130,"column":12},"end":{"line":130,"column":23}},"24":{"start":{"line":142,"column":8},"end":{"line":142,"column":64}},"25":{"start":{"line":145,"column":8},"end":{"line":145,"column":4071}},"26":{"start":{"line":146,"column":12},"end":{"line":146,"column":23}}},"branchMap":{"1":{"line":52,"type":"if","locations":[{"start":{"line":52,"column":8},"end":{"line":52,"column":8}},{"start":{"line":52,"column":8},"end":{"line":52,"column":8}}]},"2":{"line":56,"type":"if","locations":[{"start":{"line":56,"column":8},"end":{"line":56,"column":8}},{"start":{"line":56,"column":8},"end":{"line":56,"column":8}}]},"3":{"line":61,"type":"if","locations":[{"start":{"line":61,"column":8},"end":{"line":61,"column":8}},{"start":{"line":61,"column":8},"end":{"line":61,"column":8}}]},"4":{"line":73,"type":"if","locations":[{"start":{"line":73,"column":8},"end":{"line":73,"column":8}},{"start":{"line":73,"column":8},"end":{"line":73,"column":8}}]},"5":{"line":79,"type":"if","locations":[{"start":{"line":79,"column":12},"end":{"line":79,"column":12}},{"start":{"line":79,"column":12},"end":{"line":79,"column":12}}]},"6":{"line":86,"type":"if","locations":[{"start":{"line":86,"column":12},"end":{"line":86,"column":12}},{"start":{"line":86,"column":12},"end":{"line":86,"column":12}}]},"7":{"line":129,"type":"if","locations":[{"start":{"line":129,"column":8},"end":{"line":129,"column":8}},{"start":{"line":129,"column":8},"end":{"line":129,"column":8}}]},"8":{"line":145,"type":"if","locations":[{"start":{"line":145,"column":8},"end":{"line":145,"column":8}},{"start":{"line":145,"column":8},"end":{"line":145,"column":8}}]}}},"contracts/CerbySwapV1_SwapFunctions.sol":{"l":{"24":68,"25":4,"26":0,"30":64,"31":6,"32":0,"35":58,"39":58,"40":58,"42":58,"45":58,"47":30,"52":30,"59":30,"60":2,"61":0,"65":28,"73":28,"81":24,"85":28,"89":28,"91":28,"93":18,"98":18,"104":18,"105":2,"106":0,"110":16,"118":16,"126":16,"133":10,"138":10,"145":10,"149":10,"155":10,"156":2,"157":0,"161":8,"170":6,"179":6,"187":6,"205":42,"206":2,"207":0,"210":40,"214":40,"215":40,"217":40,"220":40,"222":16,"227":16,"234":16,"235":4,"236":0,"240":12,"241":2,"242":0,"246":10,"254":10,"262":10,"266":24,"270":24,"272":24,"274":14,"279":14,"285":14,"286":2,"287":0,"291":12,"292":2,"293":0,"297":10,"305":10,"313":10,"320":10,"325":10,"331":10,"332":2,"333":0,"337":8,"341":8,"348":8,"349":0,"350":0,"354":8,"355":0,"356":0,"360":8,"368":8,"377":8,"385":8,"397":92,"402":92,"406":92,"410":92,"411":0,"412":0,"416":92,"418":92,"422":4,"423":0,"426":88,"427":88,"429":88,"433":88,"437":48,"441":48,"448":8,"452":8,"453":11,"457":8,"464":8,"469":48,"473":88,"480":88,"489":88,"490":0,"491":0,"495":88,"496":0,"505":88,"508":27,"513":27,"520":88,"529":88,"537":88,"549":88},"path":"/Users/vm06007/Development/sol-cerby-swap-v1/contracts/CerbySwapV1_SwapFunctions.sol","s":{"1":68,"2":4,"3":64,"4":6,"5":58,"6":58,"7":58,"8":58,"9":58,"10":30,"11":30,"12":30,"13":2,"14":28,"15":28,"16":24,"17":28,"18":28,"19":28,"20":18,"21":18,"22":18,"23":2,"24":16,"25":16,"26":16,"27":10,"28":10,"29":10,"30":10,"31":10,"32":2,"33":8,"34":6,"35":6,"36":6,"37":42,"38":2,"39":40,"40":40,"41":40,"42":40,"43":40,"44":16,"45":16,"46":16,"47":4,"48":12,"49":2,"50":10,"51":10,"52":10,"53":24,"54":24,"55":24,"56":14,"57":14,"58":14,"59":2,"60":12,"61":2,"62":10,"63":10,"64":10,"65":10,"66":10,"67":10,"68":2,"69":8,"70":8,"71":8,"72":0,"73":8,"74":0,"75":8,"76":8,"77":8,"78":8,"79":92,"80":92,"81":92,"82":92,"83":0,"84":92,"85":92,"86":4,"87":88,"88":88,"89":88,"90":48,"91":48,"92":8,"93":8,"94":11,"95":8,"96":8,"97":48,"98":88,"99":88,"100":88,"101":0,"102":88,"103":0,"104":88,"105":27,"106":27,"107":88,"108":88,"109":88,"110":88},"b":{"1":[4,64],"2":[6,58],"3":[30,28],"4":[2,28],"5":[18,10],"6":[2,16],"7":[2,8],"8":[2,40],"9":[16,24],"10":[4,12],"11":[2,10],"12":[14,10],"13":[2,12],"14":[2,10],"15":[2,8],"16":[0,8],"17":[0,8],"18":[0,92],"19":[4,88],"20":[48,40],"21":[8,40],"22":[0,88],"23":[0,88],"24":[27,61]},"f":{"1":68,"2":42,"3":92},"fnMap":{"1":{"name":"swapExactTokensForTokens","line":19,"loc":{"start":{"line":9,"column":4},"end":{"line":188,"column":4}}},"2":{"name":"swapTokensForExactTokens","line":201,"loc":{"start":{"line":191,"column":4},"end":{"line":386,"column":4}}},"3":{"name":"_swap","line":388,"loc":{"start":{"line":388,"column":4},"end":{"line":555,"column":4}}}},"statementMap":{"1":{"start":{"line":24,"column":8},"end":{"line":24,"column":702}},"2":{"start":{"line":25,"column":12},"end":{"line":25,"column":22}},"3":{"start":{"line":30,"column":8},"end":{"line":30,"column":972}},"4":{"start":{"line":31,"column":12},"end":{"line":31,"column":22}},"5":{"start":{"line":35,"column":8},"end":{"line":35,"column":1238}},"6":{"start":{"line":39,"column":8},"end":{"line":39,"column":51}},"7":{"start":{"line":40,"column":8},"end":{"line":40,"column":35}},"8":{"start":{"line":42,"column":8},"end":{"line":42,"column":48}},"9":{"start":{"line":45,"column":8},"end":{"line":45,"column":1509}},"10":{"start":{"line":47,"column":12},"end":{"line":47,"column":1610}},"11":{"start":{"line":52,"column":12},"end":{"line":52,"column":1743}},"12":{"start":{"line":59,"column":12},"end":{"line":59,"column":1945}},"13":{"start":{"line":60,"column":16},"end":{"line":60,"column":26}},"14":{"start":{"line":65,"column":12},"end":{"line":65,"column":2246}},"15":{"start":{"line":73,"column":12},"end":{"line":73,"column":2457}},"16":{"start":{"line":81,"column":12},"end":{"line":81,"column":26}},"17":{"start":{"line":85,"column":8},"end":{"line":85,"column":2697}},"18":{"start":{"line":89,"column":8},"end":{"line":89,"column":49}},"19":{"start":{"line":91,"column":8},"end":{"line":91,"column":2845}},"20":{"start":{"line":93,"column":12},"end":{"line":93,"column":2945}},"21":{"start":{"line":98,"column":12},"end":{"line":98,"column":3080}},"22":{"start":{"line":104,"column":12},"end":{"line":104,"column":3257}},"23":{"start":{"line":105,"column":16},"end":{"line":105,"column":26}},"24":{"start":{"line":110,"column":12},"end":{"line":110,"column":3558}},"25":{"start":{"line":118,"column":12},"end":{"line":118,"column":3770}},"26":{"start":{"line":126,"column":12},"end":{"line":126,"column":26}},"27":{"start":{"line":133,"column":8},"end":{"line":133,"column":4175}},"28":{"start":{"line":138,"column":8},"end":{"line":138,"column":4294}},"29":{"start":{"line":145,"column":8},"end":{"line":145,"column":4504}},"30":{"start":{"line":149,"column":8},"end":{"line":149,"column":4588}},"31":{"start":{"line":155,"column":8},"end":{"line":155,"column":4745}},"32":{"start":{"line":156,"column":12},"end":{"line":156,"column":22}},"33":{"start":{"line":161,"column":8},"end":{"line":161,"column":5012}},"34":{"start":{"line":170,"column":8},"end":{"line":170,"column":5264}},"35":{"start":{"line":179,"column":8},"end":{"line":179,"column":5455}},"36":{"start":{"line":187,"column":8},"end":{"line":187,"column":22}},"37":{"start":{"line":205,"column":8},"end":{"line":205,"column":6104}},"38":{"start":{"line":206,"column":12},"end":{"line":206,"column":22}},"39":{"start":{"line":210,"column":8},"end":{"line":210,"column":6288}},"40":{"start":{"line":214,"column":8},"end":{"line":214,"column":51}},"41":{"start":{"line":215,"column":8},"end":{"line":215,"column":36}},"42":{"start":{"line":217,"column":8},"end":{"line":217,"column":48}},"43":{"start":{"line":220,"column":8},"end":{"line":220,"column":6561}},"44":{"start":{"line":222,"column":12},"end":{"line":222,"column":6662}},"45":{"start":{"line":227,"column":12},"end":{"line":227,"column":6795}},"46":{"start":{"line":234,"column":12},"end":{"line":234,"column":6997}},"47":{"start":{"line":235,"column":16},"end":{"line":235,"column":26}},"48":{"start":{"line":240,"column":12},"end":{"line":240,"column":7293}},"49":{"start":{"line":241,"column":16},"end":{"line":241,"column":26}},"50":{"start":{"line":246,"column":12},"end":{"line":246,"column":7551}},"51":{"start":{"line":254,"column":12},"end":{"line":254,"column":7757}},"52":{"start":{"line":262,"column":12},"end":{"line":262,"column":26}},"53":{"start":{"line":266,"column":8},"end":{"line":266,"column":8004}},"54":{"start":{"line":270,"column":8},"end":{"line":270,"column":49}},"55":{"start":{"line":272,"column":8},"end":{"line":272,"column":8152}},"56":{"start":{"line":274,"column":12},"end":{"line":274,"column":8252}},"57":{"start":{"line":279,"column":12},"end":{"line":279,"column":8387}},"58":{"start":{"line":285,"column":12},"end":{"line":285,"column":8564}},"59":{"start":{"line":286,"column":16},"end":{"line":286,"column":26}},"60":{"start":{"line":291,"column":12},"end":{"line":291,"column":8860}},"61":{"start":{"line":292,"column":16},"end":{"line":292,"column":26}},"62":{"start":{"line":297,"column":12},"end":{"line":297,"column":9201}},"63":{"start":{"line":305,"column":12},"end":{"line":305,"column":9408}},"64":{"start":{"line":313,"column":12},"end":{"line":313,"column":26}},"65":{"start":{"line":320,"column":8},"end":{"line":320,"column":9823}},"66":{"start":{"line":325,"column":8},"end":{"line":325,"column":9943}},"67":{"start":{"line":331,"column":8},"end":{"line":331,"column":10157}},"68":{"start":{"line":332,"column":12},"end":{"line":332,"column":22}},"69":{"start":{"line":337,"column":8},"end":{"line":337,"column":10386}},"70":{"start":{"line":341,"column":8},"end":{"line":341,"column":10468}},"71":{"start":{"line":348,"column":8},"end":{"line":348,"column":10689}},"72":{"start":{"line":349,"column":12},"end":{"line":349,"column":22}},"73":{"start":{"line":354,"column":8},"end":{"line":354,"column":10893}},"74":{"start":{"line":355,"column":12},"end":{"line":355,"column":22}},"75":{"start":{"line":360,"column":8},"end":{"line":360,"column":11159}},"76":{"start":{"line":368,"column":8},"end":{"line":368,"column":11337}},"77":{"start":{"line":377,"column":8},"end":{"line":377,"column":11528}},"78":{"start":{"line":385,"column":8},"end":{"line":385,"column":22}},"79":{"start":{"line":397,"column":8},"end":{"line":397,"column":11931}},"80":{"start":{"line":402,"column":8},"end":{"line":402,"column":12125}},"81":{"start":{"line":406,"column":8},"end":{"line":406,"column":12298}},"82":{"start":{"line":410,"column":8},"end":{"line":410,"column":12458}},"83":{"start":{"line":411,"column":12},"end":{"line":411,"column":22}},"84":{"start":{"line":416,"column":8},"end":{"line":416,"column":56}},"85":{"start":{"line":418,"column":8},"end":{"line":418,"column":12749}},"86":{"start":{"line":422,"column":12},"end":{"line":422,"column":22}},"87":{"start":{"line":426,"column":8},"end":{"line":426,"column":51}},"88":{"start":{"line":427,"column":8},"end":{"line":427,"column":40}},"89":{"start":{"line":433,"column":12},"end":{"line":433,"column":13293}},"90":{"start":{"line":437,"column":16},"end":{"line":437,"column":13537}},"91":{"start":{"line":441,"column":16},"end":{"line":441,"column":13650}},"92":{"start":{"line":448,"column":20},"end":{"line":448,"column":14060}},"93":{"start":{"line":452,"column":20},"end":{"line":452,"column":14217}},"94":{"start":{"line":453,"column":24},"end":{"line":453,"column":99}},"95":{"start":{"line":457,"column":20},"end":{"line":457,"column":14441}},"96":{"start":{"line":464,"column":20},"end":{"line":464,"column":14691}},"97":{"start":{"line":469,"column":16},"end":{"line":469,"column":55}},"98":{"start":{"line":473,"column":12},"end":{"line":473,"column":14997}},"99":{"start":{"line":480,"column":12},"end":{"line":480,"column":15413}},"100":{"start":{"line":489,"column":12},"end":{"line":489,"column":15733}},"101":{"start":{"line":490,"column":16},"end":{"line":490,"column":26}},"102":{"start":{"line":495,"column":12},"end":{"line":495,"column":16040}},"103":{"start":{"line":496,"column":16},"end":{"line":496,"column":16106}},"104":{"start":{"line":505,"column":12},"end":{"line":505,"column":16406}},"105":{"start":{"line":508,"column":16},"end":{"line":508,"column":16705}},"106":{"start":{"line":513,"column":16},"end":{"line":513,"column":16948}},"107":{"start":{"line":520,"column":8},"end":{"line":520,"column":17167}},"108":{"start":{"line":529,"column":8},"end":{"line":529,"column":17460}},"109":{"start":{"line":537,"column":8},"end":{"line":537,"column":17705}},"110":{"start":{"line":549,"column":8},"end":{"line":549,"column":18045}}},"branchMap":{"1":{"line":24,"type":"if","locations":[{"start":{"line":24,"column":8},"end":{"line":24,"column":8}},{"start":{"line":24,"column":8},"end":{"line":24,"column":8}}]},"2":{"line":30,"type":"if","locations":[{"start":{"line":30,"column":8},"end":{"line":30,"column":8}},{"start":{"line":30,"column":8},"end":{"line":30,"column":8}}]},"3":{"line":45,"type":"if","locations":[{"start":{"line":45,"column":8},"end":{"line":45,"column":8}},{"start":{"line":45,"column":8},"end":{"line":45,"column":8}}]},"4":{"line":59,"type":"if","locations":[{"start":{"line":59,"column":12},"end":{"line":59,"column":12}},{"start":{"line":59,"column":12},"end":{"line":59,"column":12}}]},"5":{"line":91,"type":"if","locations":[{"start":{"line":91,"column":8},"end":{"line":91,"column":8}},{"start":{"line":91,"column":8},"end":{"line":91,"column":8}}]},"6":{"line":104,"type":"if","locations":[{"start":{"line":104,"column":12},"end":{"line":104,"column":12}},{"start":{"line":104,"column":12},"end":{"line":104,"column":12}}]},"7":{"line":155,"type":"if","locations":[{"start":{"line":155,"column":8},"end":{"line":155,"column":8}},{"start":{"line":155,"column":8},"end":{"line":155,"column":8}}]},"8":{"line":205,"type":"if","locations":[{"start":{"line":205,"column":8},"end":{"line":205,"column":8}},{"start":{"line":205,"column":8},"end":{"line":205,"column":8}}]},"9":{"line":220,"type":"if","locations":[{"start":{"line":220,"column":8},"end":{"line":220,"column":8}},{"start":{"line":220,"column":8},"end":{"line":220,"column":8}}]},"10":{"line":234,"type":"if","locations":[{"start":{"line":234,"column":12},"end":{"line":234,"column":12}},{"start":{"line":234,"column":12},"end":{"line":234,"column":12}}]},"11":{"line":240,"type":"if","locations":[{"start":{"line":240,"column":12},"end":{"line":240,"column":12}},{"start":{"line":240,"column":12},"end":{"line":240,"column":12}}]},"12":{"line":272,"type":"if","locations":[{"start":{"line":272,"column":8},"end":{"line":272,"column":8}},{"start":{"line":272,"column":8},"end":{"line":272,"column":8}}]},"13":{"line":285,"type":"if","locations":[{"start":{"line":285,"column":12},"end":{"line":285,"column":12}},{"start":{"line":285,"column":12},"end":{"line":285,"column":12}}]},"14":{"line":291,"type":"if","locations":[{"start":{"line":291,"column":12},"end":{"line":291,"column":12}},{"start":{"line":291,"column":12},"end":{"line":291,"column":12}}]},"15":{"line":331,"type":"if","locations":[{"start":{"line":331,"column":8},"end":{"line":331,"column":8}},{"start":{"line":331,"column":8},"end":{"line":331,"column":8}}]},"16":{"line":348,"type":"if","locations":[{"start":{"line":348,"column":8},"end":{"line":348,"column":8}},{"start":{"line":348,"column":8},"end":{"line":348,"column":8}}]},"17":{"line":354,"type":"if","locations":[{"start":{"line":354,"column":8},"end":{"line":354,"column":8}},{"start":{"line":354,"column":8},"end":{"line":354,"column":8}}]},"18":{"line":410,"type":"if","locations":[{"start":{"line":410,"column":8},"end":{"line":410,"column":8}},{"start":{"line":410,"column":8},"end":{"line":410,"column":8}}]},"19":{"line":418,"type":"if","locations":[{"start":{"line":418,"column":8},"end":{"line":418,"column":8}},{"start":{"line":418,"column":8},"end":{"line":418,"column":8}}]},"20":{"line":433,"type":"if","locations":[{"start":{"line":433,"column":12},"end":{"line":433,"column":12}},{"start":{"line":433,"column":12},"end":{"line":433,"column":12}}]},"21":{"line":441,"type":"if","locations":[{"start":{"line":441,"column":16},"end":{"line":441,"column":16}},{"start":{"line":441,"column":16},"end":{"line":441,"column":16}}]},"22":{"line":489,"type":"if","locations":[{"start":{"line":489,"column":12},"end":{"line":489,"column":12}},{"start":{"line":489,"column":12},"end":{"line":489,"column":12}}]},"23":{"line":495,"type":"if","locations":[{"start":{"line":495,"column":12},"end":{"line":495,"column":12}},{"start":{"line":495,"column":12},"end":{"line":495,"column":12}}]},"24":{"line":505,"type":"if","locations":[{"start":{"line":505,"column":12},"end":{"line":505,"column":12}},{"start":{"line":505,"column":12},"end":{"line":505,"column":12}}]}}},"contracts/CerbySwapV1_VaultImplementation.sol":{"l":{"26":3,"27":0,"30":3,"31":3,"32":3,"36":3,"43":3,"44":2,"58":0,"66":0,"75":12,"76":0,"80":12,"83":12,"84":0},"path":"/Users/vm06007/Development/sol-cerby-swap-v1/contracts/CerbySwapV1_VaultImplementation.sol","s":{"1":3,"2":3,"3":3,"4":3,"5":3,"6":3,"7":2,"8":0,"9":0,"10":12,"11":12,"12":12},"b":{"1":[0,3],"2":[2,1],"3":[0,12],"4":[0,12]},"f":{"1":3,"2":0,"3":0,"4":12},"fnMap":{"1":{"name":"initialize","line":17,"loc":{"start":{"line":17,"column":4},"end":{"line":49,"column":4}}},"2":{"name":"token0","line":53,"loc":{"start":{"line":53,"column":4},"end":{"line":59,"column":4}}},"3":{"name":"token1","line":61,"loc":{"start":{"line":61,"column":4},"end":{"line":67,"column":4}}},"4":{"name":"withdrawEth","line":69,"loc":{"start":{"line":69,"column":4},"end":{"line":86,"column":4}}}},"statementMap":{"1":{"start":{"line":26,"column":8},"end":{"line":26,"column":899}},"2":{"start":{"line":30,"column":8},"end":{"line":30,"column":21}},"3":{"start":{"line":31,"column":8},"end":{"line":31,"column":33}},"4":{"start":{"line":32,"column":8},"end":{"line":32,"column":25}},"5":{"start":{"line":36,"column":8},"end":{"line":36,"column":1278}},"6":{"start":{"line":43,"column":8},"end":{"line":43,"column":1468}},"7":{"start":{"line":44,"column":12},"end":{"line":44,"column":1507}},"8":{"start":{"line":58,"column":8},"end":{"line":58,"column":20}},"9":{"start":{"line":66,"column":8},"end":{"line":66,"column":26}},"10":{"start":{"line":75,"column":8},"end":{"line":75,"column":2000}},"11":{"start":{"line":80,"column":8},"end":{"line":80,"column":64}},"12":{"start":{"line":83,"column":8},"end":{"line":83,"column":2324}}},"branchMap":{"1":{"line":26,"type":"if","locations":[{"start":{"line":26,"column":8},"end":{"line":26,"column":8}},{"start":{"line":26,"column":8},"end":{"line":26,"column":8}}]},"2":{"line":43,"type":"if","locations":[{"start":{"line":43,"column":8},"end":{"line":43,"column":8}},{"start":{"line":43,"column":8},"end":{"line":43,"column":8}}]},"3":{"line":75,"type":"if","locations":[{"start":{"line":75,"column":8},"end":{"line":75,"column":8}},{"start":{"line":75,"column":8},"end":{"line":75,"column":8}}]},"4":{"line":83,"type":"if","locations":[{"start":{"line":83,"column":8},"end":{"line":83,"column":8}},{"start":{"line":83,"column":8},"end":{"line":83,"column":8}}]}}},"contracts/CerbySwapV1.sol":{"l":{"13":3,"17":3,"18":3,"19":3,"21":3,"22":3,"24":3,"25":3,"29":3,"39":3,"41":3,"51":3,"53":3,"56":0,"59":0,"62":0,"65":0,"69":3,"70":3},"path":"/Users/vm06007/Development/sol-cerby-swap-v1/contracts/CerbySwapV1.sol","s":{"1":3,"2":3,"3":3,"4":3,"5":3,"6":3,"7":3,"8":3,"9":3,"10":3,"11":3,"12":3,"13":3,"14":0,"15":0,"16":0,"17":0,"18":0,"19":0,"20":0,"21":0,"22":3,"23":3},"b":{"1":[3,0],"2":[0,0],"3":[0,0],"4":[0,0],"5":[0,0]},"f":{"1":3},"fnMap":{"1":{"name":"constructor","line":11,"loc":{"start":{"line":11,"column":4},"end":{"line":73,"column":4}}}},"statementMap":{"1":{"start":{"line":13,"column":8},"end":{"line":13,"column":290}},"2":{"start":{"line":17,"column":8},"end":{"line":17,"column":79}},"3":{"start":{"line":18,"column":8},"end":{"line":18,"column":62}},"4":{"start":{"line":19,"column":8},"end":{"line":19,"column":42}},"5":{"start":{"line":21,"column":8},"end":{"line":21,"column":30}},"6":{"start":{"line":22,"column":8},"end":{"line":22,"column":32}},"7":{"start":{"line":24,"column":8},"end":{"line":24,"column":52}},"8":{"start":{"line":25,"column":8},"end":{"line":25,"column":813}},"9":{"start":{"line":29,"column":8},"end":{"line":29,"column":925}},"10":{"start":{"line":39,"column":8},"end":{"line":39,"column":75}},"11":{"start":{"line":41,"column":8},"end":{"line":41,"column":1412}},"12":{"start":{"line":51,"column":8},"end":{"line":51,"column":1705}},"13":{"start":{"line":53,"column":12},"end":{"line":53,"column":67}},"14":{"start":{"line":54,"column":15},"end":{"line":54,"column":1840}},"15":{"start":{"line":56,"column":12},"end":{"line":56,"column":67}},"16":{"start":{"line":57,"column":15},"end":{"line":57,"column":1971}},"17":{"start":{"line":59,"column":12},"end":{"line":59,"column":67}},"18":{"start":{"line":60,"column":15},"end":{"line":60,"column":2107}},"19":{"start":{"line":62,"column":12},"end":{"line":62,"column":67}},"20":{"start":{"line":63,"column":15},"end":{"line":63,"column":2247}},"21":{"start":{"line":65,"column":12},"end":{"line":65,"column":67}},"22":{"start":{"line":69,"column":8},"end":{"line":69,"column":63}},"23":{"start":{"line":70,"column":8},"end":{"line":70,"column":2500}}},"branchMap":{"1":{"line":51,"type":"if","locations":[{"start":{"line":51,"column":8},"end":{"line":51,"column":8}},{"start":{"line":51,"column":8},"end":{"line":51,"column":8}}]},"2":{"line":54,"type":"if","locations":[{"start":{"line":54,"column":15},"end":{"line":54,"column":15}},{"start":{"line":54,"column":15},"end":{"line":54,"column":15}}]},"3":{"line":57,"type":"if","locations":[{"start":{"line":57,"column":15},"end":{"line":57,"column":15}},{"start":{"line":57,"column":15},"end":{"line":57,"column":15}}]},"4":{"line":60,"type":"if","locations":[{"start":{"line":60,"column":15},"end":{"line":60,"column":15}},{"start":{"line":60,"column":15},"end":{"line":60,"column":15}}]},"5":{"line":63,"type":"if","locations":[{"start":{"line":63,"column":15},"end":{"line":63,"column":15}},{"start":{"line":63,"column":15},"end":{"line":63,"column":15}}]}}},"contracts/interfaces/IBasicERC20.sol":{"l":{},"path":"/Users/vm06007/Development/sol-cerby-swap-v1/contracts/interfaces/IBasicERC20.sol","s":{},"b":{},"f":{},"fnMap":{},"statementMap":{},"branchMap":{}},"contracts/interfaces/ICerbyBotDetection.sol":{"l":{},"path":"/Users/vm06007/Development/sol-cerby-swap-v1/contracts/interfaces/ICerbyBotDetection.sol","s":{},"b":{},"f":{},"fnMap":{},"statementMap":{},"branchMap":{}},"contracts/interfaces/ICerbyCronJobs.sol":{"l":{},"path":"/Users/vm06007/Development/sol-cerby-swap-v1/contracts/interfaces/ICerbyCronJobs.sol","s":{},"b":{},"f":{},"fnMap":{},"statementMap":{},"branchMap":{}},"contracts/interfaces/ICerbySwapV1_VaultImplementation.sol":{"l":{},"path":"/Users/vm06007/Development/sol-cerby-swap-v1/contracts/interfaces/ICerbySwapV1_VaultImplementation.sol","s":{},"b":{},"f":{},"fnMap":{},"statementMap":{},"branchMap":{}},"contracts/interfaces/ICerbyToken.sol":{"l":{},"path":"/Users/vm06007/Development/sol-cerby-swap-v1/contracts/interfaces/ICerbyToken.sol","s":{},"b":{},"f":{},"fnMap":{},"statementMap":{},"branchMap":{}},"contracts/interfaces/ICerbyTokenMinterBurner.sol":{"l":{},"path":"/Users/vm06007/Development/sol-cerby-swap-v1/contracts/interfaces/ICerbyTokenMinterBurner.sol","s":{},"b":{},"f":{},"fnMap":{},"statementMap":{},"branchMap":{}},"contracts/TestCerbyToken.sol":{"l":{"14":3,"15":3,"16":3,"17":3,"25":58,"26":58,"30":0,"34":0,"39":1,"44":3,"52":0},"path":"/Users/vm06007/Development/sol-cerby-swap-v1/contracts/TestCerbyToken.sol","s":{"1":3,"2":3,"3":3,"4":3,"5":58,"6":58,"7":0,"8":0,"9":1,"10":3,"11":0},"b":{},"f":{"1":3,"2":58,"3":0,"4":0,"5":1,"6":3,"7":0},"fnMap":{"1":{"name":"constructor","line":10,"loc":{"start":{"line":9,"column":4},"end":{"line":18,"column":4}}},"2":{"name":"transferFrom","line":20,"loc":{"start":{"line":20,"column":4},"end":{"line":27,"column":4}}},"3":{"name":"mintByBridge","line":29,"loc":{"start":{"line":29,"column":4},"end":{"line":31,"column":4}}},"4":{"name":"burnByBridge","line":33,"loc":{"start":{"line":33,"column":4},"end":{"line":35,"column":4}}},"5":{"name":"mintHumanAddress","line":37,"loc":{"start":{"line":37,"column":4},"end":{"line":40,"column":4}}},"6":{"name":"burnHumanAddress","line":42,"loc":{"start":{"line":42,"column":4},"end":{"line":45,"column":4}}},"7":{"name":"transferCustom","line":47,"loc":{"start":{"line":47,"column":4},"end":{"line":53,"column":4}}}},"statementMap":{"1":{"start":{"line":14,"column":8},"end":{"line":14,"column":25}},"2":{"start":{"line":15,"column":8},"end":{"line":15,"column":68}},"3":{"start":{"line":16,"column":8},"end":{"line":16,"column":68}},"4":{"start":{"line":17,"column":8},"end":{"line":17,"column":36}},"5":{"start":{"line":25,"column":8},"end":{"line":25,"column":43}},"6":{"start":{"line":26,"column":8},"end":{"line":26,"column":19}},"7":{"start":{"line":30,"column":8},"end":{"line":30,"column":24}},"8":{"start":{"line":34,"column":8},"end":{"line":34,"column":26}},"9":{"start":{"line":39,"column":8},"end":{"line":39,"column":24}},"10":{"start":{"line":44,"column":8},"end":{"line":44,"column":26}},"11":{"start":{"line":52,"column":8},"end":{"line":52,"column":43}}},"branchMap":{}},"contracts/TestCerUsdToken.sol":{"l":{"14":3,"15":3,"16":3,"17":3,"25":74,"26":74,"30":0,"34":0,"39":8,"44":8,"52":0},"path":"/Users/vm06007/Development/sol-cerby-swap-v1/contracts/TestCerUsdToken.sol","s":{"1":3,"2":3,"3":3,"4":3,"5":74,"6":74,"7":0,"8":0,"9":8,"10":8,"11":0},"b":{},"f":{"1":3,"2":74,"3":0,"4":0,"5":8,"6":8,"7":0},"fnMap":{"1":{"name":"constructor","line":11,"loc":{"start":{"line":9,"column":4},"end":{"line":18,"column":4}}},"2":{"name":"transferFrom","line":20,"loc":{"start":{"line":20,"column":4},"end":{"line":27,"column":4}}},"3":{"name":"mintByBridge","line":29,"loc":{"start":{"line":29,"column":4},"end":{"line":31,"column":4}}},"4":{"name":"burnByBridge","line":33,"loc":{"start":{"line":33,"column":4},"end":{"line":35,"column":4}}},"5":{"name":"mintHumanAddress","line":37,"loc":{"start":{"line":37,"column":4},"end":{"line":40,"column":4}}},"6":{"name":"burnHumanAddress","line":42,"loc":{"start":{"line":42,"column":4},"end":{"line":45,"column":4}}},"7":{"name":"transferCustom","line":47,"loc":{"start":{"line":47,"column":4},"end":{"line":53,"column":4}}}},"statementMap":{"1":{"start":{"line":14,"column":8},"end":{"line":14,"column":25}},"2":{"start":{"line":15,"column":8},"end":{"line":15,"column":68}},"3":{"start":{"line":16,"column":8},"end":{"line":16,"column":68}},"4":{"start":{"line":17,"column":8},"end":{"line":17,"column":36}},"5":{"start":{"line":25,"column":8},"end":{"line":25,"column":43}},"6":{"start":{"line":26,"column":8},"end":{"line":26,"column":19}},"7":{"start":{"line":30,"column":8},"end":{"line":30,"column":24}},"8":{"start":{"line":34,"column":8},"end":{"line":34,"column":26}},"9":{"start":{"line":39,"column":8},"end":{"line":39,"column":24}},"10":{"start":{"line":44,"column":8},"end":{"line":44,"column":26}},"11":{"start":{"line":52,"column":8},"end":{"line":52,"column":43}}},"branchMap":{}},"contracts/TestUsdcToken.sol":{"l":{"14":3,"15":3,"16":3,"17":3,"25":21,"26":21,"30":0,"34":0,"39":0,"44":0,"52":0},"path":"/Users/vm06007/Development/sol-cerby-swap-v1/contracts/TestUsdcToken.sol","s":{"1":3,"2":3,"3":3,"4":3,"5":21,"6":21,"7":0,"8":0,"9":0,"10":0,"11":0},"b":{},"f":{"1":3,"2":21,"3":0,"4":0,"5":0,"6":0,"7":0},"fnMap":{"1":{"name":"constructor","line":12,"loc":{"start":{"line":9,"column":4},"end":{"line":18,"column":4}}},"2":{"name":"transferFrom","line":20,"loc":{"start":{"line":20,"column":4},"end":{"line":27,"column":4}}},"3":{"name":"mintByBridge","line":29,"loc":{"start":{"line":29,"column":4},"end":{"line":31,"column":4}}},"4":{"name":"burnByBridge","line":33,"loc":{"start":{"line":33,"column":4},"end":{"line":35,"column":4}}},"5":{"name":"mintHumanAddress","line":37,"loc":{"start":{"line":37,"column":4},"end":{"line":40,"column":4}}},"6":{"name":"burnHumanAddress","line":42,"loc":{"start":{"line":42,"column":4},"end":{"line":45,"column":4}}},"7":{"name":"transferCustom","line":47,"loc":{"start":{"line":47,"column":4},"end":{"line":53,"column":4}}}},"statementMap":{"1":{"start":{"line":14,"column":8},"end":{"line":14,"column":25}},"2":{"start":{"line":15,"column":8},"end":{"line":15,"column":68}},"3":{"start":{"line":16,"column":8},"end":{"line":16,"column":68}},"4":{"start":{"line":17,"column":8},"end":{"line":17,"column":36}},"5":{"start":{"line":25,"column":8},"end":{"line":25,"column":43}},"6":{"start":{"line":26,"column":8},"end":{"line":26,"column":19}},"7":{"start":{"line":30,"column":8},"end":{"line":30,"column":24}},"8":{"start":{"line":34,"column":8},"end":{"line":34,"column":26}},"9":{"start":{"line":39,"column":8},"end":{"line":39,"column":24}},"10":{"start":{"line":44,"column":8},"end":{"line":44,"column":26}},"11":{"start":{"line":52,"column":8},"end":{"line":52,"column":43}}},"branchMap":{}}}