{
"contracts/CerbyCronJobsExecution.sol":{"l":{"18":0,"21":0,"22":0,"24":0,"25":0,"29":0,"32":0,"33":0,"42":0,"46":0,"52":0,"53":0,"56":0,"63":0,"69":0,"70":0,"73":0,"74":0,"84":0,"90":0,"91":0,"94":0,"96":0},"path":"/Users/vm06007/Development/sol-cerby-swap-v1/CerbySwapV1_Tests/contracts/CerbyCronJobsExecution.sol","s":{"1":0,"2":0,"3":0,"4":0,"5":0,"6":0,"7":0,"8":0,"9":0,"10":0,"11":0,"12":0,"13":0,"14":0,"15":0,"16":0},"b":{"1":[0,0],"2":[0,0],"3":[0,0],"4":[0,0],"5":[0,0]},"f":{"1":0,"2":0,"3":0,"4":0,"5":0,"6":0},"fnMap":{"1":{"name":"checkForBotsAndExecuteCronJobs","line":17,"loc":{"start":{"line":17,"column":4},"end":{"line":26,"column":4}}},"2":{"name":"executeCronJobs","line":28,"loc":{"start":{"line":28,"column":4},"end":{"line":34,"column":4}}},"3":{"name":"getUtilsContractAtPos","line":36,"loc":{"start":{"line":36,"column":4},"end":{"line":43,"column":4}}},"4":{"name":"checkForBots","line":45,"loc":{"start":{"line":45,"column":4},"end":{"line":57,"column":4}}},"5":{"name":"checkTransactionAndExecuteCron","line":59,"loc":{"start":{"line":59,"column":4},"end":{"line":75,"column":4}}},"6":{"name":"checkTransactionForBots","line":77,"loc":{"start":{"line":77,"column":4},"end":{"line":100,"column":4}}}},"statementMap":{"1":{"start":{"line":18,"column":8},"end":{"line":18,"column":523}},"2":{"start":{"line":21,"column":8},"end":{"line":21,"column":668}},"3":{"start":{"line":24,"column":8},"end":{"line":24,"column":43}},"4":{"start":{"line":29,"column":8},"end":{"line":29,"column":910}},"5":{"start":{"line":32,"column":8},"end":{"line":32,"column":43}},"6":{"start":{"line":42,"column":8},"end":{"line":42,"column":63}},"7":{"start":{"line":46,"column":8},"end":{"line":46,"column":1360}},"8":{"start":{"line":52,"column":8},"end":{"line":52,"column":1557}},"9":{"start":{"line":63,"column":8},"end":{"line":63,"column":1824}},"10":{"start":{"line":69,"column":8},"end":{"line":69,"column":2021}},"11":{"start":{"line":73,"column":8},"end":{"line":73,"column":43}},"12":{"start":{"line":84,"column":8},"end":{"line":84,"column":2385}},"13":{"start":{"line":90,"column":8},"end":{"line":90,"column":2582}},"14":{"start":{"line":94,"column":8},"end":{"line":94,"column":40}},"15":{"start":{"line":94,"column":34},"end":{"line":94,"column":40}},"16":{"start":{"line":96,"column":8},"end":{"line":96,"column":2786}}},"branchMap":{"1":{"line":21,"type":"if","locations":[{"start":{"line":21,"column":8},"end":{"line":21,"column":8}},{"start":{"line":21,"column":8},"end":{"line":21,"column":8}}]},"2":{"line":52,"type":"if","locations":[{"start":{"line":52,"column":8},"end":{"line":52,"column":8}},{"start":{"line":52,"column":8},"end":{"line":52,"column":8}}]},"3":{"line":69,"type":"if","locations":[{"start":{"line":69,"column":8},"end":{"line":69,"column":8}},{"start":{"line":69,"column":8},"end":{"line":69,"column":8}}]},"4":{"line":90,"type":"if","locations":[{"start":{"line":90,"column":8},"end":{"line":90,"column":8}},{"start":{"line":90,"column":8},"end":{"line":90,"column":8}}]},"5":{"line":94,"type":"if","locations":[{"start":{"line":94,"column":8},"end":{"line":94,"column":8}},{"start":{"line":94,"column":8},"end":{"line":94,"column":8}}]}}},
"contracts/CerbySwapV1_AdminFunctions.sol":{"l":{"23":1,"24":1,"25":1,"27":1,"33":1,"42":1,"58":1,"73":0,"74":0,"84":0,"85":0,"94":0,"99":0,"102":0,"103":0,"106":0,"107":0,"110":0,"125":0,"147":2,"152":2,"155":2,"160":2},"path":"/Users/vm06007/Development/sol-cerby-swap-v1/CerbySwapV1_Tests/contracts/CerbySwapV1_AdminFunctions.sol","s":{"1":1,"2":1,"3":1,"4":1,"5":1,"6":1,"7":1,"8":0,"9":0,"10":0,"11":0,"12":0,"13":0,"14":0,"15":0,"16":0,"17":2,"18":2,"19":2,"20":2},"b":{"1":[0,0],"2":[0,0],"3":[0,0]},"f":{"1":1,"2":1,"3":1,"4":0,"5":0,"6":0,"7":0,"8":2},"fnMap":{"1":{"name":"testSetupTokens","line":13,"loc":{"start":{"line":13,"column":4},"end":{"line":28,"column":4}}},"2":{"name":"testInit","line":31,"loc":{"start":{"line":31,"column":4},"end":{"line":49,"column":4}}},"3":{"name":"adminInitialize","line":55,"loc":{"start":{"line":52,"column":4},"end":{"line":65,"column":4}}},"4":{"name":"adminSetURI","line":71,"loc":{"start":{"line":67,"column":4},"end":{"line":75,"column":4}}},"5":{"name":"adminUpdateNameAndSymbol","line":82,"loc":{"start":{"line":77,"column":4},"end":{"line":86,"column":4}}},"6":{"name":"adminUpdateFeesAndTvlMultipliers","line":92,"loc":{"start":{"line":88,"column":4},"end":{"line":111,"column":4}}},"7":{"name":"adminCreatePool","line":123,"loc":{"start":{"line":115,"column":4},"end":{"line":132,"column":4}}},"8":{"name":"adminChangeCerUsdCreditInPool","line":145,"loc":{"start":{"line":139,"column":4},"end":{"line":166,"column":4}}}},"statementMap":{"1":{"start":{"line":23,"column":8},"end":{"line":23,"column":39}},"2":{"start":{"line":24,"column":8},"end":{"line":24,"column":33}},"3":{"start":{"line":25,"column":8},"end":{"line":25,"column":37}},"4":{"start":{"line":27,"column":8},"end":{"line":27,"column":17}},"5":{"start":{"line":33,"column":8},"end":{"line":33,"column":834}},"6":{"start":{"line":42,"column":8},"end":{"line":42,"column":1036}},"7":{"start":{"line":58,"column":8},"end":{"line":58,"column":1395}},"8":{"start":{"line":73,"column":8},"end":{"line":73,"column":68}},"9":{"start":{"line":74,"column":8},"end":{"line":74,"column":32}},"10":{"start":{"line":84,"column":8},"end":{"line":84,"column":38}},"11":{"start":{"line":85,"column":8},"end":{"line":85,"column":42}},"12":{"start":{"line":94,"column":8},"end":{"line":94,"column":2184}},"13":{"start":{"line":102,"column":8},"end":{"line":102,"column":2462}},"14":{"start":{"line":106,"column":8},"end":{"line":106,"column":2607}},"15":{"start":{"line":110,"column":8},"end":{"line":110,"column":27}},"16":{"start":{"line":125,"column":8},"end":{"line":125,"column":3164}},"17":{"start":{"line":147,"column":8},"end":{"line":147,"column":3828}},"18":{"start":{"line":152,"column":8},"end":{"line":152,"column":56}},"19":{"start":{"line":155,"column":8},"end":{"line":155,"column":4095}},"20":{"start":{"line":160,"column":8},"end":{"line":160,"column":4242}}},"branchMap":{"1":{"line":94,"type":"if","locations":[{"start":{"line":94,"column":8},"end":{"line":94,"column":8}},{"start":{"line":94,"column":8},"end":{"line":94,"column":8}}]},"2":{"line":102,"type":"if","locations":[{"start":{"line":102,"column":8},"end":{"line":102,"column":8}},{"start":{"line":102,"column":8},"end":{"line":102,"column":8}}]},"3":{"line":106,"type":"if","locations":[{"start":{"line":106,"column":8},"end":{"line":106,"column":8}},{"start":{"line":106,"column":8},"end":{"line":106,"column":8}}]}}},
"contracts/CerbySwapV1_Declarations.sol":{"l":{},"path":"/Users/vm06007/Development/sol-cerby-swap-v1/CerbySwapV1_Tests/contracts/CerbySwapV1_Declarations.sol","s":{},"b":{},"f":{},"fnMap":{},"statementMap":{},"branchMap":{}},
"contracts/CerbySwapV1_ERC1155.sol":{"l":{"25":0,"33":0,"41":0,"49":0,"50":0,"53":0,"54":0,"57":0,"67":0,"81":0,"95":0,"111":0,"112":0,"115":0,"137":0,"138":0,"141":0},"path":"/Users/vm06007/Development/sol-cerby-swap-v1/CerbySwapV1_Tests/contracts/CerbySwapV1_ERC1155.sol","s":{"1":0,"2":0,"3":0,"4":0,"5":0,"6":0,"7":0,"8":0,"9":0,"10":0,"11":0,"12":0,"13":0,"14":0,"15":0},"b":{"1":[0,0],"2":[0,0]},"f":{"1":3,"2":0,"3":0,"4":0,"5":0,"6":0,"7":0,"8":0,"9":0,"10":0},"fnMap":{"1":{"name":"constructor","line":18,"loc":{"start":{"line":16,"column":4},"end":{"line":18,"column":7}}},"2":{"name":"name","line":20,"loc":{"start":{"line":20,"column":4},"end":{"line":26,"column":4}}},"3":{"name":"symbol","line":28,"loc":{"start":{"line":28,"column":4},"end":{"line":34,"column":4}}},"4":{"name":"decimals","line":36,"loc":{"start":{"line":36,"column":4},"end":{"line":42,"column":4}}},"5":{"name":"totalSupply","line":44,"loc":{"start":{"line":44,"column":4},"end":{"line":58,"column":4}}},"6":{"name":"uri","line":60,"loc":{"start":{"line":60,"column":4},"end":{"line":70,"column":4}}},"7":{"name":"setApprovalForAll","line":79,"loc":{"start":{"line":72,"column":4},"end":{"line":86,"column":4}}},"8":{"name":"_notOwnerNotApproved","line":88,"loc":{"start":{"line":88,"column":4},"end":{"line":96,"column":4}}},"9":{"name":"safeTransferFrom","line":108,"loc":{"start":{"line":98,"column":4},"end":{"line":122,"column":4}}},"10":{"name":"safeBatchTransferFrom","line":134,"loc":{"start":{"line":124,"column":4},"end":{"line":148,"column":4}}}},"statementMap":{"1":{"start":{"line":25,"column":8},"end":{"line":25,"column":27}},"2":{"start":{"line":33,"column":8},"end":{"line":33,"column":29}},"3":{"start":{"line":41,"column":8},"end":{"line":41,"column":17}},"4":{"start":{"line":49,"column":8},"end":{"line":49,"column":17}},"5":{"start":{"line":50,"column":8},"end":{"line":50,"column":33}},"6":{"start":{"line":53,"column":8},"end":{"line":53,"column":1226}},"7":{"start":{"line":54,"column":12},"end":{"line":54,"column":54}},"8":{"start":{"line":57,"column":8},"end":{"line":57,"column":32}},"9":{"start":{"line":67,"column":8},"end":{"line":67,"column":1522}},"10":{"start":{"line":81,"column":8},"end":{"line":81,"column":1792}},"11":{"start":{"line":95,"column":8},"end":{"line":95,"column":73}},"12":{"start":{"line":111,"column":8},"end":{"line":111,"column":2379}},"13":{"start":{"line":115,"column":8},"end":{"line":115,"column":2509}},"14":{"start":{"line":137,"column":8},"end":{"line":137,"column":2962}},"15":{"start":{"line":141,"column":8},"end":{"line":141,"column":3092}}},"branchMap":{"1":{"line":111,"type":"if","locations":[{"start":{"line":111,"column":8},"end":{"line":111,"column":8}},{"start":{"line":111,"column":8},"end":{"line":111,"column":8}}]},"2":{"line":137,"type":"if","locations":[{"start":{"line":137,"column":8},"end":{"line":137,"column":8}},{"start":{"line":137,"column":8},"end":{"line":137,"column":8}}]}}},
"contracts/CerbySwapV1_EventsAndErrors.sol":{"l":{},"path":"/Users/vm06007/Development/sol-cerby-swap-v1/CerbySwapV1_Tests/contracts/CerbySwapV1_EventsAndErrors.sol","s":{},"b":{},"f":{},"fnMap":{},"statementMap":{},"branchMap":{}},
"contracts/CerbySwapV1_GetFunctions.sol":{"l":{"19":9,"27":0,"37":114,"38":114,"39":114,"40":114,"42":114,"53":0,"55":0,"59":0,"74":40,"77":40,"79":19,"84":19,"88":21,"90":17,"95":17,"101":4,"107":4,"113":4,"125":28,"128":28,"130":14,"136":14,"140":14,"142":14,"148":14,"154":0,"160":0,"166":0,"174":170,"188":90,"189":90,"190":90,"192":90,"195":720,"196":540,"200":90,"205":90,"209":90,"213":90,"214":90,"217":0,"218":0,"221":0,"237":51,"239":51,"260":45,"279":96,"282":96,"286":96,"300":36,"302":36,"323":38,"342":74,"348":74},"path":"/Users/vm06007/Development/sol-cerby-swap-v1/CerbySwapV1_Tests/contracts/CerbySwapV1_GetFunctions.sol","s":{"1":9,"2":0,"3":114,"4":114,"5":114,"6":114,"7":114,"8":0,"9":0,"10":0,"11":40,"12":40,"13":19,"14":19,"15":21,"16":17,"17":17,"18":4,"19":4,"20":4,"21":28,"22":28,"23":14,"24":14,"25":14,"26":14,"27":14,"28":0,"29":0,"30":0,"31":170,"32":90,"33":90,"34":90,"35":90,"36":720,"37":540,"38":90,"39":90,"40":90,"41":90,"42":90,"43":0,"44":0,"45":0,"46":51,"47":51,"48":45,"49":96,"50":96,"51":96,"52":36,"53":36,"54":38,"55":74,"56":74},"b":{"1":[19,21],"2":[17,4],"3":[14,14],"4":[14,0],"5":[180,540],"6":[90,0],"7":[0,0]},"f":{"1":9,"2":0,"3":114,"4":0,"5":40,"6":28,"7":170,"8":90,"9":51,"10":45,"11":96,"12":36,"13":38,"14":74},"fnMap":{"1":{"name":"getTokenToPoolId","line":12,"loc":{"start":{"line":12,"column":4},"end":{"line":20,"column":4}}},"2":{"name":"getSettings","line":22,"loc":{"start":{"line":22,"column":4},"end":{"line":28,"column":4}}},"3":{"name":"getPoolsByTokens","line":30,"loc":{"start":{"line":30,"column":4},"end":{"line":43,"column":4}}},"4":{"name":"getCurrentOneMinusFeeBasedOnTrades","line":45,"loc":{"start":{"line":45,"column":4},"end":{"line":63,"column":4}}},"5":{"name":"getOutputExactTokensForTokens","line":65,"loc":{"start":{"line":65,"column":4},"end":{"line":114,"column":4}}},"6":{"name":"getInputTokensForExactTokens","line":116,"loc":{"start":{"line":116,"column":4},"end":{"line":167,"column":4}}},"7":{"name":"_getCurrentPeriod","line":169,"loc":{"start":{"line":169,"column":4},"end":{"line":177,"column":4}}},"8":{"name":"_getCurrentOneMinusFeeBasedOnTrades","line":179,"loc":{"start":{"line":179,"column":4},"end":{"line":224,"column":4}}},"9":{"name":"_getOutputExactTokensForCerUsd","line":233,"loc":{"start":{"line":226,"column":4},"end":{"line":248,"column":4}}},"10":{"name":"_getOutputExactCerUsdForTokens","line":257,"loc":{"start":{"line":250,"column":4},"end":{"line":266,"column":4}}},"11":{"name":"_getOutput","line":268,"loc":{"start":{"line":268,"column":4},"end":{"line":287,"column":4}}},"12":{"name":"_getInputTokensForExactCerUsd","line":296,"loc":{"start":{"line":289,"column":4},"end":{"line":311,"column":4}}},"13":{"name":"_getInputCerUsdForExactTokens","line":320,"loc":{"start":{"line":313,"column":4},"end":{"line":329,"column":4}}},"14":{"name":"_getInput","line":331,"loc":{"start":{"line":331,"column":4},"end":{"line":349,"column":4}}}},"statementMap":{"1":{"start":{"line":19,"column":8},"end":{"line":19,"column":36}},"2":{"start":{"line":27,"column":8},"end":{"line":27,"column":23}},"3":{"start":{"line":37,"column":8},"end":{"line":37,"column":78}},"4":{"start":{"line":38,"column":8},"end":{"line":38,"column":791}},"5":{"start":{"line":39,"column":12},"end":{"line":39,"column":38}},"6":{"start":{"line":40,"column":12},"end":{"line":40,"column":51}},"7":{"start":{"line":42,"column":8},"end":{"line":42,"column":26}},"8":{"start":{"line":53,"column":8},"end":{"line":53,"column":56}},"9":{"start":{"line":55,"column":8},"end":{"line":55,"column":1303}},"10":{"start":{"line":59,"column":8},"end":{"line":59,"column":1395}},"11":{"start":{"line":74,"column":8},"end":{"line":74,"column":31}},"12":{"start":{"line":77,"column":8},"end":{"line":77,"column":1774}},"13":{"start":{"line":79,"column":12},"end":{"line":79,"column":1888}},"14":{"start":{"line":84,"column":12},"end":{"line":84,"column":34}},"15":{"start":{"line":88,"column":8},"end":{"line":88,"column":2142}},"16":{"start":{"line":90,"column":12},"end":{"line":90,"column":2256}},"17":{"start":{"line":95,"column":12},"end":{"line":95,"column":34}},"18":{"start":{"line":101,"column":8},"end":{"line":101,"column":2640}},"19":{"start":{"line":107,"column":8},"end":{"line":107,"column":2807}},"20":{"start":{"line":113,"column":8},"end":{"line":113,"column":30}},"21":{"start":{"line":125,"column":8},"end":{"line":125,"column":30}},"22":{"start":{"line":128,"column":8},"end":{"line":128,"column":3274}},"23":{"start":{"line":130,"column":12},"end":{"line":130,"column":3388}},"24":{"start":{"line":136,"column":12},"end":{"line":136,"column":33}},"25":{"start":{"line":140,"column":8},"end":{"line":140,"column":3641}},"26":{"start":{"line":142,"column":12},"end":{"line":142,"column":3755}},"27":{"start":{"line":148,"column":12},"end":{"line":148,"column":33}},"28":{"start":{"line":154,"column":8},"end":{"line":154,"column":4138}},"29":{"start":{"line":160,"column":8},"end":{"line":160,"column":4306}},"30":{"start":{"line":166,"column":8},"end":{"line":166,"column":29}},"31":{"start":{"line":174,"column":8},"end":{"line":174,"column":4627}},"32":{"start":{"line":188,"column":8},"end":{"line":188,"column":51}},"33":{"start":{"line":189,"column":8},"end":{"line":189,"column":74}},"34":{"start":{"line":190,"column":8},"end":{"line":190,"column":22}},"35":{"start":{"line":192,"column":8},"end":{"line":192,"column":5106}},"36":{"start":{"line":195,"column":12},"end":{"line":195,"column":63}},"37":{"start":{"line":196,"column":12},"end":{"line":196,"column":58}},"38":{"start":{"line":200,"column":8},"end":{"line":200,"column":44}},"39":{"start":{"line":205,"column":8},"end":{"line":205,"column":5773}},"40":{"start":{"line":209,"column":8},"end":{"line":209,"column":5917}},"41":{"start":{"line":213,"column":8},"end":{"line":213,"column":6034}},"42":{"start":{"line":214,"column":12},"end":{"line":214,"column":60}},"43":{"start":{"line":217,"column":8},"end":{"line":217,"column":6157}},"44":{"start":{"line":218,"column":12},"end":{"line":218,"column":60}},"45":{"start":{"line":221,"column":8},"end":{"line":221,"column":6303}},"46":{"start":{"line":237,"column":8},"end":{"line":237,"column":56}},"47":{"start":{"line":239,"column":8},"end":{"line":239,"column":6889}},"48":{"start":{"line":260,"column":8},"end":{"line":260,"column":7422}},"49":{"start":{"line":279,"column":8},"end":{"line":279,"column":8021}},"50":{"start":{"line":282,"column":8},"end":{"line":282,"column":8126}},"51":{"start":{"line":286,"column":8},"end":{"line":286,"column":24}},"52":{"start":{"line":300,"column":8},"end":{"line":300,"column":56}},"53":{"start":{"line":302,"column":8},"end":{"line":302,"column":8617}},"54":{"start":{"line":323,"column":8},"end":{"line":323,"column":9177}},"55":{"start":{"line":342,"column":8},"end":{"line":342,"column":9765}},"56":{"start":{"line":348,"column":8},"end":{"line":348,"column":23}}},"branchMap":{"1":{"line":77,"type":"if","locations":[{"start":{"line":77,"column":8},"end":{"line":77,"column":8}},{"start":{"line":77,"column":8},"end":{"line":77,"column":8}}]},"2":{"line":88,"type":"if","locations":[{"start":{"line":88,"column":8},"end":{"line":88,"column":8}},{"start":{"line":88,"column":8},"end":{"line":88,"column":8}}]},"3":{"line":128,"type":"if","locations":[{"start":{"line":128,"column":8},"end":{"line":128,"column":8}},{"start":{"line":128,"column":8},"end":{"line":128,"column":8}}]},"4":{"line":140,"type":"if","locations":[{"start":{"line":140,"column":8},"end":{"line":140,"column":8}},{"start":{"line":140,"column":8},"end":{"line":140,"column":8}}]},"5":{"line":195,"type":"if","locations":[{"start":{"line":195,"column":12},"end":{"line":195,"column":12}},{"start":{"line":195,"column":12},"end":{"line":195,"column":12}}]},"6":{"line":213,"type":"if","locations":[{"start":{"line":213,"column":8},"end":{"line":213,"column":8}},{"start":{"line":213,"column":8},"end":{"line":213,"column":8}}]},"7":{"line":217,"type":"if","locations":[{"start":{"line":217,"column":8},"end":{"line":217,"column":8}},{"start":{"line":217,"column":8},"end":{"line":217,"column":8}}]}}},
"contracts/CerbySwapV1_LiquidityFunctions.sol":{"l":{"26":0,"28":0,"32":0,"34":0,"37":0,"44":0,"62":0,"82":3,"86":3,"93":3,"101":3,"107":3,"112":3,"113":0,"114":0,"118":3,"123":3,"125":3,"134":3,"135":3,"138":3,"141":3,"149":3,"152":3,"160":3,"167":3,"175":3,"197":5,"198":5,"200":5,"205":5,"210":5,"218":5,"223":5,"226":5,"227":0,"228":0,"232":5,"239":5,"247":5,"251":5,"260":5,"264":5,"265":0,"269":5,"275":5,"280":5,"288":5,"295":5,"310":7,"326":7,"327":7,"329":7,"334":7,"336":7,"341":7,"346":7,"353":7,"361":7,"366":7,"371":7,"378":7,"382":7,"389":7,"397":7,"405":7,"412":7,"424":12,"425":12,"429":12,"434":7,"444":12},"path":"/Users/vm06007/Development/sol-cerby-swap-v1/CerbySwapV1_Tests/contracts/CerbySwapV1_LiquidityFunctions.sol","s":{"1":0,"2":0,"3":0,"4":0,"5":0,"6":0,"7":0,"8":3,"9":3,"10":3,"11":3,"12":3,"13":3,"14":0,"15":3,"16":3,"17":3,"18":3,"19":3,"20":3,"21":3,"22":3,"23":3,"24":3,"25":3,"26":3,"27":5,"28":5,"29":5,"30":5,"31":5,"32":5,"33":5,"34":5,"35":0,"36":5,"37":5,"38":5,"39":5,"40":5,"41":5,"42":5,"43":5,"44":5,"45":5,"46":5,"47":7,"48":7,"49":7,"50":7,"51":7,"52":7,"53":7,"54":7,"55":7,"56":7,"57":7,"58":7,"59":7,"60":7,"61":7,"62":7,"63":7,"64":7,"65":12,"66":12,"67":12,"68":7,"69":12},"b":{"1":[0,0],"2":[0,3],"3":[0,5],"4":[0,5],"5":[7,5]},"f":{"1":0,"2":0,"3":3,"4":5,"5":7,"6":7,"7":12},"fnMap":{"1":{"name":"increaseCerUsdCreditInPool","line":19,"loc":{"start":{"line":19,"column":4},"end":{"line":50,"column":4}}},"2":{"name":"createPool","line":53,"loc":{"start":{"line":53,"column":4},"end":{"line":69,"column":4}}},"3":{"name":"_createPool","line":79,"loc":{"start":{"line":71,"column":4},"end":{"line":181,"column":4}}},"4":{"name":"addTokenLiquidity","line":192,"loc":{"start":{"line":183,"column":4},"end":{"line":296,"column":4}}},"5":{"name":"removeTokenLiquidity","line":306,"loc":{"start":{"line":298,"column":4},"end":{"line":315,"column":4}}},"6":{"name":"_removeTokenLiquidity","line":317,"loc":{"start":{"line":317,"column":4},"end":{"line":413,"column":4}}},"7":{"name":"_getMintFeeLiquidityAmount","line":415,"loc":{"start":{"line":415,"column":4},"end":{"line":445,"column":4}}}},"statementMap":{"1":{"start":{"line":26,"column":8},"end":{"line":26,"column":56}},"2":{"start":{"line":28,"column":8},"end":{"line":28,"column":788}},"3":{"start":{"line":32,"column":8},"end":{"line":32,"column":879}},"4":{"start":{"line":34,"column":12},"end":{"line":34,"column":60}},"5":{"start":{"line":37,"column":12},"end":{"line":37,"column":1151}},"6":{"start":{"line":44,"column":8},"end":{"line":44,"column":1366}},"7":{"start":{"line":62,"column":8},"end":{"line":62,"column":1826}},"8":{"start":{"line":82,"column":8},"end":{"line":82,"column":2309}},"9":{"start":{"line":86,"column":8},"end":{"line":86,"column":2449}},"10":{"start":{"line":93,"column":8},"end":{"line":93,"column":2728}},"11":{"start":{"line":101,"column":8},"end":{"line":101,"column":2941}},"12":{"start":{"line":107,"column":8},"end":{"line":107,"column":3122}},"13":{"start":{"line":112,"column":8},"end":{"line":112,"column":3223}},"14":{"start":{"line":113,"column":12},"end":{"line":113,"column":22}},"15":{"start":{"line":118,"column":8},"end":{"line":118,"column":3441}},"16":{"start":{"line":123,"column":8},"end":{"line":123,"column":75}},"17":{"start":{"line":125,"column":8},"end":{"line":125,"column":3692}},"18":{"start":{"line":134,"column":8},"end":{"line":134,"column":37}},"19":{"start":{"line":135,"column":8},"end":{"line":135,"column":23}},"20":{"start":{"line":138,"column":8},"end":{"line":138,"column":37}},"21":{"start":{"line":141,"column":8},"end":{"line":141,"column":4298}},"22":{"start":{"line":149,"column":8},"end":{"line":149,"column":4516}},"23":{"start":{"line":152,"column":8},"end":{"line":152,"column":4568}},"24":{"start":{"line":160,"column":8},"end":{"line":160,"column":4801}},"25":{"start":{"line":167,"column":8},"end":{"line":167,"column":4974}},"26":{"start":{"line":175,"column":8},"end":{"line":175,"column":5183}},"27":{"start":{"line":197,"column":8},"end":{"line":197,"column":46}},"28":{"start":{"line":198,"column":8},"end":{"line":198,"column":41}},"29":{"start":{"line":200,"column":8},"end":{"line":200,"column":5863}},"30":{"start":{"line":205,"column":8},"end":{"line":205,"column":6007}},"31":{"start":{"line":210,"column":8},"end":{"line":210,"column":6167}},"32":{"start":{"line":218,"column":8},"end":{"line":218,"column":6363}},"33":{"start":{"line":223,"column":8},"end":{"line":223,"column":6558}},"34":{"start":{"line":226,"column":8},"end":{"line":226,"column":6627}},"35":{"start":{"line":227,"column":12},"end":{"line":227,"column":22}},"36":{"start":{"line":232,"column":8},"end":{"line":232,"column":6887}},"37":{"start":{"line":239,"column":8},"end":{"line":239,"column":7191}},"38":{"start":{"line":247,"column":8},"end":{"line":247,"column":7438}},"39":{"start":{"line":251,"column":8},"end":{"line":251,"column":7534}},"40":{"start":{"line":260,"column":8},"end":{"line":260,"column":7840}},"41":{"start":{"line":264,"column":8},"end":{"line":264,"column":7951}},"42":{"start":{"line":269,"column":8},"end":{"line":269,"column":8121}},"43":{"start":{"line":275,"column":8},"end":{"line":275,"column":8290}},"44":{"start":{"line":280,"column":8},"end":{"line":280,"column":8495}},"45":{"start":{"line":288,"column":8},"end":{"line":288,"column":8703}},"46":{"start":{"line":295,"column":8},"end":{"line":295,"column":23}},"47":{"start":{"line":310,"column":8},"end":{"line":310,"column":9280}},"48":{"start":{"line":326,"column":8},"end":{"line":326,"column":46}},"49":{"start":{"line":327,"column":8},"end":{"line":327,"column":41}},"50":{"start":{"line":329,"column":8},"end":{"line":329,"column":9770}},"51":{"start":{"line":334,"column":8},"end":{"line":334,"column":59}},"52":{"start":{"line":336,"column":8},"end":{"line":336,"column":10000}},"53":{"start":{"line":341,"column":8},"end":{"line":341,"column":10187}},"54":{"start":{"line":346,"column":8},"end":{"line":346,"column":10342}},"55":{"start":{"line":353,"column":8},"end":{"line":353,"column":10632}},"56":{"start":{"line":361,"column":8},"end":{"line":361,"column":10849}},"57":{"start":{"line":366,"column":8},"end":{"line":366,"column":11051}},"58":{"start":{"line":371,"column":8},"end":{"line":371,"column":11245}},"59":{"start":{"line":378,"column":8},"end":{"line":378,"column":11384}},"60":{"start":{"line":382,"column":8},"end":{"line":382,"column":11477}},"61":{"start":{"line":389,"column":8},"end":{"line":389,"column":11716}},"62":{"start":{"line":397,"column":8},"end":{"line":397,"column":11936}},"63":{"start":{"line":405,"column":8},"end":{"line":405,"column":12166}},"64":{"start":{"line":412,"column":8},"end":{"line":412,"column":30}},"65":{"start":{"line":424,"column":8},"end":{"line":424,"column":41}},"66":{"start":{"line":425,"column":8},"end":{"line":425,"column":12677}},"67":{"start":{"line":429,"column":8},"end":{"line":429,"column":12772}},"68":{"start":{"line":434,"column":12},"end":{"line":434,"column":12947}},"69":{"start":{"line":444,"column":8},"end":{"line":444,"column":40}}},"branchMap":{"1":{"line":32,"type":"if","locations":[{"start":{"line":32,"column":8},"end":{"line":32,"column":8}},{"start":{"line":32,"column":8},"end":{"line":32,"column":8}}]},"2":{"line":112,"type":"if","locations":[{"start":{"line":112,"column":8},"end":{"line":112,"column":8}},{"start":{"line":112,"column":8},"end":{"line":112,"column":8}}]},"3":{"line":226,"type":"if","locations":[{"start":{"line":226,"column":8},"end":{"line":226,"column":8}},{"start":{"line":226,"column":8},"end":{"line":226,"column":8}}]},"4":{"line":264,"type":"if","locations":[{"start":{"line":264,"column":8},"end":{"line":264,"column":8}},{"start":{"line":264,"column":8},"end":{"line":264,"column":8}}]},"5":{"line":429,"type":"if","locations":[{"start":{"line":429,"column":8},"end":{"line":429,"column":8}},{"start":{"line":429,"column":8},"end":{"line":429,"column":8}}]}}},
"contracts/CerbySwapV1_Math.sol":{"l":{"14":27,"15":27,"16":27,"17":27,"18":2165,"19":2165,"22":0},"path":"/Users/vm06007/Development/sol-cerby-swap-v1/CerbySwapV1_Tests/contracts/CerbySwapV1_Math.sol","s":{"1":27,"2":27,"3":27,"4":27,"5":2165,"6":2165,"7":0,"8":0},"b":{"1":[27,0],"2":[0,0]},"f":{"1":27},"fnMap":{"1":{"name":"sqrt","line":7,"loc":{"start":{"line":7,"column":4},"end":{"line":24,"column":4}}}},"statementMap":{"1":{"start":{"line":14,"column":8},"end":{"line":14,"column":227}},"2":{"start":{"line":15,"column":12},"end":{"line":15,"column":17}},"3":{"start":{"line":16,"column":12},"end":{"line":16,"column":34}},"4":{"start":{"line":17,"column":12},"end":{"line":17,"column":313}},"5":{"start":{"line":18,"column":16},"end":{"line":18,"column":20}},"6":{"start":{"line":19,"column":16},"end":{"line":19,"column":35}},"7":{"start":{"line":21,"column":15},"end":{"line":21,"column":415}},"8":{"start":{"line":22,"column":12},"end":{"line":22,"column":16}}},"branchMap":{"1":{"line":14,"type":"if","locations":[{"start":{"line":14,"column":8},"end":{"line":14,"column":8}},{"start":{"line":14,"column":8},"end":{"line":14,"column":8}}]},"2":{"line":21,"type":"if","locations":[{"start":{"line":21,"column":15},"end":{"line":21,"column":15}},{"start":{"line":21,"column":15},"end":{"line":21,"column":15}}]}}},
"contracts/CerbySwapV1_MinimalProxy.sol":{"l":{"18":751,"22":751,"24":751,"25":751,"27":751,"44":751,"53":3,"59":3,"63":3,"64":3,"88":3},"path":"/Users/vm06007/Development/sol-cerby-swap-v1/CerbySwapV1_Tests/contracts/CerbySwapV1_MinimalProxy.sol","s":{"1":751,"2":751,"3":751,"4":751,"5":751,"6":3,"7":3,"8":3,"9":3},"b":{},"f":{"1":751,"2":3},"fnMap":{"1":{"name":"getVaultCloneAddressByToken","line":11,"loc":{"start":{"line":11,"column":4},"end":{"line":45,"column":4}}},"2":{"name":"cloneVault","line":47,"loc":{"start":{"line":47,"column":4},"end":{"line":89,"column":4}}}},"statementMap":{"1":{"start":{"line":18,"column":8},"end":{"line":18,"column":421}},"2":{"start":{"line":22,"column":8},"end":{"line":22,"column":39}},"3":{"start":{"line":24,"column":8},"end":{"line":24,"column":58}},"4":{"start":{"line":25,"column":8},"end":{"line":25,"column":33}},"5":{"start":{"line":44,"column":8},"end":{"line":44,"column":32}},"6":{"start":{"line":53,"column":8},"end":{"line":53,"column":1501}},"7":{"start":{"line":59,"column":8},"end":{"line":59,"column":1614}},"8":{"start":{"line":63,"column":8},"end":{"line":63,"column":34}},"9":{"start":{"line":88,"column":8},"end":{"line":88,"column":33}}},"branchMap":{}},
"contracts/CerbySwapV1_Modifiers.sol":{"l":{"10":272,"11":4,"12":0,"14":268,"18":3,"19":0,"21":3,"25":116,"26":4,"27":0,"29":112},"path":"/Users/vm06007/Development/sol-cerby-swap-v1/CerbySwapV1_Tests/contracts/CerbySwapV1_Modifiers.sol","s":{"1":272,"2":4,"3":3,"4":116,"5":4},"b":{"1":[4,268],"2":[0,3],"3":[4,112]},"f":{"1":272,"2":3,"3":116},"fnMap":{"1":{"name":"tokenMustExistInPool","line":9,"loc":{"start":{"line":9,"column":4},"end":{"line":15,"column":4}}},"2":{"name":"tokenDoesNotExistInPool","line":17,"loc":{"start":{"line":17,"column":4},"end":{"line":22,"column":4}}},"3":{"name":"transactionIsNotExpired","line":24,"loc":{"start":{"line":24,"column":4},"end":{"line":30,"column":4}}}},"statementMap":{"1":{"start":{"line":10,"column":8},"end":{"line":10,"column":246}},"2":{"start":{"line":11,"column":12},"end":{"line":11,"column":22}},"3":{"start":{"line":18,"column":8},"end":{"line":18,"column":513}},"4":{"start":{"line":25,"column":8},"end":{"line":25,"column":700}},"5":{"start":{"line":26,"column":12},"end":{"line":26,"column":22}}},"branchMap":{"1":{"line":10,"type":"if","locations":[{"start":{"line":10,"column":8},"end":{"line":10,"column":8}},{"start":{"line":10,"column":8},"end":{"line":10,"column":8}}]},"2":{"line":18,"type":"if","locations":[{"start":{"line":18,"column":8},"end":{"line":18,"column":8}},{"start":{"line":18,"column":8},"end":{"line":18,"column":8}}]},"3":{"line":25,"type":"if","locations":[{"start":{"line":25,"column":8},"end":{"line":25,"column":8}},{"start":{"line":25,"column":8},"end":{"line":25,"column":8}}]}}},
"contracts/CerbySwapV1_SafeFunctions.sol":{"l":{"21":391,"25":391,"40":785,"54":245,"55":80,"59":165,"62":16,"64":16,"65":0,"66":0,"71":16,"72":10,"78":16,"83":16,"87":149,"88":12,"93":12,"98":137,"114":0,"123":0,"124":0,"137":137,"147":137,"148":0,"159":26,"162":26,"163":0},"path":"/Users/vm06007/Development/sol-cerby-swap-v1/CerbySwapV1_Tests/contracts/CerbySwapV1_SafeFunctions.sol","s":{"1":391,"2":391,"3":785,"4":245,"5":80,"6":165,"7":16,"8":16,"9":0,"10":16,"11":10,"12":16,"13":16,"14":149,"15":12,"16":12,"17":137,"18":0,"19":0,"20":137,"21":137,"22":26,"23":26},"b":{"1":[80,165],"2":[16,149],"3":[0,16],"4":[10,6],"5":[12,137],"6":[0,0],"7":[0,137],"8":[0,26]},"f":{"1":391,"2":785,"3":245,"4":0,"5":137,"6":26},"fnMap":{"1":{"name":"_getPoolBalances","line":14,"loc":{"start":{"line":14,"column":4},"end":{"line":29,"column":4}}},"2":{"name":"_getTokenBalance","line":32,"loc":{"start":{"line":32,"column":4},"end":{"line":43,"column":4}}},"3":{"name":"_safeTransferFromHelper","line":46,"loc":{"start":{"line":46,"column":4},"end":{"line":104,"column":4}}},"4":{"name":"_safeCoreTransferToken","line":106,"loc":{"start":{"line":106,"column":4},"end":{"line":126,"column":4}}},"5":{"name":"_safeCoreTransferFrom","line":128,"loc":{"start":{"line":128,"column":4},"end":{"line":150,"column":4}}},"6":{"name":"_safeCoreTransferNative","line":152,"loc":{"start":{"line":152,"column":4},"end":{"line":165,"column":4}}}},"statementMap":{"1":{"start":{"line":21,"column":8},"end":{"line":21,"column":507}},"2":{"start":{"line":25,"column":8},"end":{"line":25,"column":591}},"3":{"start":{"line":40,"column":8},"end":{"line":40,"column":944}},"4":{"start":{"line":54,"column":8},"end":{"line":54,"column":1263}},"5":{"start":{"line":55,"column":12},"end":{"line":55,"column":18}},"6":{"start":{"line":59,"column":8},"end":{"line":59,"column":1386}},"7":{"start":{"line":62,"column":12},"end":{"line":62,"column":57}},"8":{"start":{"line":64,"column":12},"end":{"line":64,"column":1566}},"9":{"start":{"line":65,"column":16},"end":{"line":65,"column":28}},"10":{"start":{"line":71,"column":12},"end":{"line":71,"column":1855}},"11":{"start":{"line":72,"column":16},"end":{"line":72,"column":1912}},"12":{"start":{"line":78,"column":12},"end":{"line":78,"column":2061}},"13":{"start":{"line":83,"column":12},"end":{"line":83,"column":18}},"14":{"start":{"line":87,"column":8},"end":{"line":87,"column":2227}},"15":{"start":{"line":88,"column":12},"end":{"line":88,"column":2295}},"16":{"start":{"line":93,"column":12},"end":{"line":93,"column":18}},"17":{"start":{"line":98,"column":8},"end":{"line":98,"column":2552}},"18":{"start":{"line":114,"column":8},"end":{"line":114,"column":2929}},"19":{"start":{"line":123,"column":8},"end":{"line":123,"column":3196}},"20":{"start":{"line":137,"column":8},"end":{"line":137,"column":3616}},"21":{"start":{"line":147,"column":8},"end":{"line":147,"column":3906}},"22":{"start":{"line":159,"column":8},"end":{"line":159,"column":64}},"23":{"start":{"line":162,"column":8},"end":{"line":162,"column":4388}}},"branchMap":{"1":{"line":54,"type":"if","locations":[{"start":{"line":54,"column":8},"end":{"line":54,"column":8}},{"start":{"line":54,"column":8},"end":{"line":54,"column":8}}]},"2":{"line":59,"type":"if","locations":[{"start":{"line":59,"column":8},"end":{"line":59,"column":8}},{"start":{"line":59,"column":8},"end":{"line":59,"column":8}}]},"3":{"line":64,"type":"if","locations":[{"start":{"line":64,"column":12},"end":{"line":64,"column":12}},{"start":{"line":64,"column":12},"end":{"line":64,"column":12}}]},"4":{"line":71,"type":"if","locations":[{"start":{"line":71,"column":12},"end":{"line":71,"column":12}},{"start":{"line":71,"column":12},"end":{"line":71,"column":12}}]},"5":{"line":87,"type":"if","locations":[{"start":{"line":87,"column":8},"end":{"line":87,"column":8}},{"start":{"line":87,"column":8},"end":{"line":87,"column":8}}]},"6":{"line":123,"type":"if","locations":[{"start":{"line":123,"column":8},"end":{"line":123,"column":8}},{"start":{"line":123,"column":8},"end":{"line":123,"column":8}}]},"7":{"line":147,"type":"if","locations":[{"start":{"line":147,"column":8},"end":{"line":147,"column":8}},{"start":{"line":147,"column":8},"end":{"line":147,"column":8}}]},"8":{"line":162,"type":"if","locations":[{"start":{"line":162,"column":8},"end":{"line":162,"column":8}},{"start":{"line":162,"column":8},"end":{"line":162,"column":8}}]}}},
"contracts/CerbySwapV1_SwapFunctions.sol":{"l":{"25":58,"26":6,"27":0,"30":52,"34":52,"38":52,"39":52,"42":52,"44":22,"49":22,"56":22,"57":2,"58":0,"62":20,"70":20,"78":16,"82":30,"84":20,"89":20,"96":18,"97":2,"98":0,"102":16,"110":16,"118":16,"122":10,"128":6,"133":6,"140":6,"144":6,"151":6,"152":0,"153":0,"157":6,"166":6,"175":6,"183":6,"187":4,"188":0,"206":42,"210":42,"214":42,"215":42,"218":42,"220":14,"225":14,"232":14,"233":2,"234":0,"238":12,"239":2,"240":0,"244":10,"252":10,"260":10,"264":28,"266":16,"271":16,"278":14,"279":2,"280":0,"284":12,"285":2,"286":0,"290":10,"298":10,"306":10,"310":12,"316":10,"321":10,"328":10,"329":2,"330":0,"334":8,"338":8,"345":8,"346":0,"347":0,"351":8,"352":0,"353":0,"357":8,"365":8,"374":8,"382":8,"386":2,"387":0,"400":84,"405":84,"409":84,"412":84,"413":0,"414":0,"417":84,"420":84,"424":4,"425":0,"428":80,"429":80,"430":80,"434":80,"437":40,"441":3,"442":3,"449":40,"453":80,"458":80,"467":80,"468":0,"469":0,"473":80,"474":0,"484":80,"487":25,"492":25,"497":80,"500":80,"502":0,"507":80,"515":80,"523":80,"535":80},"path":"/Users/vm06007/Development/sol-cerby-swap-v1/CerbySwapV1_Tests/contracts/CerbySwapV1_SwapFunctions.sol","s":{"1":58,"2":6,"3":52,"4":52,"5":52,"6":52,"7":52,"8":22,"9":22,"10":22,"11":2,"12":20,"13":20,"14":16,"15":30,"16":20,"17":20,"18":18,"19":2,"20":16,"21":16,"22":16,"23":10,"24":6,"25":6,"26":6,"27":6,"28":6,"29":0,"30":6,"31":6,"32":6,"33":6,"34":4,"35":42,"36":42,"37":42,"38":42,"39":42,"40":14,"41":14,"42":14,"43":2,"44":12,"45":2,"46":10,"47":10,"48":10,"49":28,"50":16,"51":16,"52":14,"53":2,"54":12,"55":2,"56":10,"57":10,"58":10,"59":12,"60":10,"61":10,"62":10,"63":2,"64":8,"65":8,"66":8,"67":0,"68":8,"69":0,"70":8,"71":8,"72":8,"73":8,"74":2,"75":84,"76":84,"77":84,"78":84,"79":0,"80":84,"81":84,"82":4,"83":80,"84":80,"85":80,"86":40,"87":3,"88":3,"89":40,"90":80,"91":80,"92":80,"93":0,"94":80,"95":0,"96":80,"97":25,"98":25,"99":80,"100":80,"101":0,"102":80,"103":80,"104":80,"105":80},"b":{"1":[6,52],"2":[22,30],"3":[2,20],"4":[20,10],"5":[2,16],"6":[6,4],"7":[0,6],"8":[14,28],"9":[2,12],"10":[2,10],"11":[16,12],"12":[2,12],"13":[2,10],"14":[10,2],"15":[2,8],"16":[0,8],"17":[0,8],"18":[0,84],"19":[4,80],"20":[40,40],"21":[3,37],"22":[0,80],"23":[0,80],"24":[25,55],"25":[0,80]},"f":{"1":58,"2":42,"3":84},"fnMap":{"1":{"name":"swapExactTokensForTokens","line":20,"loc":{"start":{"line":10,"column":4},"end":{"line":189,"column":4}}},"2":{"name":"swapTokensForExactTokens","line":202,"loc":{"start":{"line":192,"column":4},"end":{"line":388,"column":4}}},"3":{"name":"_swap","line":398,"loc":{"start":{"line":390,"column":4},"end":{"line":541,"column":4}}}},"statementMap":{"1":{"start":{"line":25,"column":8},"end":{"line":25,"column":753}},"2":{"start":{"line":26,"column":12},"end":{"line":26,"column":22}},"3":{"start":{"line":30,"column":8},"end":{"line":30,"column":934}},"4":{"start":{"line":34,"column":8},"end":{"line":34,"column":1029}},"5":{"start":{"line":38,"column":8},"end":{"line":38,"column":51}},"6":{"start":{"line":39,"column":8},"end":{"line":39,"column":35}},"7":{"start":{"line":42,"column":8},"end":{"line":42,"column":1251}},"8":{"start":{"line":44,"column":12},"end":{"line":44,"column":1380}},"9":{"start":{"line":49,"column":12},"end":{"line":49,"column":1532}},"10":{"start":{"line":56,"column":12},"end":{"line":56,"column":1734}},"11":{"start":{"line":57,"column":16},"end":{"line":57,"column":26}},"12":{"start":{"line":62,"column":12},"end":{"line":62,"column":2021}},"13":{"start":{"line":70,"column":12},"end":{"line":70,"column":2232}},"14":{"start":{"line":78,"column":12},"end":{"line":78,"column":26}},"15":{"start":{"line":82,"column":8},"end":{"line":82,"column":2471}},"16":{"start":{"line":84,"column":12},"end":{"line":84,"column":2600}},"17":{"start":{"line":89,"column":12},"end":{"line":89,"column":2754}},"18":{"start":{"line":96,"column":12},"end":{"line":96,"column":2958}},"19":{"start":{"line":97,"column":16},"end":{"line":97,"column":26}},"20":{"start":{"line":102,"column":12},"end":{"line":102,"column":3245}},"21":{"start":{"line":110,"column":12},"end":{"line":110,"column":3457}},"22":{"start":{"line":118,"column":12},"end":{"line":118,"column":26}},"23":{"start":{"line":122,"column":8},"end":{"line":122,"column":3723}},"24":{"start":{"line":128,"column":12},"end":{"line":128,"column":3923}},"25":{"start":{"line":133,"column":12},"end":{"line":133,"column":4077}},"26":{"start":{"line":140,"column":12},"end":{"line":140,"column":4312}},"27":{"start":{"line":144,"column":12},"end":{"line":144,"column":4427}},"28":{"start":{"line":151,"column":12},"end":{"line":151,"column":4631}},"29":{"start":{"line":152,"column":16},"end":{"line":152,"column":26}},"30":{"start":{"line":157,"column":12},"end":{"line":157,"column":4918}},"31":{"start":{"line":166,"column":12},"end":{"line":166,"column":5202}},"32":{"start":{"line":175,"column":12},"end":{"line":175,"column":5425}},"33":{"start":{"line":183,"column":12},"end":{"line":183,"column":26}},"34":{"start":{"line":187,"column":8},"end":{"line":187,"column":18}},"35":{"start":{"line":206,"column":8},"end":{"line":206,"column":6307}},"36":{"start":{"line":210,"column":8},"end":{"line":210,"column":6402}},"37":{"start":{"line":214,"column":8},"end":{"line":214,"column":51}},"38":{"start":{"line":215,"column":8},"end":{"line":215,"column":36}},"39":{"start":{"line":218,"column":8},"end":{"line":218,"column":6626}},"40":{"start":{"line":220,"column":12},"end":{"line":220,"column":6755}},"41":{"start":{"line":225,"column":12},"end":{"line":225,"column":6907}},"42":{"start":{"line":232,"column":12},"end":{"line":232,"column":7109}},"43":{"start":{"line":233,"column":16},"end":{"line":233,"column":26}},"44":{"start":{"line":238,"column":12},"end":{"line":238,"column":7405}},"45":{"start":{"line":239,"column":16},"end":{"line":239,"column":26}},"46":{"start":{"line":244,"column":12},"end":{"line":244,"column":7663}},"47":{"start":{"line":252,"column":12},"end":{"line":252,"column":7869}},"48":{"start":{"line":260,"column":12},"end":{"line":260,"column":26}},"49":{"start":{"line":264,"column":8},"end":{"line":264,"column":8115}},"50":{"start":{"line":266,"column":12},"end":{"line":266,"column":8244}},"51":{"start":{"line":271,"column":12},"end":{"line":271,"column":8398}},"52":{"start":{"line":278,"column":12},"end":{"line":278,"column":8602}},"53":{"start":{"line":279,"column":16},"end":{"line":279,"column":26}},"54":{"start":{"line":284,"column":12},"end":{"line":284,"column":8898}},"55":{"start":{"line":285,"column":16},"end":{"line":285,"column":26}},"56":{"start":{"line":290,"column":12},"end":{"line":290,"column":9156}},"57":{"start":{"line":298,"column":12},"end":{"line":298,"column":9363}},"58":{"start":{"line":306,"column":12},"end":{"line":306,"column":26}},"59":{"start":{"line":310,"column":8},"end":{"line":310,"column":9635}},"60":{"start":{"line":316,"column":12},"end":{"line":316,"column":9835}},"61":{"start":{"line":321,"column":12},"end":{"line":321,"column":9990}},"62":{"start":{"line":328,"column":12},"end":{"line":328,"column":10251}},"63":{"start":{"line":329,"column":16},"end":{"line":329,"column":26}},"64":{"start":{"line":334,"column":12},"end":{"line":334,"column":10501}},"65":{"start":{"line":338,"column":12},"end":{"line":338,"column":10614}},"66":{"start":{"line":345,"column":12},"end":{"line":345,"column":10859}},"67":{"start":{"line":346,"column":16},"end":{"line":346,"column":26}},"68":{"start":{"line":351,"column":12},"end":{"line":351,"column":11083}},"69":{"start":{"line":352,"column":16},"end":{"line":352,"column":26}},"70":{"start":{"line":357,"column":12},"end":{"line":357,"column":11369}},"71":{"start":{"line":365,"column":12},"end":{"line":365,"column":11575}},"72":{"start":{"line":374,"column":12},"end":{"line":374,"column":11798}},"73":{"start":{"line":382,"column":12},"end":{"line":382,"column":26}},"74":{"start":{"line":386,"column":8},"end":{"line":386,"column":18}},"75":{"start":{"line":400,"column":8},"end":{"line":400,"column":12438}},"76":{"start":{"line":405,"column":8},"end":{"line":405,"column":12632}},"77":{"start":{"line":409,"column":8},"end":{"line":409,"column":12805}},"78":{"start":{"line":412,"column":8},"end":{"line":412,"column":12880}},"79":{"start":{"line":413,"column":12},"end":{"line":413,"column":22}},"80":{"start":{"line":417,"column":8},"end":{"line":417,"column":56}},"81":{"start":{"line":420,"column":8},"end":{"line":420,"column":13171}},"82":{"start":{"line":424,"column":12},"end":{"line":424,"column":22}},"83":{"start":{"line":428,"column":8},"end":{"line":428,"column":51}},"84":{"start":{"line":429,"column":8},"end":{"line":429,"column":40}},"85":{"start":{"line":434,"column":12},"end":{"line":434,"column":13703}},"86":{"start":{"line":437,"column":16},"end":{"line":437,"column":13912}},"87":{"start":{"line":441,"column":20},"end":{"line":441,"column":68}},"88":{"start":{"line":442,"column":20},"end":{"line":442,"column":14136}},"89":{"start":{"line":449,"column":16},"end":{"line":449,"column":55}},"90":{"start":{"line":453,"column":12},"end":{"line":453,"column":14573}},"91":{"start":{"line":458,"column":12},"end":{"line":458,"column":14811}},"92":{"start":{"line":467,"column":12},"end":{"line":467,"column":15131}},"93":{"start":{"line":468,"column":16},"end":{"line":468,"column":26}},"94":{"start":{"line":473,"column":12},"end":{"line":473,"column":15388}},"95":{"start":{"line":474,"column":16},"end":{"line":474,"column":15454}},"96":{"start":{"line":484,"column":12},"end":{"line":484,"column":15755}},"97":{"start":{"line":487,"column":16},"end":{"line":487,"column":16033}},"98":{"start":{"line":492,"column":16},"end":{"line":492,"column":16324}},"99":{"start":{"line":497,"column":12},"end":{"line":497,"column":50}},"100":{"start":{"line":500,"column":12},"end":{"line":500,"column":16605}},"101":{"start":{"line":502,"column":16},"end":{"line":502,"column":64}},"102":{"start":{"line":507,"column":8},"end":{"line":507,"column":16913}},"103":{"start":{"line":515,"column":8},"end":{"line":515,"column":17118}},"104":{"start":{"line":523,"column":8},"end":{"line":523,"column":17352}},"105":{"start":{"line":535,"column":8},"end":{"line":535,"column":17692}}},"branchMap":{"1":{"line":25,"type":"if","locations":[{"start":{"line":25,"column":8},"end":{"line":25,"column":8}},{"start":{"line":25,"column":8},"end":{"line":25,"column":8}}]},"2":{"line":42,"type":"if","locations":[{"start":{"line":42,"column":8},"end":{"line":42,"column":8}},{"start":{"line":42,"column":8},"end":{"line":42,"column":8}}]},"3":{"line":56,"type":"if","locations":[{"start":{"line":56,"column":12},"end":{"line":56,"column":12}},{"start":{"line":56,"column":12},"end":{"line":56,"column":12}}]},"4":{"line":82,"type":"if","locations":[{"start":{"line":82,"column":8},"end":{"line":82,"column":8}},{"start":{"line":82,"column":8},"end":{"line":82,"column":8}}]},"5":{"line":96,"type":"if","locations":[{"start":{"line":96,"column":12},"end":{"line":96,"column":12}},{"start":{"line":96,"column":12},"end":{"line":96,"column":12}}]},"6":{"line":122,"type":"if","locations":[{"start":{"line":122,"column":8},"end":{"line":122,"column":8}},{"start":{"line":122,"column":8},"end":{"line":122,"column":8}}]},"7":{"line":151,"type":"if","locations":[{"start":{"line":151,"column":12},"end":{"line":151,"column":12}},{"start":{"line":151,"column":12},"end":{"line":151,"column":12}}]},"8":{"line":218,"type":"if","locations":[{"start":{"line":218,"column":8},"end":{"line":218,"column":8}},{"start":{"line":218,"column":8},"end":{"line":218,"column":8}}]},"9":{"line":232,"type":"if","locations":[{"start":{"line":232,"column":12},"end":{"line":232,"column":12}},{"start":{"line":232,"column":12},"end":{"line":232,"column":12}}]},"10":{"line":238,"type":"if","locations":[{"start":{"line":238,"column":12},"end":{"line":238,"column":12}},{"start":{"line":238,"column":12},"end":{"line":238,"column":12}}]},"11":{"line":264,"type":"if","locations":[{"start":{"line":264,"column":8},"end":{"line":264,"column":8}},{"start":{"line":264,"column":8},"end":{"line":264,"column":8}}]},"12":{"line":278,"type":"if","locations":[{"start":{"line":278,"column":12},"end":{"line":278,"column":12}},{"start":{"line":278,"column":12},"end":{"line":278,"column":12}}]},"13":{"line":284,"type":"if","locations":[{"start":{"line":284,"column":12},"end":{"line":284,"column":12}},{"start":{"line":284,"column":12},"end":{"line":284,"column":12}}]},"14":{"line":310,"type":"if","locations":[{"start":{"line":310,"column":8},"end":{"line":310,"column":8}},{"start":{"line":310,"column":8},"end":{"line":310,"column":8}}]},"15":{"line":328,"type":"if","locations":[{"start":{"line":328,"column":12},"end":{"line":328,"column":12}},{"start":{"line":328,"column":12},"end":{"line":328,"column":12}}]},"16":{"line":345,"type":"if","locations":[{"start":{"line":345,"column":12},"end":{"line":345,"column":12}},{"start":{"line":345,"column":12},"end":{"line":345,"column":12}}]},"17":{"line":351,"type":"if","locations":[{"start":{"line":351,"column":12},"end":{"line":351,"column":12}},{"start":{"line":351,"column":12},"end":{"line":351,"column":12}}]},"18":{"line":412,"type":"if","locations":[{"start":{"line":412,"column":8},"end":{"line":412,"column":8}},{"start":{"line":412,"column":8},"end":{"line":412,"column":8}}]},"19":{"line":420,"type":"if","locations":[{"start":{"line":420,"column":8},"end":{"line":420,"column":8}},{"start":{"line":420,"column":8},"end":{"line":420,"column":8}}]},"20":{"line":434,"type":"if","locations":[{"start":{"line":434,"column":12},"end":{"line":434,"column":12}},{"start":{"line":434,"column":12},"end":{"line":434,"column":12}}]},"21":{"line":437,"type":"if","locations":[{"start":{"line":437,"column":16},"end":{"line":437,"column":16}},{"start":{"line":437,"column":16},"end":{"line":437,"column":16}}]},"22":{"line":467,"type":"if","locations":[{"start":{"line":467,"column":12},"end":{"line":467,"column":12}},{"start":{"line":467,"column":12},"end":{"line":467,"column":12}}]},"23":{"line":473,"type":"if","locations":[{"start":{"line":473,"column":12},"end":{"line":473,"column":12}},{"start":{"line":473,"column":12},"end":{"line":473,"column":12}}]},"24":{"line":484,"type":"if","locations":[{"start":{"line":484,"column":12},"end":{"line":484,"column":12}},{"start":{"line":484,"column":12},"end":{"line":484,"column":12}}]},"25":{"line":500,"type":"if","locations":[{"start":{"line":500,"column":12},"end":{"line":500,"column":12}},{"start":{"line":500,"column":12},"end":{"line":500,"column":12}}]}}},
"contracts/CerbySwapV1_VaultImplementation.sol":{"l":{"26":3,"27":0,"30":3,"31":2,"37":3,"42":3,"43":3,"44":3,"54":0,"62":0,"71":12,"72":0,"76":12,"79":12,"80":0},"path":"/Users/vm06007/Development/sol-cerby-swap-v1/CerbySwapV1_Tests/contracts/CerbySwapV1_VaultImplementation.sol","s":{"1":3,"2":3,"3":2,"4":3,"5":3,"6":3,"7":3,"8":0,"9":0,"10":12,"11":12,"12":12},"b":{"1":[0,3],"2":[2,1],"3":[0,12],"4":[0,12]},"f":{"1":3,"2":3,"3":0,"4":0,"5":12},"fnMap":{"1":{"name":"constructor","line":17,"loc":{"start":{"line":17,"column":4},"end":{"line":17,"column":19}}},"2":{"name":"initialize","line":19,"loc":{"start":{"line":19,"column":4},"end":{"line":45,"column":4}}},"3":{"name":"token0","line":49,"loc":{"start":{"line":49,"column":4},"end":{"line":55,"column":4}}},"4":{"name":"token1","line":57,"loc":{"start":{"line":57,"column":4},"end":{"line":63,"column":4}}},"5":{"name":"withdrawEth","line":65,"loc":{"start":{"line":65,"column":4},"end":{"line":82,"column":4}}}},"statementMap":{"1":{"start":{"line":26,"column":8},"end":{"line":26,"column":650}},"2":{"start":{"line":30,"column":8},"end":{"line":30,"column":755}},"3":{"start":{"line":31,"column":12},"end":{"line":31,"column":802}},"4":{"start":{"line":37,"column":8},"end":{"line":37,"column":941}},"5":{"start":{"line":42,"column":8},"end":{"line":42,"column":21}},"6":{"start":{"line":43,"column":8},"end":{"line":43,"column":33}},"7":{"start":{"line":44,"column":8},"end":{"line":44,"column":25}},"8":{"start":{"line":54,"column":8},"end":{"line":54,"column":20}},"9":{"start":{"line":62,"column":8},"end":{"line":62,"column":26}},"10":{"start":{"line":71,"column":8},"end":{"line":71,"column":1548}},"11":{"start":{"line":76,"column":8},"end":{"line":76,"column":64}},"12":{"start":{"line":79,"column":8},"end":{"line":79,"column":1899}}},"branchMap":{"1":{"line":26,"type":"if","locations":[{"start":{"line":26,"column":8},"end":{"line":26,"column":8}},{"start":{"line":26,"column":8},"end":{"line":26,"column":8}}]},"2":{"line":30,"type":"if","locations":[{"start":{"line":30,"column":8},"end":{"line":30,"column":8}},{"start":{"line":30,"column":8},"end":{"line":30,"column":8}}]},"3":{"line":71,"type":"if","locations":[{"start":{"line":71,"column":8},"end":{"line":71,"column":8}},{"start":{"line":71,"column":8},"end":{"line":71,"column":8}}]},"4":{"line":79,"type":"if","locations":[{"start":{"line":79,"column":8},"end":{"line":79,"column":8}},{"start":{"line":79,"column":8},"end":{"line":79,"column":8}}]}}},
"contracts/CerbySwapV1.sol":{"l":{"13":3,"17":3,"18":3,"19":3,"21":3,"22":3,"24":3,"25":3,"29":3,"31":3,"41":3,"42":3,"52":3,"54":3,"57":0,"60":0,"63":0,"66":0,"70":3,"71":3},"path":"/Users/vm06007/Development/sol-cerby-swap-v1/CerbySwapV1_Tests/contracts/CerbySwapV1.sol","s":{"1":3,"2":3,"3":3,"4":3,"5":3,"6":3,"7":3,"8":3,"9":3,"10":3,"11":3,"12":3,"13":3,"14":3,"15":0,"16":0,"17":0,"18":0,"19":0,"20":0,"21":0,"22":0,"23":3,"24":3},"b":{"1":[3,0],"2":[0,0],"3":[0,0],"4":[0,0],"5":[0,0]},"f":{"1":3},"fnMap":{"1":{"name":"constructor","line":11,"loc":{"start":{"line":11,"column":4},"end":{"line":74,"column":4}}}},"statementMap":{"1":{"start":{"line":13,"column":8},"end":{"line":13,"column":290}},"2":{"start":{"line":17,"column":8},"end":{"line":17,"column":79}},"3":{"start":{"line":18,"column":8},"end":{"line":18,"column":62}},"4":{"start":{"line":19,"column":8},"end":{"line":19,"column":42}},"5":{"start":{"line":21,"column":8},"end":{"line":21,"column":30}},"6":{"start":{"line":22,"column":8},"end":{"line":22,"column":32}},"7":{"start":{"line":24,"column":8},"end":{"line":24,"column":52}},"8":{"start":{"line":25,"column":8},"end":{"line":25,"column":813}},"9":{"start":{"line":29,"column":8},"end":{"line":29,"column":53}},"10":{"start":{"line":31,"column":8},"end":{"line":31,"column":1020}},"11":{"start":{"line":41,"column":8},"end":{"line":41,"column":53}},"12":{"start":{"line":42,"column":8},"end":{"line":42,"column":1484}},"13":{"start":{"line":52,"column":8},"end":{"line":52,"column":1777}},"14":{"start":{"line":54,"column":12},"end":{"line":54,"column":67}},"15":{"start":{"line":55,"column":15},"end":{"line":55,"column":1912}},"16":{"start":{"line":57,"column":12},"end":{"line":57,"column":67}},"17":{"start":{"line":58,"column":15},"end":{"line":58,"column":2043}},"18":{"start":{"line":60,"column":12},"end":{"line":60,"column":67}},"19":{"start":{"line":61,"column":15},"end":{"line":61,"column":2179}},"20":{"start":{"line":63,"column":12},"end":{"line":63,"column":67}},"21":{"start":{"line":64,"column":15},"end":{"line":64,"column":2319}},"22":{"start":{"line":66,"column":12},"end":{"line":66,"column":67}},"23":{"start":{"line":70,"column":8},"end":{"line":70,"column":63}},"24":{"start":{"line":71,"column":8},"end":{"line":71,"column":2572}}},"branchMap":{"1":{"line":52,"type":"if","locations":[{"start":{"line":52,"column":8},"end":{"line":52,"column":8}},{"start":{"line":52,"column":8},"end":{"line":52,"column":8}}]},"2":{"line":55,"type":"if","locations":[{"start":{"line":55,"column":15},"end":{"line":55,"column":15}},{"start":{"line":55,"column":15},"end":{"line":55,"column":15}}]},"3":{"line":58,"type":"if","locations":[{"start":{"line":58,"column":15},"end":{"line":58,"column":15}},{"start":{"line":58,"column":15},"end":{"line":58,"column":15}}]},"4":{"line":61,"type":"if","locations":[{"start":{"line":61,"column":15},"end":{"line":61,"column":15}},{"start":{"line":61,"column":15},"end":{"line":61,"column":15}}]},"5":{"line":64,"type":"if","locations":[{"start":{"line":64,"column":15},"end":{"line":64,"column":15}},{"start":{"line":64,"column":15},"end":{"line":64,"column":15}}]}}},
"contracts/interfaces/ICerbyBotDetection.sol":{"l":{},"path":"/Users/vm06007/Development/sol-cerby-swap-v1/CerbySwapV1_Tests/contracts/interfaces/ICerbyBotDetection.sol","s":{},"b":{},"f":{},"fnMap":{},"statementMap":{},"branchMap":{}},
"contracts/interfaces/ICerbyCronJobs.sol":{"l":{},"path":"/Users/vm06007/Development/sol-cerby-swap-v1/CerbySwapV1_Tests/contracts/interfaces/ICerbyCronJobs.sol","s":{},"b":{},"f":{},"fnMap":{},"statementMap":{},"branchMap":{}},
"contracts/interfaces/ICerbySwapV1_VaultImplementation.sol":{"l":{},"path":"/Users/vm06007/Development/sol-cerby-swap-v1/CerbySwapV1_Tests/contracts/interfaces/ICerbySwapV1_VaultImplementation.sol","s":{},"b":{},"f":{},"fnMap":{},"statementMap":{},"branchMap":{}},
"contracts/interfaces/ICerbyToken.sol":{"l":{},"path":"/Users/vm06007/Development/sol-cerby-swap-v1/CerbySwapV1_Tests/contracts/interfaces/ICerbyToken.sol","s":{},"b":{},"f":{},"fnMap":{},"statementMap":{},"branchMap":{}},
"contracts/interfaces/ICerbyTokenMinterBurner.sol":{"l":{},"path":"/Users/vm06007/Development/sol-cerby-swap-v1/CerbySwapV1_Tests/contracts/interfaces/ICerbyTokenMinterBurner.sol","s":{},"b":{},"f":{},"fnMap":{},"statementMap":{},"branchMap":{}},
"contracts/interfaces/IERC20.sol":{"l":{},"path":"/Users/vm06007/Development/sol-cerby-swap-v1/CerbySwapV1_Tests/contracts/interfaces/IERC20.sol","s":{},"b":{},"f":{},"fnMap":{},"statementMap":{},"branchMap":{}},
"contracts/TestCerbyToken.sol":{"l":{"14":4,"15":4,"16":4,"17":4,"25":50,"26":50,"30":0,"34":0,"39":0,"44":3,"52":0},"path":"/Users/vm06007/Development/sol-cerby-swap-v1/CerbySwapV1_Tests/contracts/TestCerbyToken.sol","s":{"1":4,"2":4,"3":4,"4":4,"5":50,"6":50,"7":0,"8":0,"9":0,"10":3,"11":0},"b":{},"f":{"1":4,"2":50,"3":0,"4":0,"5":0,"6":3,"7":0},"fnMap":{"1":{"name":"constructor","line":10,"loc":{"start":{"line":9,"column":4},"end":{"line":18,"column":4}}},"2":{"name":"transferFrom","line":20,"loc":{"start":{"line":20,"column":4},"end":{"line":27,"column":4}}},"3":{"name":"mintByBridge","line":29,"loc":{"start":{"line":29,"column":4},"end":{"line":31,"column":4}}},"4":{"name":"burnByBridge","line":33,"loc":{"start":{"line":33,"column":4},"end":{"line":35,"column":4}}},"5":{"name":"mintHumanAddress","line":37,"loc":{"start":{"line":37,"column":4},"end":{"line":40,"column":4}}},"6":{"name":"burnHumanAddress","line":42,"loc":{"start":{"line":42,"column":4},"end":{"line":45,"column":4}}},"7":{"name":"transferCustom","line":47,"loc":{"start":{"line":47,"column":4},"end":{"line":53,"column":4}}}},"statementMap":{"1":{"start":{"line":14,"column":8},"end":{"line":14,"column":25}},"2":{"start":{"line":15,"column":8},"end":{"line":15,"column":68}},"3":{"start":{"line":16,"column":8},"end":{"line":16,"column":68}},"4":{"start":{"line":17,"column":8},"end":{"line":17,"column":36}},"5":{"start":{"line":25,"column":8},"end":{"line":25,"column":43}},"6":{"start":{"line":26,"column":8},"end":{"line":26,"column":19}},"7":{"start":{"line":30,"column":8},"end":{"line":30,"column":24}},"8":{"start":{"line":34,"column":8},"end":{"line":34,"column":26}},"9":{"start":{"line":39,"column":8},"end":{"line":39,"column":24}},"10":{"start":{"line":44,"column":8},"end":{"line":44,"column":26}},"11":{"start":{"line":52,"column":8},"end":{"line":52,"column":43}}},"branchMap":{}},
"contracts/TestCerUsdToken.sol":{"l":{"14":3,"15":3,"16":3,"17":3,"25":66,"26":66,"30":0,"34":0,"39":8,"44":7,"52":0},"path":"/Users/vm06007/Development/sol-cerby-swap-v1/CerbySwapV1_Tests/contracts/TestCerUsdToken.sol","s":{"1":3,"2":3,"3":3,"4":3,"5":66,"6":66,"7":0,"8":0,"9":8,"10":7,"11":0},"b":{},"f":{"1":3,"2":66,"3":0,"4":0,"5":8,"6":7,"7":0},"fnMap":{"1":{"name":"constructor","line":11,"loc":{"start":{"line":9,"column":4},"end":{"line":18,"column":4}}},"2":{"name":"transferFrom","line":20,"loc":{"start":{"line":20,"column":4},"end":{"line":27,"column":4}}},"3":{"name":"mintByBridge","line":29,"loc":{"start":{"line":29,"column":4},"end":{"line":31,"column":4}}},"4":{"name":"burnByBridge","line":33,"loc":{"start":{"line":33,"column":4},"end":{"line":35,"column":4}}},"5":{"name":"mintHumanAddress","line":37,"loc":{"start":{"line":37,"column":4},"end":{"line":40,"column":4}}},"6":{"name":"burnHumanAddress","line":42,"loc":{"start":{"line":42,"column":4},"end":{"line":45,"column":4}}},"7":{"name":"transferCustom","line":47,"loc":{"start":{"line":47,"column":4},"end":{"line":53,"column":4}}}},"statementMap":{"1":{"start":{"line":14,"column":8},"end":{"line":14,"column":25}},"2":{"start":{"line":15,"column":8},"end":{"line":15,"column":68}},"3":{"start":{"line":16,"column":8},"end":{"line":16,"column":68}},"4":{"start":{"line":17,"column":8},"end":{"line":17,"column":36}},"5":{"start":{"line":25,"column":8},"end":{"line":25,"column":43}},"6":{"start":{"line":26,"column":8},"end":{"line":26,"column":19}},"7":{"start":{"line":30,"column":8},"end":{"line":30,"column":24}},"8":{"start":{"line":34,"column":8},"end":{"line":34,"column":26}},"9":{"start":{"line":39,"column":8},"end":{"line":39,"column":24}},"10":{"start":{"line":44,"column":8},"end":{"line":44,"column":26}},"11":{"start":{"line":52,"column":8},"end":{"line":52,"column":43}}},"branchMap":{}},
"contracts/TestUsdcToken.sol":{"l":{"14":3,"15":3,"16":3,"17":3,"25":21,"26":21,"30":0,"34":0,"39":0,"44":0,"52":0},"path":"/Users/vm06007/Development/sol-cerby-swap-v1/CerbySwapV1_Tests/contracts/TestUsdcToken.sol","s":{"1":3,"2":3,"3":3,"4":3,"5":21,"6":21,"7":0,"8":0,"9":0,"10":0,"11":0},"b":{},"f":{"1":3,"2":21,"3":0,"4":0,"5":0,"6":0,"7":0},"fnMap":{"1":{"name":"constructor","line":12,"loc":{"start":{"line":9,"column":4},"end":{"line":18,"column":4}}},"2":{"name":"transferFrom","line":20,"loc":{"start":{"line":20,"column":4},"end":{"line":27,"column":4}}},"3":{"name":"mintByBridge","line":29,"loc":{"start":{"line":29,"column":4},"end":{"line":31,"column":4}}},"4":{"name":"burnByBridge","line":33,"loc":{"start":{"line":33,"column":4},"end":{"line":35,"column":4}}},"5":{"name":"mintHumanAddress","line":37,"loc":{"start":{"line":37,"column":4},"end":{"line":40,"column":4}}},"6":{"name":"burnHumanAddress","line":42,"loc":{"start":{"line":42,"column":4},"end":{"line":45,"column":4}}},"7":{"name":"transferCustom","line":47,"loc":{"start":{"line":47,"column":4},"end":{"line":53,"column":4}}}},"statementMap":{"1":{"start":{"line":14,"column":8},"end":{"line":14,"column":25}},"2":{"start":{"line":15,"column":8},"end":{"line":15,"column":68}},"3":{"start":{"line":16,"column":8},"end":{"line":16,"column":68}},"4":{"start":{"line":17,"column":8},"end":{"line":17,"column":36}},"5":{"start":{"line":25,"column":8},"end":{"line":25,"column":43}},"6":{"start":{"line":26,"column":8},"end":{"line":26,"column":19}},"7":{"start":{"line":30,"column":8},"end":{"line":30,"column":24}},"8":{"start":{"line":34,"column":8},"end":{"line":34,"column":26}},"9":{"start":{"line":39,"column":8},"end":{"line":39,"column":24}},"10":{"start":{"line":44,"column":8},"end":{"line":44,"column":26}},"11":{"start":{"line":52,"column":8},"end":{"line":52,"column":43}}},"branchMap":{}}}
