TN:
SF:/Users/vm06007/Development/sol-cerby-swap-v1/CerbySwapV1_Tests/contracts/CerbyCronJobsExecution.sol
FN:17,checkForBotsAndExecuteCronJobs
FN:28,executeCronJobs
FN:36,getUtilsContractAtPos
FN:45,checkForBots
FN:59,checkTransactionAndExecuteCron
FN:77,checkTransactionForBots
FNF:6
FNH:0
FNDA:0,checkForBotsAndExecuteCronJobs
FNDA:0,executeCronJobs
FNDA:0,getUtilsContractAtPos
FNDA:0,checkForBots
FNDA:0,checkTransactionAndExecuteCron
FNDA:0,checkTransactionForBots
DA:18,0
DA:21,0
DA:22,0
DA:24,0
DA:25,0
DA:29,0
DA:32,0
DA:33,0
DA:42,0
DA:46,0
DA:52,0
DA:53,0
DA:56,0
DA:63,0
DA:69,0
DA:70,0
DA:73,0
DA:74,0
DA:84,0
DA:90,0
DA:91,0
DA:94,0
DA:96,0
LF:23
LH:0
BRDA:21,1,0,0
BRDA:21,1,1,0
BRDA:52,2,0,0
BRDA:52,2,1,0
BRDA:69,3,0,0
BRDA:69,3,1,0
BRDA:90,4,0,0
BRDA:90,4,1,0
BRDA:94,5,0,0
BRDA:94,5,1,0
BRF:10
BRH:0
end_of_record
TN:
SF:/Users/vm06007/Development/sol-cerby-swap-v1/CerbySwapV1_Tests/contracts/CerbySwapV1_AdminFunctions.sol
FN:13,testSetupTokens
FN:31,testInit
FN:55,adminInitialize
FN:71,adminSetURI
FN:82,adminUpdateNameAndSymbol
FN:92,adminUpdateFeesAndTvlMultipliers
FN:123,adminCreatePool
FN:145,adminChangeCerUsdCreditInPool
FNF:8
FNH:4
FNDA:1,testSetupTokens
FNDA:1,testInit
FNDA:1,adminInitialize
FNDA:0,adminSetURI
FNDA:0,adminUpdateNameAndSymbol
FNDA:0,adminUpdateFeesAndTvlMultipliers
FNDA:0,adminCreatePool
FNDA:2,adminChangeCerUsdCreditInPool
DA:23,1
DA:24,1
DA:25,1
DA:27,1
DA:33,1
DA:42,1
DA:58,1
DA:73,0
DA:74,0
DA:84,0
DA:85,0
DA:94,0
DA:99,0
DA:102,0
DA:103,0
DA:106,0
DA:107,0
DA:110,0
DA:125,0
DA:147,2
DA:152,2
DA:155,2
DA:160,2
LF:23
LH:11
BRDA:94,1,0,0
BRDA:94,1,1,0
BRDA:102,2,0,0
BRDA:102,2,1,0
BRDA:106,3,0,0
BRDA:106,3,1,0
BRF:6
BRH:0
end_of_record
TN:
SF:/Users/vm06007/Development/sol-cerby-swap-v1/CerbySwapV1_Tests/contracts/CerbySwapV1_Declarations.sol
FNF:0
FNH:0
LF:0
LH:0
BRF:0
BRH:0
end_of_record
TN:
SF:/Users/vm06007/Development/sol-cerby-swap-v1/CerbySwapV1_Tests/contracts/CerbySwapV1_ERC1155.sol
FN:18,constructor
FN:20,name
FN:28,symbol
FN:36,decimals
FN:44,totalSupply
FN:60,uri
FN:79,setApprovalForAll
FN:88,_notOwnerNotApproved
FN:108,safeTransferFrom
FN:134,safeBatchTransferFrom
FNF:10
FNH:1
FNDA:3,constructor
FNDA:0,name
FNDA:0,symbol
FNDA:0,decimals
FNDA:0,totalSupply
FNDA:0,uri
FNDA:0,setApprovalForAll
FNDA:0,_notOwnerNotApproved
FNDA:0,safeTransferFrom
FNDA:0,safeBatchTransferFrom
DA:25,0
DA:33,0
DA:41,0
DA:49,0
DA:50,0
DA:53,0
DA:54,0
DA:57,0
DA:67,0
DA:81,0
DA:95,0
DA:111,0
DA:112,0
DA:115,0
DA:137,0
DA:138,0
DA:141,0
LF:17
LH:0
BRDA:111,1,0,0
BRDA:111,1,1,0
BRDA:137,2,0,0
BRDA:137,2,1,0
BRF:4
BRH:0
end_of_record
TN:
SF:/Users/vm06007/Development/sol-cerby-swap-v1/CerbySwapV1_Tests/contracts/CerbySwapV1_EventsAndErrors.sol
FNF:0
FNH:0
LF:0
LH:0
BRF:0
BRH:0
end_of_record
TN:
SF:/Users/vm06007/Development/sol-cerby-swap-v1/CerbySwapV1_Tests/contracts/CerbySwapV1_GetFunctions.sol
FN:12,getTokenToPoolId
FN:22,getSettings
FN:30,getPoolsByTokens
FN:45,getCurrentOneMinusFeeBasedOnTrades
FN:65,getOutputExactTokensForTokens
FN:116,getInputTokensForExactTokens
FN:169,_getCurrentPeriod
FN:179,_getCurrentOneMinusFeeBasedOnTrades
FN:233,_getOutputExactTokensForCerUsd
FN:257,_getOutputExactCerUsdForTokens
FN:268,_getOutput
FN:296,_getInputTokensForExactCerUsd
FN:320,_getInputCerUsdForExactTokens
FN:331,_getInput
FNF:14
FNH:12
FNDA:9,getTokenToPoolId
FNDA:0,getSettings
FNDA:114,getPoolsByTokens
FNDA:0,getCurrentOneMinusFeeBasedOnTrades
FNDA:40,getOutputExactTokensForTokens
FNDA:28,getInputTokensForExactTokens
FNDA:170,_getCurrentPeriod
FNDA:90,_getCurrentOneMinusFeeBasedOnTrades
FNDA:51,_getOutputExactTokensForCerUsd
FNDA:45,_getOutputExactCerUsdForTokens
FNDA:96,_getOutput
FNDA:36,_getInputTokensForExactCerUsd
FNDA:38,_getInputCerUsdForExactTokens
FNDA:74,_getInput
DA:19,9
DA:27,0
DA:37,114
DA:38,114
DA:39,114
DA:40,114
DA:42,114
DA:53,0
DA:55,0
DA:59,0
DA:74,40
DA:77,40
DA:79,19
DA:84,19
DA:88,21
DA:90,17
DA:95,17
DA:101,4
DA:107,4
DA:113,4
DA:125,28
DA:128,28
DA:130,14
DA:136,14
DA:140,14
DA:142,14
DA:148,14
DA:154,0
DA:160,0
DA:166,0
DA:174,170
DA:188,90
DA:189,90
DA:190,90
DA:192,90
DA:195,720
DA:196,540
DA:200,90
DA:205,90
DA:209,90
DA:213,90
DA:214,90
DA:217,0
DA:218,0
DA:221,0
DA:237,51
DA:239,51
DA:260,45
DA:279,96
DA:282,96
DA:286,96
DA:300,36
DA:302,36
DA:323,38
DA:342,74
DA:348,74
LF:56
LH:46
BRDA:77,1,0,19
BRDA:77,1,1,21
BRDA:88,2,0,17
BRDA:88,2,1,4
BRDA:128,3,0,14
BRDA:128,3,1,14
BRDA:140,4,0,14
BRDA:140,4,1,0
BRDA:195,5,0,180
BRDA:195,5,1,540
BRDA:213,6,0,90
BRDA:213,6,1,0
BRDA:217,7,0,0
BRDA:217,7,1,0
BRF:14
BRH:10
end_of_record
TN:
SF:/Users/vm06007/Development/sol-cerby-swap-v1/CerbySwapV1_Tests/contracts/CerbySwapV1_LiquidityFunctions.sol
FN:19,increaseCerUsdCreditInPool
FN:53,createPool
FN:79,_createPool
FN:192,addTokenLiquidity
FN:306,removeTokenLiquidity
FN:317,_removeTokenLiquidity
FN:415,_getMintFeeLiquidityAmount
FNF:7
FNH:5
FNDA:0,increaseCerUsdCreditInPool
FNDA:0,createPool
FNDA:3,_createPool
FNDA:5,addTokenLiquidity
FNDA:7,removeTokenLiquidity
FNDA:7,_removeTokenLiquidity
FNDA:12,_getMintFeeLiquidityAmount
DA:26,0
DA:28,0
DA:32,0
DA:34,0
DA:37,0
DA:44,0
DA:62,0
DA:82,3
DA:86,3
DA:93,3
DA:101,3
DA:107,3
DA:112,3
DA:113,0
DA:114,0
DA:118,3
DA:123,3
DA:125,3
DA:134,3
DA:135,3
DA:138,3
DA:141,3
DA:149,3
DA:152,3
DA:160,3
DA:167,3
DA:175,3
DA:197,5
DA:198,5
DA:200,5
DA:205,5
DA:210,5
DA:218,5
DA:223,5
DA:226,5
DA:227,0
DA:228,0
DA:232,5
DA:239,5
DA:247,5
DA:251,5
DA:260,5
DA:264,5
DA:265,0
DA:269,5
DA:275,5
DA:280,5
DA:288,5
DA:295,5
DA:310,7
DA:326,7
DA:327,7
DA:329,7
DA:334,7
DA:336,7
DA:341,7
DA:346,7
DA:353,7
DA:361,7
DA:366,7
DA:371,7
DA:378,7
DA:382,7
DA:389,7
DA:397,7
DA:405,7
DA:412,7
DA:424,12
DA:425,12
DA:429,12
DA:434,7
DA:444,12
LF:72
LH:60
BRDA:32,1,0,0
BRDA:32,1,1,0
BRDA:112,2,0,0
BRDA:112,2,1,3
BRDA:226,3,0,0
BRDA:226,3,1,5
BRDA:264,4,0,0
BRDA:264,4,1,5
BRDA:429,5,0,7
BRDA:429,5,1,5
BRF:10
BRH:5
end_of_record
TN:
SF:/Users/vm06007/Development/sol-cerby-swap-v1/CerbySwapV1_Tests/contracts/CerbySwapV1_Math.sol
FN:7,sqrt
FNF:1
FNH:1
FNDA:27,sqrt
DA:14,27
DA:15,27
DA:16,27
DA:17,27
DA:18,2165
DA:19,2165
DA:22,0
LF:7
LH:6
BRDA:14,1,0,27
BRDA:14,1,1,0
BRDA:21,2,0,0
BRDA:21,2,1,0
BRF:4
BRH:1
end_of_record
TN:
SF:/Users/vm06007/Development/sol-cerby-swap-v1/CerbySwapV1_Tests/contracts/CerbySwapV1_MinimalProxy.sol
FN:11,getVaultCloneAddressByToken
FN:47,cloneVault
FNF:2
FNH:2
FNDA:751,getVaultCloneAddressByToken
FNDA:3,cloneVault
DA:18,751
DA:22,751
DA:24,751
DA:25,751
DA:27,751
DA:44,751
DA:53,3
DA:59,3
DA:63,3
DA:64,3
DA:88,3
LF:11
LH:11
BRF:0
BRH:0
end_of_record
TN:
SF:/Users/vm06007/Development/sol-cerby-swap-v1/CerbySwapV1_Tests/contracts/CerbySwapV1_Modifiers.sol
FN:9,tokenMustExistInPool
FN:17,tokenDoesNotExistInPool
FN:24,transactionIsNotExpired
FNF:3
FNH:3
FNDA:272,tokenMustExistInPool
FNDA:3,tokenDoesNotExistInPool
FNDA:116,transactionIsNotExpired
DA:10,272
DA:11,4
DA:12,0
DA:14,268
DA:18,3
DA:19,0
DA:21,3
DA:25,116
DA:26,4
DA:27,0
DA:29,112
LF:11
LH:8
BRDA:10,1,0,4
BRDA:10,1,1,268
BRDA:18,2,0,0
BRDA:18,2,1,3
BRDA:25,3,0,4
BRDA:25,3,1,112
BRF:6
BRH:5
end_of_record
TN:
SF:/Users/vm06007/Development/sol-cerby-swap-v1/CerbySwapV1_Tests/contracts/CerbySwapV1_SafeFunctions.sol
FN:14,_getPoolBalances
FN:32,_getTokenBalance
FN:46,_safeTransferFromHelper
FN:106,_safeCoreTransferToken
FN:128,_safeCoreTransferFrom
FN:152,_safeCoreTransferNative
FNF:6
FNH:5
FNDA:391,_getPoolBalances
FNDA:785,_getTokenBalance
FNDA:245,_safeTransferFromHelper
FNDA:0,_safeCoreTransferToken
FNDA:137,_safeCoreTransferFrom
FNDA:26,_safeCoreTransferNative
DA:21,391
DA:25,391
DA:40,785
DA:54,245
DA:55,80
DA:59,165
DA:62,16
DA:64,16
DA:65,0
DA:66,0
DA:71,16
DA:72,10
DA:78,16
DA:83,16
DA:87,149
DA:88,12
DA:93,12
DA:98,137
DA:114,0
DA:123,0
DA:124,0
DA:137,137
DA:147,137
DA:148,0
DA:159,26
DA:162,26
DA:163,0
LF:27
LH:20
BRDA:54,1,0,80
BRDA:54,1,1,165
BRDA:59,2,0,16
BRDA:59,2,1,149
BRDA:64,3,0,0
BRDA:64,3,1,16
BRDA:71,4,0,10
BRDA:71,4,1,6
BRDA:87,5,0,12
BRDA:87,5,1,137
BRDA:123,6,0,0
BRDA:123,6,1,0
BRDA:147,7,0,0
BRDA:147,7,1,137
BRDA:162,8,0,0
BRDA:162,8,1,26
BRF:16
BRH:11
end_of_record
TN:
SF:/Users/vm06007/Development/sol-cerby-swap-v1/CerbySwapV1_Tests/contracts/CerbySwapV1_SwapFunctions.sol
FN:20,swapExactTokensForTokens
FN:202,swapTokensForExactTokens
FN:398,_swap
FNF:3
FNH:3
FNDA:58,swapExactTokensForTokens
FNDA:42,swapTokensForExactTokens
FNDA:84,_swap
DA:25,58
DA:26,6
DA:27,0
DA:30,52
DA:34,52
DA:38,52
DA:39,52
DA:42,52
DA:44,22
DA:49,22
DA:56,22
DA:57,2
DA:58,0
DA:62,20
DA:70,20
DA:78,16
DA:82,30
DA:84,20
DA:89,20
DA:96,18
DA:97,2
DA:98,0
DA:102,16
DA:110,16
DA:118,16
DA:122,10
DA:128,6
DA:133,6
DA:140,6
DA:144,6
DA:151,6
DA:152,0
DA:153,0
DA:157,6
DA:166,6
DA:175,6
DA:183,6
DA:187,4
DA:188,0
DA:206,42
DA:210,42
DA:214,42
DA:215,42
DA:218,42
DA:220,14
DA:225,14
DA:232,14
DA:233,2
DA:234,0
DA:238,12
DA:239,2
DA:240,0
DA:244,10
DA:252,10
DA:260,10
DA:264,28
DA:266,16
DA:271,16
DA:278,14
DA:279,2
DA:280,0
DA:284,12
DA:285,2
DA:286,0
DA:290,10
DA:298,10
DA:306,10
DA:310,12
DA:316,10
DA:321,10
DA:328,10
DA:329,2
DA:330,0
DA:334,8
DA:338,8
DA:345,8
DA:346,0
DA:347,0
DA:351,8
DA:352,0
DA:353,0
DA:357,8
DA:365,8
DA:374,8
DA:382,8
DA:386,2
DA:387,0
DA:400,84
DA:405,84
DA:409,84
DA:412,84
DA:413,0
DA:414,0
DA:417,84
DA:420,84
DA:424,4
DA:425,0
DA:428,80
DA:429,80
DA:430,80
DA:434,80
DA:437,40
DA:441,3
DA:442,3
DA:449,40
DA:453,80
DA:458,80
DA:467,80
DA:468,0
DA:469,0
DA:473,80
DA:474,0
DA:484,80
DA:487,25
DA:492,25
DA:497,80
DA:500,80
DA:502,0
DA:507,80
DA:515,80
DA:523,80
DA:535,80
LF:122
LH:99
BRDA:25,1,0,6
BRDA:25,1,1,52
BRDA:42,2,0,22
BRDA:42,2,1,30
BRDA:56,3,0,2
BRDA:56,3,1,20
BRDA:82,4,0,20
BRDA:82,4,1,10
BRDA:96,5,0,2
BRDA:96,5,1,16
BRDA:122,6,0,6
BRDA:122,6,1,4
BRDA:151,7,0,0
BRDA:151,7,1,6
BRDA:218,8,0,14
BRDA:218,8,1,28
BRDA:232,9,0,2
BRDA:232,9,1,12
BRDA:238,10,0,2
BRDA:238,10,1,10
BRDA:264,11,0,16
BRDA:264,11,1,12
BRDA:278,12,0,2
BRDA:278,12,1,12
BRDA:284,13,0,2
BRDA:284,13,1,10
BRDA:310,14,0,10
BRDA:310,14,1,2
BRDA:328,15,0,2
BRDA:328,15,1,8
BRDA:345,16,0,0
BRDA:345,16,1,8
BRDA:351,17,0,0
BRDA:351,17,1,8
BRDA:412,18,0,0
BRDA:412,18,1,84
BRDA:420,19,0,4
BRDA:420,19,1,80
BRDA:434,20,0,40
BRDA:434,20,1,40
BRDA:437,21,0,3
BRDA:437,21,1,37
BRDA:467,22,0,0
BRDA:467,22,1,80
BRDA:473,23,0,0
BRDA:473,23,1,80
BRDA:484,24,0,25
BRDA:484,24,1,55
BRDA:500,25,0,0
BRDA:500,25,1,80
BRF:50
BRH:43
end_of_record
TN:
SF:/Users/vm06007/Development/sol-cerby-swap-v1/CerbySwapV1_Tests/contracts/CerbySwapV1_VaultImplementation.sol
FN:17,constructor
FN:19,initialize
FN:49,token0
FN:57,token1
FN:65,withdrawEth
FNF:5
FNH:3
FNDA:3,constructor
FNDA:3,initialize
FNDA:0,token0
FNDA:0,token1
FNDA:12,withdrawEth
DA:26,3
DA:27,0
DA:30,3
DA:31,2
DA:37,3
DA:42,3
DA:43,3
DA:44,3
DA:54,0
DA:62,0
DA:71,12
DA:72,0
DA:76,12
DA:79,12
DA:80,0
LF:15
LH:10
BRDA:26,1,0,0
BRDA:26,1,1,3
BRDA:30,2,0,2
BRDA:30,2,1,1
BRDA:71,3,0,0
BRDA:71,3,1,12
BRDA:79,4,0,0
BRDA:79,4,1,12
BRF:8
BRH:5
end_of_record
TN:
SF:/Users/vm06007/Development/sol-cerby-swap-v1/CerbySwapV1_Tests/contracts/CerbySwapV1.sol
FN:11,constructor
FNF:1
FNH:1
FNDA:3,constructor
DA:13,3
DA:17,3
DA:18,3
DA:19,3
DA:21,3
DA:22,3
DA:24,3
DA:25,3
DA:29,3
DA:31,3
DA:41,3
DA:42,3
DA:52,3
DA:54,3
DA:57,0
DA:60,0
DA:63,0
DA:66,0
DA:70,3
DA:71,3
LF:20
LH:16
BRDA:52,1,0,3
BRDA:52,1,1,0
BRDA:55,2,0,0
BRDA:55,2,1,0
BRDA:58,3,0,0
BRDA:58,3,1,0
BRDA:61,4,0,0
BRDA:61,4,1,0
BRDA:64,5,0,0
BRDA:64,5,1,0
BRF:10
BRH:1
end_of_record
TN:
SF:/Users/vm06007/Development/sol-cerby-swap-v1/CerbySwapV1_Tests/contracts/interfaces/ICerbyBotDetection.sol
FNF:0
FNH:0
LF:0
LH:0
BRF:0
BRH:0
end_of_record
TN:
SF:/Users/vm06007/Development/sol-cerby-swap-v1/CerbySwapV1_Tests/contracts/interfaces/ICerbyCronJobs.sol
FNF:0
FNH:0
LF:0
LH:0
BRF:0
BRH:0
end_of_record
TN:
SF:/Users/vm06007/Development/sol-cerby-swap-v1/CerbySwapV1_Tests/contracts/interfaces/ICerbySwapV1_VaultImplementation.sol
FNF:0
FNH:0
LF:0
LH:0
BRF:0
BRH:0
end_of_record
TN:
SF:/Users/vm06007/Development/sol-cerby-swap-v1/CerbySwapV1_Tests/contracts/interfaces/ICerbyToken.sol
FNF:0
FNH:0
LF:0
LH:0
BRF:0
BRH:0
end_of_record
TN:
SF:/Users/vm06007/Development/sol-cerby-swap-v1/CerbySwapV1_Tests/contracts/interfaces/ICerbyTokenMinterBurner.sol
FNF:0
FNH:0
LF:0
LH:0
BRF:0
BRH:0
end_of_record
TN:
SF:/Users/vm06007/Development/sol-cerby-swap-v1/CerbySwapV1_Tests/contracts/interfaces/IERC20.sol
FNF:0
FNH:0
LF:0
LH:0
BRF:0
BRH:0
end_of_record
TN:
SF:/Users/vm06007/Development/sol-cerby-swap-v1/CerbySwapV1_Tests/contracts/TestCerbyToken.sol
FN:10,constructor
FN:20,transferFrom
FN:29,mintByBridge
FN:33,burnByBridge
FN:37,mintHumanAddress
FN:42,burnHumanAddress
FN:47,transferCustom
FNF:7
FNH:3
FNDA:4,constructor
FNDA:50,transferFrom
FNDA:0,mintByBridge
FNDA:0,burnByBridge
FNDA:0,mintHumanAddress
FNDA:3,burnHumanAddress
FNDA:0,transferCustom
DA:14,4
DA:15,4
DA:16,4
DA:17,4
DA:25,50
DA:26,50
DA:30,0
DA:34,0
DA:39,0
DA:44,3
DA:52,0
LF:11
LH:7
BRF:0
BRH:0
end_of_record
TN:
SF:/Users/vm06007/Development/sol-cerby-swap-v1/CerbySwapV1_Tests/contracts/TestCerUsdToken.sol
FN:11,constructor
FN:20,transferFrom
FN:29,mintByBridge
FN:33,burnByBridge
FN:37,mintHumanAddress
FN:42,burnHumanAddress
FN:47,transferCustom
FNF:7
FNH:4
FNDA:3,constructor
FNDA:66,transferFrom
FNDA:0,mintByBridge
FNDA:0,burnByBridge
FNDA:8,mintHumanAddress
FNDA:7,burnHumanAddress
FNDA:0,transferCustom
DA:14,3
DA:15,3
DA:16,3
DA:17,3
DA:25,66
DA:26,66
DA:30,0
DA:34,0
DA:39,8
DA:44,7
DA:52,0
LF:11
LH:8
BRF:0
BRH:0
end_of_record
TN:
SF:/Users/vm06007/Development/sol-cerby-swap-v1/CerbySwapV1_Tests/contracts/TestUsdcToken.sol
FN:12,constructor
FN:20,transferFrom
FN:29,mintByBridge
FN:33,burnByBridge
FN:37,mintHumanAddress
FN:42,burnHumanAddress
FN:47,transferCustom
FNF:7
FNH:2
FNDA:3,constructor
FNDA:21,transferFrom
FNDA:0,mintByBridge
FNDA:0,burnByBridge
FNDA:0,mintHumanAddress
FNDA:0,burnHumanAddress
FNDA:0,transferCustom
DA:14,3
DA:15,3
DA:16,3
DA:17,3
DA:25,21
DA:26,21
DA:30,0
DA:34,0
DA:39,0
DA:44,0
DA:52,0
LF:11
LH:6
BRF:0
BRH:0
end_of_record
