{
"contracts/CerbyCronJobsExecution.sol":{"l":{"21":0,"24":0,"25":0,"27":0,"28":0,"32":0,"35":0,"36":0,"47":0,"53":0,"59":0,"60":0,"63":0,"70":0,"76":0,"77":0,"80":0,"81":0,"91":0,"97":0,"98":0,"101":0,"103":0},"path":"/Users/numwan/Documents/Remix/bitbucket/sol-cerby-swap-v1/contracts/CerbyCronJobsExecution.sol","s":{"1":0,"2":0,"3":0,"4":0,"5":0,"6":0,"7":0,"8":0,"9":0,"10":0,"11":0,"12":0,"13":0,"14":0,"15":0,"16":0},"b":{"1":[0,0],"2":[0,0],"3":[0,0],"4":[0,0],"5":[0,0]},"f":{"1":0,"2":0,"3":0,"4":0,"5":0,"6":0},"fnMap":{"1":{"name":"checkForBotsAndExecuteCronJobs","line":18,"loc":{"start":{"line":18,"column":4},"end":{"line":29,"column":4}}},"2":{"name":"executeCronJobs","line":31,"loc":{"start":{"line":31,"column":4},"end":{"line":37,"column":4}}},"3":{"name":"getUtilsContractAtPos","line":39,"loc":{"start":{"line":39,"column":4},"end":{"line":48,"column":4}}},"4":{"name":"checkForBots","line":50,"loc":{"start":{"line":50,"column":4},"end":{"line":64,"column":4}}},"5":{"name":"checkTransactionAndExecuteCron","line":66,"loc":{"start":{"line":66,"column":4},"end":{"line":82,"column":4}}},"6":{"name":"checkTransactionForBots","line":84,"loc":{"start":{"line":84,"column":4},"end":{"line":107,"column":4}}}},"statementMap":{"1":{"start":{"line":21,"column":8},"end":{"line":21,"column":538}},"2":{"start":{"line":24,"column":8},"end":{"line":24,"column":683}},"3":{"start":{"line":27,"column":8},"end":{"line":27,"column":43}},"4":{"start":{"line":32,"column":8},"end":{"line":32,"column":925}},"5":{"start":{"line":35,"column":8},"end":{"line":35,"column":43}},"6":{"start":{"line":47,"column":8},"end":{"line":47,"column":63}},"7":{"start":{"line":53,"column":8},"end":{"line":53,"column":1403}},"8":{"start":{"line":59,"column":8},"end":{"line":59,"column":1600}},"9":{"start":{"line":70,"column":8},"end":{"line":70,"column":1867}},"10":{"start":{"line":76,"column":8},"end":{"line":76,"column":2064}},"11":{"start":{"line":80,"column":8},"end":{"line":80,"column":43}},"12":{"start":{"line":91,"column":8},"end":{"line":91,"column":2428}},"13":{"start":{"line":97,"column":8},"end":{"line":97,"column":2625}},"14":{"start":{"line":101,"column":8},"end":{"line":101,"column":40}},"15":{"start":{"line":101,"column":34},"end":{"line":101,"column":40}},"16":{"start":{"line":103,"column":8},"end":{"line":103,"column":2829}}},"branchMap":{"1":{"line":24,"type":"if","locations":[{"start":{"line":24,"column":8},"end":{"line":24,"column":8}},{"start":{"line":24,"column":8},"end":{"line":24,"column":8}}]},"2":{"line":59,"type":"if","locations":[{"start":{"line":59,"column":8},"end":{"line":59,"column":8}},{"start":{"line":59,"column":8},"end":{"line":59,"column":8}}]},"3":{"line":76,"type":"if","locations":[{"start":{"line":76,"column":8},"end":{"line":76,"column":8}},{"start":{"line":76,"column":8},"end":{"line":76,"column":8}}]},"4":{"line":97,"type":"if","locations":[{"start":{"line":97,"column":8},"end":{"line":97,"column":8}},{"start":{"line":97,"column":8},"end":{"line":97,"column":8}}]},"5":{"line":101,"type":"if","locations":[{"start":{"line":101,"column":8},"end":{"line":101,"column":8}},{"start":{"line":101,"column":8},"end":{"line":101,"column":8}}]}}},
"contracts/CerbySwapV1_AdminFunctions.sol":{"l":{"18":1,"28":1,"29":1,"38":0,"43":0,"44":0,"47":0,"48":0,"49":0,"52":0,"53":0,"54":0,"57":0,"72":0,"94":0,"99":0,"102":0,"107":0},"path":"/Users/numwan/Documents/Remix/bitbucket/sol-cerby-swap-v1/contracts/CerbySwapV1_AdminFunctions.sol","s":{"1":1,"2":1,"3":1,"4":0,"5":0,"6":0,"7":0,"8":0,"9":0,"10":0,"11":0,"12":0,"13":0,"14":0,"15":0},"b":{"1":[0,0],"2":[0,0],"3":[0,0]},"f":{"1":1,"2":1,"3":0,"4":0,"5":0},"fnMap":{"1":{"name":"adminSetUrlPrefix","line":16,"loc":{"start":{"line":12,"column":4},"end":{"line":19,"column":4}}},"2":{"name":"adminUpdateNameAndSymbol","line":26,"loc":{"start":{"line":21,"column":4},"end":{"line":30,"column":4}}},"3":{"name":"adminUpdateSettings","line":36,"loc":{"start":{"line":32,"column":4},"end":{"line":58,"column":4}}},"4":{"name":"adminCreatePool","line":70,"loc":{"start":{"line":62,"column":4},"end":{"line":79,"column":4}}},"5":{"name":"adminChangeCerUsdCreditInPool","line":92,"loc":{"start":{"line":86,"column":4},"end":{"line":113,"column":4}}}},"statementMap":{"1":{"start":{"line":18,"column":8},"end":{"line":18,"column":32}},"2":{"start":{"line":28,"column":8},"end":{"line":28,"column":38}},"3":{"start":{"line":29,"column":8},"end":{"line":29,"column":42}},"4":{"start":{"line":38,"column":8},"end":{"line":38,"column":798}},"5":{"start":{"line":43,"column":12},"end":{"line":43,"column":24}},"6":{"start":{"line":47,"column":8},"end":{"line":47,"column":1103}},"7":{"start":{"line":48,"column":12},"end":{"line":48,"column":24}},"8":{"start":{"line":52,"column":8},"end":{"line":52,"column":1275}},"9":{"start":{"line":53,"column":12},"end":{"line":53,"column":24}},"10":{"start":{"line":57,"column":8},"end":{"line":57,"column":27}},"11":{"start":{"line":72,"column":8},"end":{"line":72,"column":1888}},"12":{"start":{"line":94,"column":8},"end":{"line":94,"column":2581}},"13":{"start":{"line":99,"column":8},"end":{"line":99,"column":67}},"14":{"start":{"line":102,"column":8},"end":{"line":102,"column":2859}},"15":{"start":{"line":107,"column":8},"end":{"line":107,"column":3006}}},"branchMap":{"1":{"line":38,"type":"if","locations":[{"start":{"line":38,"column":8},"end":{"line":38,"column":8}},{"start":{"line":38,"column":8},"end":{"line":38,"column":8}}]},"2":{"line":47,"type":"if","locations":[{"start":{"line":47,"column":8},"end":{"line":47,"column":8}},{"start":{"line":47,"column":8},"end":{"line":47,"column":8}}]},"3":{"line":52,"type":"if","locations":[{"start":{"line":52,"column":8},"end":{"line":52,"column":8}},{"start":{"line":52,"column":8},"end":{"line":52,"column":8}}]}}},
"contracts/CerbySwapV1_Declarations.sol":{"l":{},"path":"/Users/numwan/Documents/Remix/bitbucket/sol-cerby-swap-v1/contracts/CerbySwapV1_Declarations.sol","s":{},"b":{},"f":{},"fnMap":{},"statementMap":{},"branchMap":{}},
"contracts/CerbySwapV1_ERC1155.sol":{"l":{"18":1,"26":1,"34":0,"42":0,"43":0,"46":0,"47":0,"50":0,"60":1,"75":0,"94":0,"110":1,"112":1,"113":1,"115":1,"116":3,"117":3,"120":1,"121":1,"123":1,"125":1,"126":3,"127":3,"130":1},"path":"/Users/numwan/Documents/Remix/bitbucket/sol-cerby-swap-v1/contracts/CerbySwapV1_ERC1155.sol","s":{"1":1,"2":1,"3":0,"4":0,"5":0,"6":0,"7":0,"8":0,"9":1,"10":0,"11":0,"12":1,"13":0,"14":1,"15":1,"16":1,"17":3,"18":1,"19":1,"20":1,"21":1,"22":3,"23":3,"24":1},"b":{"1":[0,1]},"f":{"1":1,"2":1,"3":0,"4":0,"5":1,"6":0,"7":0,"8":1},"fnMap":{"1":{"name":"name","line":13,"loc":{"start":{"line":13,"column":4},"end":{"line":19,"column":4}}},"2":{"name":"symbol","line":21,"loc":{"start":{"line":21,"column":4},"end":{"line":27,"column":4}}},"3":{"name":"decimals","line":29,"loc":{"start":{"line":29,"column":4},"end":{"line":35,"column":4}}},"4":{"name":"totalSupply","line":37,"loc":{"start":{"line":37,"column":4},"end":{"line":51,"column":4}}},"5":{"name":"uri","line":53,"loc":{"start":{"line":53,"column":4},"end":{"line":66,"column":4}}},"6":{"name":"setApprovalForAll","line":73,"loc":{"start":{"line":68,"column":4},"end":{"line":80,"column":4}}},"7":{"name":"safeTransferFrom","line":92,"loc":{"start":{"line":83,"column":4},"end":{"line":101,"column":4}}},"8":{"name":"uint2str","line":103,"loc":{"start":{"line":103,"column":4},"end":{"line":131,"column":4}}}},"statementMap":{"1":{"start":{"line":18,"column":8},"end":{"line":18,"column":27}},"2":{"start":{"line":26,"column":8},"end":{"line":26,"column":29}},"3":{"start":{"line":34,"column":8},"end":{"line":34,"column":17}},"4":{"start":{"line":42,"column":8},"end":{"line":42,"column":17}},"5":{"start":{"line":43,"column":8},"end":{"line":43,"column":33}},"6":{"start":{"line":46,"column":8},"end":{"line":46,"column":953}},"7":{"start":{"line":47,"column":12},"end":{"line":47,"column":54}},"8":{"start":{"line":50,"column":8},"end":{"line":50,"column":32}},"9":{"start":{"line":60,"column":8},"end":{"line":60,"column":1222}},"10":{"start":{"line":75,"column":8},"end":{"line":75,"column":1507}},"11":{"start":{"line":94,"column":8},"end":{"line":94,"column":1859}},"12":{"start":{"line":110,"column":8},"end":{"line":110,"column":31}},"13":{"start":{"line":110,"column":21},"end":{"line":110,"column":31}},"14":{"start":{"line":112,"column":8},"end":{"line":112,"column":22}},"15":{"start":{"line":113,"column":8},"end":{"line":113,"column":22}},"16":{"start":{"line":115,"column":8},"end":{"line":115,"column":2198}},"17":{"start":{"line":117,"column":12},"end":{"line":117,"column":18}},"18":{"start":{"line":120,"column":8},"end":{"line":120,"column":45}},"19":{"start":{"line":121,"column":8},"end":{"line":121,"column":26}},"20":{"start":{"line":123,"column":8},"end":{"line":123,"column":13}},"21":{"start":{"line":125,"column":8},"end":{"line":125,"column":2370}},"22":{"start":{"line":126,"column":12},"end":{"line":126,"column":49}},"23":{"start":{"line":127,"column":12},"end":{"line":127,"column":18}},"24":{"start":{"line":130,"column":8},"end":{"line":130,"column":25}}},"branchMap":{"1":{"line":110,"type":"if","locations":[{"start":{"line":110,"column":8},"end":{"line":110,"column":8}},{"start":{"line":110,"column":8},"end":{"line":110,"column":8}}]}}},
"contracts/CerbySwapV1_EventsAndErrors.sol":{"l":{},"path":"/Users/numwan/Documents/Remix/bitbucket/sol-cerby-swap-v1/contracts/CerbySwapV1_EventsAndErrors.sol","s":{},"b":{},"f":{},"fnMap":{},"statementMap":{},"branchMap":{}},
"contracts/CerbySwapV1_GetFunctions.sol":{"l":{"19":6,"27":0,"37":0,"38":0,"39":0,"40":0,"42":0,"52":38,"53":38,"54":38,"55":38,"57":0,"68":1,"70":1,"74":0,"93":1,"95":1,"103":0,"105":0,"114":0,"120":0,"139":0,"141":0,"149":0,"151":0,"160":0,"165":0,"177":0,"191":0,"192":0,"194":0,"197":0,"198":0,"204":0,"209":0,"213":0,"217":0,"218":0,"221":0,"222":0,"225":0,"241":0,"243":0,"262":0,"281":0,"284":0,"299":0,"301":0,"320":0,"339":0},"path":"/Users/numwan/Documents/Remix/bitbucket/sol-cerby-swap-v1/contracts/CerbySwapV1_GetFunctions.sol","s":{"1":6,"2":0,"3":0,"4":0,"5":0,"6":0,"7":0,"8":38,"9":38,"10":38,"11":38,"12":0,"13":1,"14":1,"15":0,"16":1,"17":1,"18":0,"19":0,"20":0,"21":0,"22":0,"23":0,"24":0,"25":0,"26":0,"27":0,"28":0,"29":0,"30":0,"31":0,"32":0,"33":0,"34":0,"35":0,"36":0,"37":0,"38":0,"39":0,"40":0,"41":0,"42":0,"43":0,"44":0,"45":0,"46":0,"47":0,"48":0,"49":0,"50":0},"b":{"1":[1,0],"2":[0,0],"3":[0,0],"4":[0,0],"5":[0,0],"6":[0,0],"7":[0,0]},"f":{"1":6,"2":0,"3":0,"4":38,"5":1,"6":1,"7":0,"8":0,"9":0,"10":0,"11":0,"12":0,"13":0,"14":0,"15":0},"fnMap":{"1":{"name":"getTokenToPoolId","line":12,"loc":{"start":{"line":12,"column":4},"end":{"line":20,"column":4}}},"2":{"name":"getSettings","line":22,"loc":{"start":{"line":22,"column":4},"end":{"line":28,"column":4}}},"3":{"name":"getPoolsByTokens","line":30,"loc":{"start":{"line":30,"column":4},"end":{"line":43,"column":4}}},"4":{"name":"getPoolsBalancesByTokens","line":45,"loc":{"start":{"line":45,"column":4},"end":{"line":58,"column":4}}},"5":{"name":"getCurrentOneMinusFeeBasedOnTrades","line":60,"loc":{"start":{"line":60,"column":4},"end":{"line":78,"column":4}}},"6":{"name":"getOutputExactTokensForTokens","line":80,"loc":{"start":{"line":80,"column":4},"end":{"line":124,"column":4}}},"7":{"name":"getInputTokensForExactTokens","line":126,"loc":{"start":{"line":126,"column":4},"end":{"line":170,"column":4}}},"8":{"name":"_getCurrentPeriod","line":172,"loc":{"start":{"line":172,"column":4},"end":{"line":180,"column":4}}},"9":{"name":"_getCurrentOneMinusFeeBasedOnTrades","line":182,"loc":{"start":{"line":182,"column":4},"end":{"line":229,"column":4}}},"10":{"name":"_getOutputExactTokensForCerUsd","line":231,"loc":{"start":{"line":231,"column":4},"end":{"line":252,"column":4}}},"11":{"name":"_getOutputExactCerUsdForTokens","line":254,"loc":{"start":{"line":254,"column":4},"end":{"line":268,"column":4}}},"12":{"name":"_getOutput","line":270,"loc":{"start":{"line":270,"column":4},"end":{"line":287,"column":4}}},"13":{"name":"_getInputTokensForExactCerUsd","line":289,"loc":{"start":{"line":289,"column":4},"end":{"line":310,"column":4}}},"14":{"name":"_getInputCerUsdForExactTokens","line":312,"loc":{"start":{"line":312,"column":4},"end":{"line":326,"column":4}}},"15":{"name":"_getInput","line":328,"loc":{"start":{"line":328,"column":4},"end":{"line":345,"column":4}}}},"statementMap":{"1":{"start":{"line":19,"column":8},"end":{"line":19,"column":47}},"2":{"start":{"line":27,"column":8},"end":{"line":27,"column":23}},"3":{"start":{"line":37,"column":8},"end":{"line":37,"column":62}},"4":{"start":{"line":38,"column":8},"end":{"line":38,"column":778}},"5":{"start":{"line":39,"column":12},"end":{"line":39,"column":38}},"6":{"start":{"line":40,"column":12},"end":{"line":40,"column":66}},"7":{"start":{"line":42,"column":8},"end":{"line":42,"column":26}},"8":{"start":{"line":52,"column":8},"end":{"line":52,"column":78}},"9":{"start":{"line":53,"column":8},"end":{"line":53,"column":1219}},"10":{"start":{"line":54,"column":12},"end":{"line":54,"column":38}},"11":{"start":{"line":55,"column":12},"end":{"line":55,"column":51}},"12":{"start":{"line":57,"column":8},"end":{"line":57,"column":26}},"13":{"start":{"line":68,"column":8},"end":{"line":68,"column":67}},"14":{"start":{"line":70,"column":8},"end":{"line":70,"column":1692}},"15":{"start":{"line":74,"column":8},"end":{"line":74,"column":1784}},"16":{"start":{"line":93,"column":8},"end":{"line":93,"column":2207}},"17":{"start":{"line":95,"column":12},"end":{"line":95,"column":2297}},"18":{"start":{"line":103,"column":8},"end":{"line":103,"column":2503}},"19":{"start":{"line":105,"column":12},"end":{"line":105,"column":2592}},"20":{"start":{"line":114,"column":8},"end":{"line":114,"column":2905}},"21":{"start":{"line":120,"column":8},"end":{"line":120,"column":3073}},"22":{"start":{"line":139,"column":8},"end":{"line":139,"column":3517}},"23":{"start":{"line":141,"column":12},"end":{"line":141,"column":3607}},"24":{"start":{"line":149,"column":8},"end":{"line":149,"column":3813}},"25":{"start":{"line":151,"column":12},"end":{"line":151,"column":3902}},"26":{"start":{"line":160,"column":8},"end":{"line":160,"column":4215}},"27":{"start":{"line":165,"column":8},"end":{"line":165,"column":4362}},"28":{"start":{"line":177,"column":8},"end":{"line":177,"column":4639}},"29":{"start":{"line":191,"column":8},"end":{"line":191,"column":51}},"30":{"start":{"line":192,"column":8},"end":{"line":192,"column":22}},"31":{"start":{"line":194,"column":8},"end":{"line":194,"column":5042}},"32":{"start":{"line":197,"column":12},"end":{"line":197,"column":44}},"33":{"start":{"line":198,"column":12},"end":{"line":198,"column":58}},"34":{"start":{"line":204,"column":8},"end":{"line":204,"column":82}},"35":{"start":{"line":209,"column":8},"end":{"line":209,"column":5827}},"36":{"start":{"line":213,"column":8},"end":{"line":213,"column":5971}},"37":{"start":{"line":217,"column":8},"end":{"line":217,"column":6088}},"38":{"start":{"line":218,"column":12},"end":{"line":218,"column":60}},"39":{"start":{"line":221,"column":8},"end":{"line":221,"column":6211}},"40":{"start":{"line":222,"column":12},"end":{"line":222,"column":60}},"41":{"start":{"line":225,"column":8},"end":{"line":225,"column":6381}},"42":{"start":{"line":241,"column":8},"end":{"line":241,"column":67}},"43":{"start":{"line":243,"column":8},"end":{"line":243,"column":6927}},"44":{"start":{"line":262,"column":8},"end":{"line":262,"column":7399}},"45":{"start":{"line":281,"column":8},"end":{"line":281,"column":7998}},"46":{"start":{"line":284,"column":8},"end":{"line":284,"column":8103}},"47":{"start":{"line":299,"column":8},"end":{"line":299,"column":67}},"48":{"start":{"line":301,"column":8},"end":{"line":301,"column":8528}},"49":{"start":{"line":320,"column":8},"end":{"line":320,"column":9000}},"50":{"start":{"line":339,"column":8},"end":{"line":339,"column":9588}}},"branchMap":{"1":{"line":93,"type":"if","locations":[{"start":{"line":93,"column":8},"end":{"line":93,"column":8}},{"start":{"line":93,"column":8},"end":{"line":93,"column":8}}]},"2":{"line":103,"type":"if","locations":[{"start":{"line":103,"column":8},"end":{"line":103,"column":8}},{"start":{"line":103,"column":8},"end":{"line":103,"column":8}}]},"3":{"line":139,"type":"if","locations":[{"start":{"line":139,"column":8},"end":{"line":139,"column":8}},{"start":{"line":139,"column":8},"end":{"line":139,"column":8}}]},"4":{"line":149,"type":"if","locations":[{"start":{"line":149,"column":8},"end":{"line":149,"column":8}},{"start":{"line":149,"column":8},"end":{"line":149,"column":8}}]},"5":{"line":197,"type":"if","locations":[{"start":{"line":197,"column":12},"end":{"line":197,"column":12}},{"start":{"line":197,"column":12},"end":{"line":197,"column":12}}]},"6":{"line":217,"type":"if","locations":[{"start":{"line":217,"column":8},"end":{"line":217,"column":8}},{"start":{"line":217,"column":8},"end":{"line":217,"column":8}}]},"7":{"line":221,"type":"if","locations":[{"start":{"line":221,"column":8},"end":{"line":221,"column":8}},{"start":{"line":221,"column":8},"end":{"line":221,"column":8}}]}}},
"contracts/CerbySwapV1_LiquidityFunctions.sol":{"l":{"26":0,"29":0,"30":0,"34":0,"39":0,"45":0,"48":0,"66":0,"84":0,"85":0,"86":0,"90":0,"94":0,"99":0,"107":0,"113":0,"118":0,"119":0,"120":0,"125":0,"127":0,"128":0,"131":0,"135":0,"144":0,"145":0,"148":0,"151":0,"158":0,"161":0,"168":0,"175":0,"183":0,"205":0,"206":0,"208":0,"213":0,"218":0,"226":0,"231":0,"234":0,"235":0,"236":0,"240":0,"247":0,"254":0,"258":0,"265":0,"269":0,"270":0,"274":0,"280":0,"285":0,"293":0,"300":0,"316":0,"332":0,"333":0,"335":0,"340":0,"342":0,"347":0,"352":0,"359":0,"366":0,"371":0,"376":0,"383":0,"387":0,"394":0,"402":0,"410":0,"417":0,"429":0,"433":0,"438":0,"448":0},"path":"/Users/numwan/Documents/Remix/bitbucket/sol-cerby-swap-v1/contracts/CerbySwapV1_LiquidityFunctions.sol","s":{"1":0,"2":0,"3":0,"4":0,"5":0,"6":0,"7":0,"8":0,"9":0,"10":0,"11":0,"12":0,"13":0,"14":0,"15":0,"16":0,"17":0,"18":0,"19":0,"20":0,"21":0,"22":0,"23":0,"24":0,"25":0,"26":0,"27":0,"28":0,"29":0,"30":0,"31":0,"32":0,"33":0,"34":0,"35":0,"36":0,"37":0,"38":0,"39":0,"40":0,"41":0,"42":0,"43":0,"44":0,"45":0,"46":0,"47":0,"48":0,"49":0,"50":0,"51":0,"52":0,"53":0,"54":0,"55":0,"56":0,"57":0,"58":0,"59":0,"60":0,"61":0,"62":0,"63":0,"64":0,"65":0,"66":0,"67":0,"68":0,"69":0,"70":0,"71":0,"72":0},"b":{"1":[0,0],"2":[0,0],"3":[0,0],"4":[0,0],"5":[0,0],"6":[0,0]},"f":{"1":0,"2":0,"3":0,"4":0,"5":0,"6":0,"7":0},"fnMap":{"1":{"name":"increaseCerUsdCreditInPool","line":19,"loc":{"start":{"line":19,"column":4},"end":{"line":54,"column":4}}},"2":{"name":"createPool","line":57,"loc":{"start":{"line":57,"column":4},"end":{"line":73,"column":4}}},"3":{"name":"_createPool","line":75,"loc":{"start":{"line":75,"column":4},"end":{"line":189,"column":4}}},"4":{"name":"addTokenLiquidity","line":200,"loc":{"start":{"line":191,"column":4},"end":{"line":301,"column":4}}},"5":{"name":"removeTokenLiquidity","line":311,"loc":{"start":{"line":303,"column":4},"end":{"line":321,"column":4}}},"6":{"name":"_removeTokenLiquidity","line":323,"loc":{"start":{"line":323,"column":4},"end":{"line":418,"column":4}}},"7":{"name":"_getMintFeeLiquidityAmount","line":420,"loc":{"start":{"line":420,"column":4},"end":{"line":449,"column":4}}}},"statementMap":{"1":{"start":{"line":26,"column":8},"end":{"line":26,"column":67}},"2":{"start":{"line":29,"column":8},"end":{"line":29,"column":859}},"3":{"start":{"line":34,"column":8},"end":{"line":34,"column":1039}},"4":{"start":{"line":39,"column":8},"end":{"line":39,"column":1208}},"5":{"start":{"line":45,"column":8},"end":{"line":45,"column":1407}},"6":{"start":{"line":48,"column":8},"end":{"line":48,"column":1498}},"7":{"start":{"line":66,"column":8},"end":{"line":66,"column":1993}},"8":{"start":{"line":84,"column":8},"end":{"line":84,"column":2377}},"9":{"start":{"line":85,"column":12},"end":{"line":85,"column":37}},"10":{"start":{"line":90,"column":8},"end":{"line":90,"column":2592}},"11":{"start":{"line":94,"column":8},"end":{"line":94,"column":2665}},"12":{"start":{"line":99,"column":8},"end":{"line":99,"column":2812}},"13":{"start":{"line":107,"column":8},"end":{"line":107,"column":3025}},"14":{"start":{"line":113,"column":8},"end":{"line":113,"column":3208}},"15":{"start":{"line":118,"column":8},"end":{"line":118,"column":3309}},"16":{"start":{"line":119,"column":12},"end":{"line":119,"column":22}},"17":{"start":{"line":125,"column":8},"end":{"line":125,"column":75}},"18":{"start":{"line":127,"column":8},"end":{"line":127,"column":3699}},"19":{"start":{"line":128,"column":12},"end":{"line":128,"column":46}},"20":{"start":{"line":131,"column":8},"end":{"line":131,"column":3820}},"21":{"start":{"line":135,"column":8},"end":{"line":135,"column":3921}},"22":{"start":{"line":144,"column":8},"end":{"line":144,"column":37}},"23":{"start":{"line":145,"column":8},"end":{"line":145,"column":23}},"24":{"start":{"line":148,"column":8},"end":{"line":148,"column":56}},"25":{"start":{"line":151,"column":8},"end":{"line":151,"column":4598}},"26":{"start":{"line":158,"column":8},"end":{"line":158,"column":4761}},"27":{"start":{"line":161,"column":8},"end":{"line":161,"column":4813}},"28":{"start":{"line":168,"column":8},"end":{"line":168,"column":4991}},"29":{"start":{"line":175,"column":8},"end":{"line":175,"column":5164}},"30":{"start":{"line":183,"column":8},"end":{"line":183,"column":5373}},"31":{"start":{"line":205,"column":8},"end":{"line":205,"column":57}},"32":{"start":{"line":206,"column":8},"end":{"line":206,"column":41}},"33":{"start":{"line":208,"column":8},"end":{"line":208,"column":6078}},"34":{"start":{"line":213,"column":8},"end":{"line":213,"column":6229}},"35":{"start":{"line":218,"column":8},"end":{"line":218,"column":6389}},"36":{"start":{"line":226,"column":8},"end":{"line":226,"column":6585}},"37":{"start":{"line":231,"column":8},"end":{"line":231,"column":6780}},"38":{"start":{"line":234,"column":8},"end":{"line":234,"column":6849}},"39":{"start":{"line":235,"column":12},"end":{"line":235,"column":22}},"40":{"start":{"line":240,"column":8},"end":{"line":240,"column":7109}},"41":{"start":{"line":247,"column":8},"end":{"line":247,"column":7413}},"42":{"start":{"line":254,"column":8},"end":{"line":254,"column":7605}},"43":{"start":{"line":258,"column":8},"end":{"line":258,"column":7701}},"44":{"start":{"line":265,"column":8},"end":{"line":265,"column":7906}},"45":{"start":{"line":269,"column":8},"end":{"line":269,"column":8017}},"46":{"start":{"line":274,"column":8},"end":{"line":274,"column":8187}},"47":{"start":{"line":280,"column":8},"end":{"line":280,"column":8358}},"48":{"start":{"line":285,"column":8},"end":{"line":285,"column":8563}},"49":{"start":{"line":293,"column":8},"end":{"line":293,"column":8771}},"50":{"start":{"line":300,"column":8},"end":{"line":300,"column":23}},"51":{"start":{"line":316,"column":8},"end":{"line":316,"column":9417}},"52":{"start":{"line":332,"column":8},"end":{"line":332,"column":57}},"53":{"start":{"line":333,"column":8},"end":{"line":333,"column":41}},"54":{"start":{"line":335,"column":8},"end":{"line":335,"column":9918}},"55":{"start":{"line":340,"column":8},"end":{"line":340,"column":59}},"56":{"start":{"line":342,"column":8},"end":{"line":342,"column":10148}},"57":{"start":{"line":347,"column":8},"end":{"line":347,"column":10335}},"58":{"start":{"line":352,"column":8},"end":{"line":352,"column":10538}},"59":{"start":{"line":359,"column":8},"end":{"line":359,"column":10828}},"60":{"start":{"line":366,"column":8},"end":{"line":366,"column":10990}},"61":{"start":{"line":371,"column":8},"end":{"line":371,"column":11192}},"62":{"start":{"line":376,"column":8},"end":{"line":376,"column":11386}},"63":{"start":{"line":383,"column":8},"end":{"line":383,"column":11525}},"64":{"start":{"line":387,"column":8},"end":{"line":387,"column":11625}},"65":{"start":{"line":394,"column":8},"end":{"line":394,"column":11866}},"66":{"start":{"line":402,"column":8},"end":{"line":402,"column":12133}},"67":{"start":{"line":410,"column":8},"end":{"line":410,"column":12363}},"68":{"start":{"line":417,"column":8},"end":{"line":417,"column":30}},"69":{"start":{"line":429,"column":8},"end":{"line":429,"column":12817}},"70":{"start":{"line":433,"column":8},"end":{"line":433,"column":12909}},"71":{"start":{"line":438,"column":12},"end":{"line":438,"column":13059}},"72":{"start":{"line":448,"column":8},"end":{"line":448,"column":16}}},"branchMap":{"1":{"line":29,"type":"if","locations":[{"start":{"line":29,"column":8},"end":{"line":29,"column":8}},{"start":{"line":29,"column":8},"end":{"line":29,"column":8}}]},"2":{"line":84,"type":"if","locations":[{"start":{"line":84,"column":8},"end":{"line":84,"column":8}},{"start":{"line":84,"column":8},"end":{"line":84,"column":8}}]},"3":{"line":118,"type":"if","locations":[{"start":{"line":118,"column":8},"end":{"line":118,"column":8}},{"start":{"line":118,"column":8},"end":{"line":118,"column":8}}]},"4":{"line":234,"type":"if","locations":[{"start":{"line":234,"column":8},"end":{"line":234,"column":8}},{"start":{"line":234,"column":8},"end":{"line":234,"column":8}}]},"5":{"line":269,"type":"if","locations":[{"start":{"line":269,"column":8},"end":{"line":269,"column":8}},{"start":{"line":269,"column":8},"end":{"line":269,"column":8}}]},"6":{"line":433,"type":"if","locations":[{"start":{"line":433,"column":8},"end":{"line":433,"column":8}},{"start":{"line":433,"column":8},"end":{"line":433,"column":8}}]}}},
"contracts/CerbySwapV1_Math.sol":{"l":{"14":0,"15":0,"16":0,"17":0,"18":0,"19":0,"22":0},"path":"/Users/numwan/Documents/Remix/bitbucket/sol-cerby-swap-v1/contracts/CerbySwapV1_Math.sol","s":{"1":0,"2":0,"3":0,"4":0,"5":0,"6":0,"7":0,"8":0},"b":{"1":[0,0],"2":[0,0]},"f":{"1":0},"fnMap":{"1":{"name":"sqrt","line":7,"loc":{"start":{"line":7,"column":4},"end":{"line":24,"column":4}}}},"statementMap":{"1":{"start":{"line":14,"column":8},"end":{"line":14,"column":227}},"2":{"start":{"line":15,"column":12},"end":{"line":15,"column":17}},"3":{"start":{"line":16,"column":12},"end":{"line":16,"column":34}},"4":{"start":{"line":17,"column":12},"end":{"line":17,"column":313}},"5":{"start":{"line":18,"column":16},"end":{"line":18,"column":20}},"6":{"start":{"line":19,"column":16},"end":{"line":19,"column":35}},"7":{"start":{"line":21,"column":15},"end":{"line":21,"column":415}},"8":{"start":{"line":22,"column":12},"end":{"line":22,"column":16}}},"branchMap":{"1":{"line":14,"type":"if","locations":[{"start":{"line":14,"column":8},"end":{"line":14,"column":8}},{"start":{"line":14,"column":8},"end":{"line":14,"column":8}}]},"2":{"line":21,"type":"if","locations":[{"start":{"line":21,"column":15},"end":{"line":21,"column":15}},{"start":{"line":21,"column":15},"end":{"line":21,"column":15}}]}}},
"contracts/CerbySwapV1_MinimalProxy.sol":{"l":{"17":0,"19":0,"23":0,"24":0,"43":0,"53":4,"54":4,"55":4,"58":4,"61":4,"71":44,"73":44,"74":44,"75":44,"92":44,"102":44},"path":"/Users/numwan/Documents/Remix/bitbucket/sol-cerby-swap-v1/contracts/CerbySwapV1_MinimalProxy.sol","s":{"1":0,"2":0,"3":0,"4":0,"5":4,"6":4,"7":4,"8":4,"9":4,"10":44,"11":44,"12":44,"13":44,"14":44},"b":{"1":[4,0]},"f":{"1":0,"2":4,"3":44,"4":44},"fnMap":{"1":{"name":"cloneVault","line":11,"loc":{"start":{"line":11,"column":4},"end":{"line":44,"column":4}}},"2":{"name":"_getCachedVaultCloneAddressByToken","line":46,"loc":{"start":{"line":46,"column":4},"end":{"line":62,"column":4}}},"3":{"name":"_generateVaultAddressByToken","line":64,"loc":{"start":{"line":64,"column":4},"end":{"line":93,"column":4}}},"4":{"name":"_getSaltByToken","line":95,"loc":{"start":{"line":95,"column":4},"end":{"line":108,"column":4}}}},"statementMap":{"1":{"start":{"line":17,"column":8},"end":{"line":17,"column":46}},"2":{"start":{"line":19,"column":8},"end":{"line":19,"column":447}},"3":{"start":{"line":23,"column":8},"end":{"line":23,"column":34}},"4":{"start":{"line":43,"column":8},"end":{"line":43,"column":33}},"5":{"start":{"line":53,"column":8},"end":{"line":53,"column":62}},"6":{"start":{"line":54,"column":8},"end":{"line":54,"column":1446}},"7":{"start":{"line":55,"column":12},"end":{"line":55,"column":1489}},"8":{"start":{"line":58,"column":12},"end":{"line":58,"column":57}},"9":{"start":{"line":61,"column":8},"end":{"line":61,"column":20}},"10":{"start":{"line":71,"column":8},"end":{"line":71,"column":46}},"11":{"start":{"line":73,"column":8},"end":{"line":73,"column":39}},"12":{"start":{"line":74,"column":8},"end":{"line":74,"column":33}},"13":{"start":{"line":92,"column":8},"end":{"line":92,"column":32}},"14":{"start":{"line":102,"column":8},"end":{"line":102,"column":2744}}},"branchMap":{"1":{"line":54,"type":"if","locations":[{"start":{"line":54,"column":8},"end":{"line":54,"column":8}},{"start":{"line":54,"column":8},"end":{"line":54,"column":8}}]}}},
"contracts/CerbySwapV1_Modifiers.sol":{"l":{"12":0,"13":0,"14":0,"16":0,"22":10,"23":0,"24":0,"26":10},"path":"/Users/numwan/Documents/Remix/bitbucket/sol-cerby-swap-v1/contracts/CerbySwapV1_Modifiers.sol","s":{"1":0,"2":0,"3":10,"4":0},"b":{"1":[0,0],"2":[0,10]},"f":{"1":0,"2":10},"fnMap":{"1":{"name":"tokenMustExistInPool","line":9,"loc":{"start":{"line":9,"column":4},"end":{"line":17,"column":4}}},"2":{"name":"transactionIsNotExpired","line":19,"loc":{"start":{"line":19,"column":4},"end":{"line":27,"column":4}}}},"statementMap":{"1":{"start":{"line":12,"column":8},"end":{"line":12,"column":260}},"2":{"start":{"line":13,"column":12},"end":{"line":13,"column":22}},"3":{"start":{"line":22,"column":8},"end":{"line":22,"column":564}},"4":{"start":{"line":23,"column":12},"end":{"line":23,"column":22}}},"branchMap":{"1":{"line":12,"type":"if","locations":[{"start":{"line":12,"column":8},"end":{"line":12,"column":8}},{"start":{"line":12,"column":8},"end":{"line":12,"column":8}}]},"2":{"line":22,"type":"if","locations":[{"start":{"line":22,"column":8},"end":{"line":22,"column":8}},{"start":{"line":22,"column":8},"end":{"line":22,"column":8}}]}}},
"contracts/CerbySwapV1_SafeFunctions.sol":{"l":{"21":44,"25":44,"39":63,"52":0,"53":0,"55":0,"62":0,"66":0,"70":0,"71":0,"77":0,"81":0,"85":0,"86":0,"91":0,"95":0,"110":0,"120":0,"121":0,"122":0,"133":0,"136":0,"137":0,"138":0},"path":"/Users/numwan/Documents/Remix/bitbucket/sol-cerby-swap-v1/contracts/CerbySwapV1_SafeFunctions.sol","s":{"1":44,"2":44,"3":63,"4":0,"5":0,"6":0,"7":0,"8":0,"9":0,"10":0,"11":0,"12":0,"13":0,"14":0,"15":0,"16":0,"17":0,"18":0,"19":0,"20":0,"21":0,"22":0},"b":{"1":[0,0],"2":[0,0],"3":[0,0],"4":[0,0],"5":[0,0],"6":[0,0]},"f":{"1":44,"2":63,"3":0,"4":0,"5":0},"fnMap":{"1":{"name":"_getPoolBalances","line":14,"loc":{"start":{"line":14,"column":4},"end":{"line":29,"column":4}}},"2":{"name":"_getTokenBalance","line":31,"loc":{"start":{"line":31,"column":4},"end":{"line":42,"column":4}}},"3":{"name":"_safeTransferFromHelper","line":44,"loc":{"start":{"line":44,"column":4},"end":{"line":99,"column":4}}},"4":{"name":"_safeCoreTransferFrom","line":101,"loc":{"start":{"line":101,"column":4},"end":{"line":124,"column":4}}},"5":{"name":"_safeCoreTransferNative","line":126,"loc":{"start":{"line":126,"column":4},"end":{"line":140,"column":4}}}},"statementMap":{"1":{"start":{"line":21,"column":8},"end":{"line":21,"column":541}},"2":{"start":{"line":25,"column":8},"end":{"line":25,"column":681}},"3":{"start":{"line":39,"column":8},"end":{"line":39,"column":1012}},"4":{"start":{"line":52,"column":8},"end":{"line":52,"column":1261}},"5":{"start":{"line":53,"column":12},"end":{"line":53,"column":1304}},"6":{"start":{"line":55,"column":16},"end":{"line":55,"column":1412}},"7":{"start":{"line":62,"column":16},"end":{"line":62,"column":22}},"8":{"start":{"line":66,"column":12},"end":{"line":66,"column":57}},"9":{"start":{"line":70,"column":12},"end":{"line":70,"column":1914}},"10":{"start":{"line":71,"column":16},"end":{"line":71,"column":1971}},"11":{"start":{"line":77,"column":12},"end":{"line":77,"column":2120}},"12":{"start":{"line":81,"column":12},"end":{"line":81,"column":18}},"13":{"start":{"line":85,"column":8},"end":{"line":85,"column":2296}},"14":{"start":{"line":86,"column":12},"end":{"line":86,"column":2342}},"15":{"start":{"line":91,"column":12},"end":{"line":91,"column":18}},"16":{"start":{"line":95,"column":8},"end":{"line":95,"column":2634}},"17":{"start":{"line":110,"column":8},"end":{"line":110,"column":3010}},"18":{"start":{"line":120,"column":8},"end":{"line":120,"column":3300}},"19":{"start":{"line":121,"column":12},"end":{"line":121,"column":23}},"20":{"start":{"line":133,"column":8},"end":{"line":133,"column":64}},"21":{"start":{"line":136,"column":8},"end":{"line":136,"column":3808}},"22":{"start":{"line":137,"column":12},"end":{"line":137,"column":23}}},"branchMap":{"1":{"line":52,"type":"if","locations":[{"start":{"line":52,"column":8},"end":{"line":52,"column":8}},{"start":{"line":52,"column":8},"end":{"line":52,"column":8}}]},"2":{"line":53,"type":"if","locations":[{"start":{"line":53,"column":12},"end":{"line":53,"column":12}},{"start":{"line":53,"column":12},"end":{"line":53,"column":12}}]},"3":{"line":70,"type":"if","locations":[{"start":{"line":70,"column":12},"end":{"line":70,"column":12}},{"start":{"line":70,"column":12},"end":{"line":70,"column":12}}]},"4":{"line":85,"type":"if","locations":[{"start":{"line":85,"column":8},"end":{"line":85,"column":8}},{"start":{"line":85,"column":8},"end":{"line":85,"column":8}}]},"5":{"line":120,"type":"if","locations":[{"start":{"line":120,"column":8},"end":{"line":120,"column":8}},{"start":{"line":120,"column":8},"end":{"line":120,"column":8}}]},"6":{"line":136,"type":"if","locations":[{"start":{"line":136,"column":8},"end":{"line":136,"column":8}},{"start":{"line":136,"column":8},"end":{"line":136,"column":8}}]}}},
"contracts/CerbySwapV1_SwapFunctions.sol":{"l":{"24":6,"25":4,"26":0,"29":2,"33":2,"34":2,"36":2,"39":2,"41":2,"46":0,"53":0,"54":0,"55":0,"59":0,"67":0,"75":0,"79":0,"83":0,"85":0,"87":0,"92":0,"98":0,"99":0,"100":0,"104":0,"112":0,"120":0,"127":0,"132":0,"139":0,"143":0,"149":0,"150":0,"151":0,"155":0,"164":0,"173":0,"181":0,"198":4,"199":2,"200":0,"203":2,"207":2,"208":2,"210":2,"213":2,"215":2,"220":0,"227":0,"228":0,"229":0,"233":0,"241":0,"249":0,"253":0,"257":0,"259":0,"261":0,"266":0,"272":0,"273":0,"274":0,"278":0,"286":0,"294":0,"301":0,"306":0,"312":0,"313":0,"314":0,"318":0,"322":0,"329":0,"330":0,"331":0,"335":0,"343":0,"352":0,"360":0,"372":0,"377":0,"381":0,"385":0,"386":0,"387":0,"391":0,"393":0,"397":0,"398":0,"401":0,"402":0,"404":0,"408":0,"412":0,"416":0,"420":0,"424":0,"425":0,"429":0,"436":0,"441":0,"445":0,"454":0,"455":0,"464":0,"465":0,"466":0,"470":0,"471":0,"480":0,"483":0,"488":0,"495":0,"500":0,"509":0,"517":0,"529":0},"path":"/Users/numwan/Documents/Remix/bitbucket/sol-cerby-swap-v1/contracts/CerbySwapV1_SwapFunctions.sol","s":{"1":6,"2":4,"3":2,"4":2,"5":2,"6":2,"7":2,"8":2,"9":0,"10":0,"11":0,"12":0,"13":0,"14":0,"15":0,"16":0,"17":0,"18":0,"19":0,"20":0,"21":0,"22":0,"23":0,"24":0,"25":0,"26":0,"27":0,"28":0,"29":0,"30":0,"31":0,"32":0,"33":0,"34":0,"35":4,"36":2,"37":2,"38":2,"39":2,"40":2,"41":2,"42":2,"43":0,"44":0,"45":0,"46":0,"47":0,"48":0,"49":0,"50":0,"51":0,"52":0,"53":0,"54":0,"55":0,"56":0,"57":0,"58":0,"59":0,"60":0,"61":0,"62":0,"63":0,"64":0,"65":0,"66":0,"67":0,"68":0,"69":0,"70":0,"71":0,"72":0,"73":0,"74":0,"75":0,"76":0,"77":0,"78":0,"79":0,"80":0,"81":0,"82":0,"83":0,"84":0,"85":0,"86":0,"87":0,"88":0,"89":0,"90":0,"91":0,"92":0,"93":0,"94":0,"95":0,"96":0,"97":0,"98":0,"99":0,"100":0,"101":0,"102":0,"103":0,"104":0},"b":{"1":[4,2],"2":[2,0],"3":[0,0],"4":[0,0],"5":[0,0],"6":[0,0],"7":[2,2],"8":[2,0],"9":[0,0],"10":[0,0],"11":[0,0],"12":[0,0],"13":[0,0],"14":[0,0],"15":[0,0],"16":[0,0],"17":[0,0],"18":[0,0],"19":[0,0],"20":[0,0]},"f":{"1":6,"2":4,"3":0},"fnMap":{"1":{"name":"swapExactTokensForTokens","line":19,"loc":{"start":{"line":9,"column":4},"end":{"line":182,"column":4}}},"2":{"name":"swapTokensForExactTokens","line":194,"loc":{"start":{"line":184,"column":4},"end":{"line":361,"column":4}}},"3":{"name":"_swap","line":363,"loc":{"start":{"line":363,"column":4},"end":{"line":535,"column":4}}}},"statementMap":{"1":{"start":{"line":24,"column":8},"end":{"line":24,"column":688}},"2":{"start":{"line":25,"column":12},"end":{"line":25,"column":22}},"3":{"start":{"line":29,"column":8},"end":{"line":29,"column":872}},"4":{"start":{"line":33,"column":8},"end":{"line":33,"column":51}},"5":{"start":{"line":34,"column":8},"end":{"line":34,"column":35}},"6":{"start":{"line":36,"column":8},"end":{"line":36,"column":48}},"7":{"start":{"line":39,"column":8},"end":{"line":39,"column":1150}},"8":{"start":{"line":41,"column":12},"end":{"line":41,"column":1253}},"9":{"start":{"line":46,"column":12},"end":{"line":46,"column":1386}},"10":{"start":{"line":53,"column":12},"end":{"line":53,"column":1588}},"11":{"start":{"line":54,"column":16},"end":{"line":54,"column":26}},"12":{"start":{"line":59,"column":12},"end":{"line":59,"column":1875}},"13":{"start":{"line":67,"column":12},"end":{"line":67,"column":2086}},"14":{"start":{"line":75,"column":12},"end":{"line":75,"column":26}},"15":{"start":{"line":79,"column":8},"end":{"line":79,"column":2326}},"16":{"start":{"line":83,"column":8},"end":{"line":83,"column":49}},"17":{"start":{"line":85,"column":8},"end":{"line":85,"column":2481}},"18":{"start":{"line":87,"column":12},"end":{"line":87,"column":2583}},"19":{"start":{"line":92,"column":12},"end":{"line":92,"column":2718}},"20":{"start":{"line":98,"column":12},"end":{"line":98,"column":2895}},"21":{"start":{"line":99,"column":16},"end":{"line":99,"column":26}},"22":{"start":{"line":104,"column":12},"end":{"line":104,"column":3182}},"23":{"start":{"line":112,"column":12},"end":{"line":112,"column":3394}},"24":{"start":{"line":120,"column":12},"end":{"line":120,"column":26}},"25":{"start":{"line":127,"column":8},"end":{"line":127,"column":3803}},"26":{"start":{"line":132,"column":8},"end":{"line":132,"column":3922}},"27":{"start":{"line":139,"column":8},"end":{"line":139,"column":4132}},"28":{"start":{"line":143,"column":8},"end":{"line":143,"column":4216}},"29":{"start":{"line":149,"column":8},"end":{"line":149,"column":4373}},"30":{"start":{"line":150,"column":12},"end":{"line":150,"column":22}},"31":{"start":{"line":155,"column":8},"end":{"line":155,"column":4640}},"32":{"start":{"line":164,"column":8},"end":{"line":164,"column":4892}},"33":{"start":{"line":173,"column":8},"end":{"line":173,"column":5083}},"34":{"start":{"line":181,"column":8},"end":{"line":181,"column":22}},"35":{"start":{"line":198,"column":8},"end":{"line":198,"column":5682}},"36":{"start":{"line":199,"column":12},"end":{"line":199,"column":22}},"37":{"start":{"line":203,"column":8},"end":{"line":203,"column":5866}},"38":{"start":{"line":207,"column":8},"end":{"line":207,"column":51}},"39":{"start":{"line":208,"column":8},"end":{"line":208,"column":36}},"40":{"start":{"line":210,"column":8},"end":{"line":210,"column":48}},"41":{"start":{"line":213,"column":8},"end":{"line":213,"column":6146}},"42":{"start":{"line":215,"column":12},"end":{"line":215,"column":6249}},"43":{"start":{"line":220,"column":12},"end":{"line":220,"column":6382}},"44":{"start":{"line":227,"column":12},"end":{"line":227,"column":6584}},"45":{"start":{"line":228,"column":16},"end":{"line":228,"column":26}},"46":{"start":{"line":233,"column":12},"end":{"line":233,"column":6870}},"47":{"start":{"line":241,"column":12},"end":{"line":241,"column":7076}},"48":{"start":{"line":249,"column":12},"end":{"line":249,"column":26}},"49":{"start":{"line":253,"column":8},"end":{"line":253,"column":7323}},"50":{"start":{"line":257,"column":8},"end":{"line":257,"column":49}},"51":{"start":{"line":259,"column":8},"end":{"line":259,"column":7478}},"52":{"start":{"line":261,"column":12},"end":{"line":261,"column":7580}},"53":{"start":{"line":266,"column":12},"end":{"line":266,"column":7715}},"54":{"start":{"line":272,"column":12},"end":{"line":272,"column":7892}},"55":{"start":{"line":273,"column":16},"end":{"line":273,"column":26}},"56":{"start":{"line":278,"column":12},"end":{"line":278,"column":8178}},"57":{"start":{"line":286,"column":12},"end":{"line":286,"column":8385}},"58":{"start":{"line":294,"column":12},"end":{"line":294,"column":26}},"59":{"start":{"line":301,"column":8},"end":{"line":301,"column":8804}},"60":{"start":{"line":306,"column":8},"end":{"line":306,"column":8924}},"61":{"start":{"line":312,"column":8},"end":{"line":312,"column":9138}},"62":{"start":{"line":313,"column":12},"end":{"line":313,"column":22}},"63":{"start":{"line":318,"column":8},"end":{"line":318,"column":9367}},"64":{"start":{"line":322,"column":8},"end":{"line":322,"column":9449}},"65":{"start":{"line":329,"column":8},"end":{"line":329,"column":9626}},"66":{"start":{"line":330,"column":12},"end":{"line":330,"column":22}},"67":{"start":{"line":335,"column":8},"end":{"line":335,"column":9892}},"68":{"start":{"line":343,"column":8},"end":{"line":343,"column":10070}},"69":{"start":{"line":352,"column":8},"end":{"line":352,"column":10261}},"70":{"start":{"line":360,"column":8},"end":{"line":360,"column":22}},"71":{"start":{"line":372,"column":8},"end":{"line":372,"column":10664}},"72":{"start":{"line":377,"column":8},"end":{"line":377,"column":10858}},"73":{"start":{"line":381,"column":8},"end":{"line":381,"column":11031}},"74":{"start":{"line":385,"column":8},"end":{"line":385,"column":11191}},"75":{"start":{"line":386,"column":12},"end":{"line":386,"column":22}},"76":{"start":{"line":391,"column":8},"end":{"line":391,"column":67}},"77":{"start":{"line":393,"column":8},"end":{"line":393,"column":11493}},"78":{"start":{"line":397,"column":12},"end":{"line":397,"column":22}},"79":{"start":{"line":401,"column":8},"end":{"line":401,"column":51}},"80":{"start":{"line":402,"column":8},"end":{"line":402,"column":40}},"81":{"start":{"line":408,"column":12},"end":{"line":408,"column":12037}},"82":{"start":{"line":412,"column":16},"end":{"line":412,"column":12281}},"83":{"start":{"line":416,"column":16},"end":{"line":416,"column":12394}},"84":{"start":{"line":420,"column":20},"end":{"line":420,"column":12624}},"85":{"start":{"line":424,"column":20},"end":{"line":424,"column":12781}},"86":{"start":{"line":425,"column":24},"end":{"line":425,"column":99}},"87":{"start":{"line":429,"column":20},"end":{"line":429,"column":13005}},"88":{"start":{"line":436,"column":20},"end":{"line":436,"column":13255}},"89":{"start":{"line":441,"column":16},"end":{"line":441,"column":55}},"90":{"start":{"line":445,"column":12},"end":{"line":445,"column":13561}},"91":{"start":{"line":454,"column":12},"end":{"line":454,"column":50}},"92":{"start":{"line":455,"column":12},"end":{"line":455,"column":14059}},"93":{"start":{"line":464,"column":12},"end":{"line":464,"column":14356}},"94":{"start":{"line":465,"column":16},"end":{"line":465,"column":26}},"95":{"start":{"line":470,"column":12},"end":{"line":470,"column":14643}},"96":{"start":{"line":471,"column":16},"end":{"line":471,"column":14709}},"97":{"start":{"line":480,"column":12},"end":{"line":480,"column":15009}},"98":{"start":{"line":483,"column":16},"end":{"line":483,"column":15308}},"99":{"start":{"line":488,"column":16},"end":{"line":488,"column":15551}},"100":{"start":{"line":495,"column":8},"end":{"line":495,"column":15776}},"101":{"start":{"line":500,"column":8},"end":{"line":500,"column":15903}},"102":{"start":{"line":509,"column":8},"end":{"line":509,"column":16152}},"103":{"start":{"line":517,"column":8},"end":{"line":517,"column":16351}},"104":{"start":{"line":529,"column":8},"end":{"line":529,"column":16691}}},"branchMap":{"1":{"line":24,"type":"if","locations":[{"start":{"line":24,"column":8},"end":{"line":24,"column":8}},{"start":{"line":24,"column":8},"end":{"line":24,"column":8}}]},"2":{"line":39,"type":"if","locations":[{"start":{"line":39,"column":8},"end":{"line":39,"column":8}},{"start":{"line":39,"column":8},"end":{"line":39,"column":8}}]},"3":{"line":53,"type":"if","locations":[{"start":{"line":53,"column":12},"end":{"line":53,"column":12}},{"start":{"line":53,"column":12},"end":{"line":53,"column":12}}]},"4":{"line":85,"type":"if","locations":[{"start":{"line":85,"column":8},"end":{"line":85,"column":8}},{"start":{"line":85,"column":8},"end":{"line":85,"column":8}}]},"5":{"line":98,"type":"if","locations":[{"start":{"line":98,"column":12},"end":{"line":98,"column":12}},{"start":{"line":98,"column":12},"end":{"line":98,"column":12}}]},"6":{"line":149,"type":"if","locations":[{"start":{"line":149,"column":8},"end":{"line":149,"column":8}},{"start":{"line":149,"column":8},"end":{"line":149,"column":8}}]},"7":{"line":198,"type":"if","locations":[{"start":{"line":198,"column":8},"end":{"line":198,"column":8}},{"start":{"line":198,"column":8},"end":{"line":198,"column":8}}]},"8":{"line":213,"type":"if","locations":[{"start":{"line":213,"column":8},"end":{"line":213,"column":8}},{"start":{"line":213,"column":8},"end":{"line":213,"column":8}}]},"9":{"line":227,"type":"if","locations":[{"start":{"line":227,"column":12},"end":{"line":227,"column":12}},{"start":{"line":227,"column":12},"end":{"line":227,"column":12}}]},"10":{"line":259,"type":"if","locations":[{"start":{"line":259,"column":8},"end":{"line":259,"column":8}},{"start":{"line":259,"column":8},"end":{"line":259,"column":8}}]},"11":{"line":272,"type":"if","locations":[{"start":{"line":272,"column":12},"end":{"line":272,"column":12}},{"start":{"line":272,"column":12},"end":{"line":272,"column":12}}]},"12":{"line":312,"type":"if","locations":[{"start":{"line":312,"column":8},"end":{"line":312,"column":8}},{"start":{"line":312,"column":8},"end":{"line":312,"column":8}}]},"13":{"line":329,"type":"if","locations":[{"start":{"line":329,"column":8},"end":{"line":329,"column":8}},{"start":{"line":329,"column":8},"end":{"line":329,"column":8}}]},"14":{"line":385,"type":"if","locations":[{"start":{"line":385,"column":8},"end":{"line":385,"column":8}},{"start":{"line":385,"column":8},"end":{"line":385,"column":8}}]},"15":{"line":393,"type":"if","locations":[{"start":{"line":393,"column":8},"end":{"line":393,"column":8}},{"start":{"line":393,"column":8},"end":{"line":393,"column":8}}]},"16":{"line":408,"type":"if","locations":[{"start":{"line":408,"column":12},"end":{"line":408,"column":12}},{"start":{"line":408,"column":12},"end":{"line":408,"column":12}}]},"17":{"line":416,"type":"if","locations":[{"start":{"line":416,"column":16},"end":{"line":416,"column":16}},{"start":{"line":416,"column":16},"end":{"line":416,"column":16}}]},"18":{"line":464,"type":"if","locations":[{"start":{"line":464,"column":12},"end":{"line":464,"column":12}},{"start":{"line":464,"column":12},"end":{"line":464,"column":12}}]},"19":{"line":470,"type":"if","locations":[{"start":{"line":470,"column":12},"end":{"line":470,"column":12}},{"start":{"line":470,"column":12},"end":{"line":470,"column":12}}]},"20":{"line":480,"type":"if","locations":[{"start":{"line":480,"column":12},"end":{"line":480,"column":12}},{"start":{"line":480,"column":12},"end":{"line":480,"column":12}}]}}},
"contracts/CerbySwapV1_Vault.sol":{"l":{"21":0,"22":0,"24":0,"33":0,"34":0,"37":0,"48":0,"51":0,"52":0,"65":0,"68":0,"69":0,"78":0,"86":0},"path":"/Users/numwan/Documents/Remix/bitbucket/sol-cerby-swap-v1/contracts/CerbySwapV1_Vault.sol","s":{"1":0,"2":0,"3":0,"4":0,"5":0,"6":0,"7":0,"8":0,"9":0},"b":{"1":[0,0],"2":[0,0],"3":[0,0],"4":[0,0]},"f":{"1":0,"2":0,"3":0,"4":0,"5":0,"6":0},"fnMap":{"1":{"name":"onlyFactory","line":20,"loc":{"start":{"line":20,"column":4},"end":{"line":25,"column":4}}},"2":{"name":"initialize","line":27,"loc":{"start":{"line":27,"column":4},"end":{"line":38,"column":4}}},"3":{"name":"withdrawEth","line":45,"loc":{"start":{"line":40,"column":4},"end":{"line":54,"column":4}}},"4":{"name":"withdrawTokens","line":62,"loc":{"start":{"line":56,"column":4},"end":{"line":71,"column":4}}},"5":{"name":"token0","line":73,"loc":{"start":{"line":73,"column":4},"end":{"line":79,"column":4}}},"6":{"name":"token1","line":81,"loc":{"start":{"line":81,"column":4},"end":{"line":87,"column":4}}}},"statementMap":{"1":{"start":{"line":21,"column":8},"end":{"line":21,"column":596}},"2":{"start":{"line":33,"column":8},"end":{"line":33,"column":838}},"3":{"start":{"line":37,"column":8},"end":{"line":37,"column":21}},"4":{"start":{"line":48,"column":8},"end":{"line":48,"column":64}},"5":{"start":{"line":51,"column":8},"end":{"line":51,"column":1314}},"6":{"start":{"line":65,"column":8},"end":{"line":65,"column":104}},"7":{"start":{"line":68,"column":8},"end":{"line":68,"column":1865}},"8":{"start":{"line":78,"column":8},"end":{"line":78,"column":20}},"9":{"start":{"line":86,"column":8},"end":{"line":86,"column":28}}},"branchMap":{"1":{"line":21,"type":"if","locations":[{"start":{"line":21,"column":8},"end":{"line":21,"column":8}},{"start":{"line":21,"column":8},"end":{"line":21,"column":8}}]},"2":{"line":33,"type":"if","locations":[{"start":{"line":33,"column":8},"end":{"line":33,"column":8}},{"start":{"line":33,"column":8},"end":{"line":33,"column":8}}]},"3":{"line":51,"type":"if","locations":[{"start":{"line":51,"column":8},"end":{"line":51,"column":8}},{"start":{"line":51,"column":8},"end":{"line":51,"column":8}}]},"4":{"line":68,"type":"if","locations":[{"start":{"line":68,"column":8},"end":{"line":68,"column":8}},{"start":{"line":68,"column":8},"end":{"line":68,"column":8}}]}}},
"contracts/CerbySwapV1.sol":{"l":{"12":3,"16":3,"17":3,"18":3,"20":3,"21":3,"23":3,"24":3,"28":3,"38":3,"40":3},"path":"/Users/numwan/Documents/Remix/bitbucket/sol-cerby-swap-v1/contracts/CerbySwapV1.sol","s":{"1":3,"2":3,"3":3,"4":3,"5":3,"6":3,"7":3,"8":3,"9":3,"10":3,"11":3},"b":{},"f":{"1":3},"fnMap":{"1":{"name":"constructor","line":10,"loc":{"start":{"line":10,"column":4},"end":{"line":49,"column":4}}}},"statementMap":{"1":{"start":{"line":12,"column":8},"end":{"line":12,"column":242}},"2":{"start":{"line":16,"column":8},"end":{"line":16,"column":79}},"3":{"start":{"line":17,"column":8},"end":{"line":17,"column":62}},"4":{"start":{"line":18,"column":8},"end":{"line":18,"column":42}},"5":{"start":{"line":20,"column":8},"end":{"line":20,"column":30}},"6":{"start":{"line":21,"column":8},"end":{"line":21,"column":32}},"7":{"start":{"line":23,"column":8},"end":{"line":23,"column":52}},"8":{"start":{"line":24,"column":8},"end":{"line":24,"column":765}},"9":{"start":{"line":28,"column":8},"end":{"line":28,"column":877}},"10":{"start":{"line":38,"column":8},"end":{"line":38,"column":75}},"11":{"start":{"line":40,"column":8},"end":{"line":40,"column":1364}}},"branchMap":{}},
"contracts/interfaces/IBasicERC20.sol":{"l":{},"path":"/Users/numwan/Documents/Remix/bitbucket/sol-cerby-swap-v1/contracts/interfaces/IBasicERC20.sol","s":{},"b":{},"f":{},"fnMap":{},"statementMap":{},"branchMap":{}},
"contracts/interfaces/ICerbyBotDetection.sol":{"l":{},"path":"/Users/numwan/Documents/Remix/bitbucket/sol-cerby-swap-v1/contracts/interfaces/ICerbyBotDetection.sol","s":{},"b":{},"f":{},"fnMap":{},"statementMap":{},"branchMap":{}},
"contracts/interfaces/ICerbyCronJobs.sol":{"l":{},"path":"/Users/numwan/Documents/Remix/bitbucket/sol-cerby-swap-v1/contracts/interfaces/ICerbyCronJobs.sol","s":{},"b":{},"f":{},"fnMap":{},"statementMap":{},"branchMap":{}},
"contracts/interfaces/ICerbySwapV1_Vault.sol":{"l":{},"path":"/Users/numwan/Documents/Remix/bitbucket/sol-cerby-swap-v1/contracts/interfaces/ICerbySwapV1_Vault.sol","s":{},"b":{},"f":{},"fnMap":{},"statementMap":{},"branchMap":{}},
"contracts/interfaces/ICerbyToken.sol":{"l":{},"path":"/Users/numwan/Documents/Remix/bitbucket/sol-cerby-swap-v1/contracts/interfaces/ICerbyToken.sol","s":{},"b":{},"f":{},"fnMap":{},"statementMap":{},"branchMap":{}},
"contracts/interfaces/ICerbyTokenMinterBurner.sol":{"l":{},"path":"/Users/numwan/Documents/Remix/bitbucket/sol-cerby-swap-v1/contracts/interfaces/ICerbyTokenMinterBurner.sol","s":{},"b":{},"f":{},"fnMap":{},"statementMap":{},"branchMap":{}},
"contracts/TestCerbyToken.sol":{"l":{"14":3,"15":3,"16":3,"17":3,"29":0,"30":0,"34":0,"38":0,"43":0,"48":0,"56":0},"path":"/Users/numwan/Documents/Remix/bitbucket/sol-cerby-swap-v1/contracts/TestCerbyToken.sol","s":{"1":3,"2":3,"3":3,"4":3,"5":0,"6":0,"7":0,"8":0,"9":0,"10":0,"11":0},"b":{},"f":{"1":3,"2":0,"3":0,"4":0,"5":0,"6":0,"7":0},"fnMap":{"1":{"name":"constructor","line":10,"loc":{"start":{"line":9,"column":4},"end":{"line":18,"column":4}}},"2":{"name":"transferFrom","line":20,"loc":{"start":{"line":20,"column":4},"end":{"line":31,"column":4}}},"3":{"name":"mintByBridge","line":33,"loc":{"start":{"line":33,"column":4},"end":{"line":35,"column":4}}},"4":{"name":"burnByBridge","line":37,"loc":{"start":{"line":37,"column":4},"end":{"line":39,"column":4}}},"5":{"name":"mintHumanAddress","line":41,"loc":{"start":{"line":41,"column":4},"end":{"line":44,"column":4}}},"6":{"name":"burnHumanAddress","line":46,"loc":{"start":{"line":46,"column":4},"end":{"line":49,"column":4}}},"7":{"name":"transferCustom","line":51,"loc":{"start":{"line":51,"column":4},"end":{"line":57,"column":4}}}},"statementMap":{"1":{"start":{"line":14,"column":8},"end":{"line":14,"column":25}},"2":{"start":{"line":15,"column":8},"end":{"line":15,"column":68}},"3":{"start":{"line":16,"column":8},"end":{"line":16,"column":68}},"4":{"start":{"line":17,"column":8},"end":{"line":17,"column":36}},"5":{"start":{"line":29,"column":8},"end":{"line":29,"column":43}},"6":{"start":{"line":30,"column":8},"end":{"line":30,"column":19}},"7":{"start":{"line":34,"column":8},"end":{"line":34,"column":24}},"8":{"start":{"line":38,"column":8},"end":{"line":38,"column":26}},"9":{"start":{"line":43,"column":8},"end":{"line":43,"column":24}},"10":{"start":{"line":48,"column":8},"end":{"line":48,"column":26}},"11":{"start":{"line":56,"column":8},"end":{"line":56,"column":43}}},"branchMap":{}},
"contracts/TestCerUsdToken.sol":{"l":{"14":3,"15":3,"16":3,"17":3,"25":0,"26":0,"30":0,"34":0,"39":0,"44":0,"52":0},"path":"/Users/numwan/Documents/Remix/bitbucket/sol-cerby-swap-v1/contracts/TestCerUsdToken.sol","s":{"1":3,"2":3,"3":3,"4":3,"5":0,"6":0,"7":0,"8":0,"9":0,"10":0,"11":0},"b":{},"f":{"1":3,"2":0,"3":0,"4":0,"5":0,"6":0,"7":0},"fnMap":{"1":{"name":"constructor","line":11,"loc":{"start":{"line":9,"column":4},"end":{"line":18,"column":4}}},"2":{"name":"transferFrom","line":20,"loc":{"start":{"line":20,"column":4},"end":{"line":27,"column":4}}},"3":{"name":"mintByBridge","line":29,"loc":{"start":{"line":29,"column":4},"end":{"line":31,"column":4}}},"4":{"name":"burnByBridge","line":33,"loc":{"start":{"line":33,"column":4},"end":{"line":35,"column":4}}},"5":{"name":"mintHumanAddress","line":37,"loc":{"start":{"line":37,"column":4},"end":{"line":40,"column":4}}},"6":{"name":"burnHumanAddress","line":42,"loc":{"start":{"line":42,"column":4},"end":{"line":45,"column":4}}},"7":{"name":"transferCustom","line":47,"loc":{"start":{"line":47,"column":4},"end":{"line":53,"column":4}}}},"statementMap":{"1":{"start":{"line":14,"column":8},"end":{"line":14,"column":25}},"2":{"start":{"line":15,"column":8},"end":{"line":15,"column":68}},"3":{"start":{"line":16,"column":8},"end":{"line":16,"column":68}},"4":{"start":{"line":17,"column":8},"end":{"line":17,"column":36}},"5":{"start":{"line":25,"column":8},"end":{"line":25,"column":43}},"6":{"start":{"line":26,"column":8},"end":{"line":26,"column":19}},"7":{"start":{"line":30,"column":8},"end":{"line":30,"column":24}},"8":{"start":{"line":34,"column":8},"end":{"line":34,"column":26}},"9":{"start":{"line":39,"column":8},"end":{"line":39,"column":24}},"10":{"start":{"line":44,"column":8},"end":{"line":44,"column":26}},"11":{"start":{"line":52,"column":8},"end":{"line":52,"column":43}}},"branchMap":{}},
"contracts/TestUsdcToken.sol":{"l":{"14":3,"15":3,"16":3,"17":3,"25":0,"26":0,"30":0,"34":0,"39":0,"44":0,"52":0},"path":"/Users/numwan/Documents/Remix/bitbucket/sol-cerby-swap-v1/contracts/TestUsdcToken.sol","s":{"1":3,"2":3,"3":3,"4":3,"5":0,"6":0,"7":0,"8":0,"9":0,"10":0,"11":0},"b":{},"f":{"1":3,"2":0,"3":0,"4":0,"5":0,"6":0,"7":0},"fnMap":{"1":{"name":"constructor","line":12,"loc":{"start":{"line":9,"column":4},"end":{"line":18,"column":4}}},"2":{"name":"transferFrom","line":20,"loc":{"start":{"line":20,"column":4},"end":{"line":27,"column":4}}},"3":{"name":"mintByBridge","line":29,"loc":{"start":{"line":29,"column":4},"end":{"line":31,"column":4}}},"4":{"name":"burnByBridge","line":33,"loc":{"start":{"line":33,"column":4},"end":{"line":35,"column":4}}},"5":{"name":"mintHumanAddress","line":37,"loc":{"start":{"line":37,"column":4},"end":{"line":40,"column":4}}},"6":{"name":"burnHumanAddress","line":42,"loc":{"start":{"line":42,"column":4},"end":{"line":45,"column":4}}},"7":{"name":"transferCustom","line":47,"loc":{"start":{"line":47,"column":4},"end":{"line":53,"column":4}}}},"statementMap":{"1":{"start":{"line":14,"column":8},"end":{"line":14,"column":25}},"2":{"start":{"line":15,"column":8},"end":{"line":15,"column":68}},"3":{"start":{"line":16,"column":8},"end":{"line":16,"column":68}},"4":{"start":{"line":17,"column":8},"end":{"line":17,"column":36}},"5":{"start":{"line":25,"column":8},"end":{"line":25,"column":43}},"6":{"start":{"line":26,"column":8},"end":{"line":26,"column":19}},"7":{"start":{"line":30,"column":8},"end":{"line":30,"column":24}},"8":{"start":{"line":34,"column":8},"end":{"line":34,"column":26}},"9":{"start":{"line":39,"column":8},"end":{"line":39,"column":24}},"10":{"start":{"line":44,"column":8},"end":{"line":44,"column":26}},"11":{"start":{"line":52,"column":8},"end":{"line":52,"column":43}}},"branchMap":{}}}
