{
"contracts/CerbyCronJobsExecution.sol":{"l":{"18":0,"21":0,"22":0,"24":0,"25":0,"29":0,"32":0,"33":0,"42":0,"46":0,"52":0,"53":0,"56":0,"63":0,"69":0,"70":0,"73":0,"74":0,"84":0,"90":0,"91":0,"94":0,"96":0},"path":"/Users/numwan/Documents/Remix/bitbucket/sol-cerby-swap-v1/contracts/CerbyCronJobsExecution.sol","s":{"1":0,"2":0,"3":0,"4":0,"5":0,"6":0,"7":0,"8":0,"9":0,"10":0,"11":0,"12":0,"13":0,"14":0,"15":0,"16":0},"b":{"1":[0,0],"2":[0,0],"3":[0,0],"4":[0,0],"5":[0,0]},"f":{"1":0,"2":0,"3":0,"4":0,"5":0,"6":0},"fnMap":{"1":{"name":"checkForBotsAndExecuteCronJobs","line":17,"loc":{"start":{"line":17,"column":4},"end":{"line":26,"column":4}}},"2":{"name":"executeCronJobs","line":28,"loc":{"start":{"line":28,"column":4},"end":{"line":34,"column":4}}},"3":{"name":"getUtilsContractAtPos","line":36,"loc":{"start":{"line":36,"column":4},"end":{"line":43,"column":4}}},"4":{"name":"checkForBots","line":45,"loc":{"start":{"line":45,"column":4},"end":{"line":57,"column":4}}},"5":{"name":"checkTransactionAndExecuteCron","line":59,"loc":{"start":{"line":59,"column":4},"end":{"line":75,"column":4}}},"6":{"name":"checkTransactionForBots","line":77,"loc":{"start":{"line":77,"column":4},"end":{"line":100,"column":4}}}},"statementMap":{"1":{"start":{"line":18,"column":8},"end":{"line":18,"column":523}},"2":{"start":{"line":21,"column":8},"end":{"line":21,"column":668}},"3":{"start":{"line":24,"column":8},"end":{"line":24,"column":43}},"4":{"start":{"line":29,"column":8},"end":{"line":29,"column":910}},"5":{"start":{"line":32,"column":8},"end":{"line":32,"column":43}},"6":{"start":{"line":42,"column":8},"end":{"line":42,"column":63}},"7":{"start":{"line":46,"column":8},"end":{"line":46,"column":1360}},"8":{"start":{"line":52,"column":8},"end":{"line":52,"column":1557}},"9":{"start":{"line":63,"column":8},"end":{"line":63,"column":1824}},"10":{"start":{"line":69,"column":8},"end":{"line":69,"column":2021}},"11":{"start":{"line":73,"column":8},"end":{"line":73,"column":43}},"12":{"start":{"line":84,"column":8},"end":{"line":84,"column":2385}},"13":{"start":{"line":90,"column":8},"end":{"line":90,"column":2582}},"14":{"start":{"line":94,"column":8},"end":{"line":94,"column":40}},"15":{"start":{"line":94,"column":34},"end":{"line":94,"column":40}},"16":{"start":{"line":96,"column":8},"end":{"line":96,"column":2786}}},"branchMap":{"1":{"line":21,"type":"if","locations":[{"start":{"line":21,"column":8},"end":{"line":21,"column":8}},{"start":{"line":21,"column":8},"end":{"line":21,"column":8}}]},"2":{"line":52,"type":"if","locations":[{"start":{"line":52,"column":8},"end":{"line":52,"column":8}},{"start":{"line":52,"column":8},"end":{"line":52,"column":8}}]},"3":{"line":69,"type":"if","locations":[{"start":{"line":69,"column":8},"end":{"line":69,"column":8}},{"start":{"line":69,"column":8},"end":{"line":69,"column":8}}]},"4":{"line":90,"type":"if","locations":[{"start":{"line":90,"column":8},"end":{"line":90,"column":8}},{"start":{"line":90,"column":8},"end":{"line":90,"column":8}}]},"5":{"line":94,"type":"if","locations":[{"start":{"line":94,"column":8},"end":{"line":94,"column":8}},{"start":{"line":94,"column":8},"end":{"line":94,"column":8}}]}}},
"contracts/CerbySwapV1_AdminFunctions.sol":{"l":{"23":1,"24":1,"25":1,"27":1,"33":1,"42":1,"58":1,"73":1,"83":1,"84":1,"93":0,"98":0,"99":0,"102":0,"103":0,"104":0,"107":0,"108":0,"109":0,"112":0,"127":0,"149":1,"154":1,"157":1,"162":1},"path":"/Users/numwan/Documents/Remix/bitbucket/sol-cerby-swap-v1/contracts/CerbySwapV1_AdminFunctions.sol","s":{"1":1,"2":1,"3":1,"4":1,"5":1,"6":1,"7":1,"8":1,"9":1,"10":1,"11":0,"12":0,"13":0,"14":0,"15":0,"16":0,"17":0,"18":0,"19":1,"20":1,"21":1,"22":1},"b":{"1":[0,0],"2":[0,0],"3":[0,0]},"f":{"1":1,"2":1,"3":1,"4":1,"5":1,"6":0,"7":0,"8":1},"fnMap":{"1":{"name":"testSetupTokens","line":13,"loc":{"start":{"line":13,"column":4},"end":{"line":28,"column":4}}},"2":{"name":"testInit","line":31,"loc":{"start":{"line":31,"column":4},"end":{"line":49,"column":4}}},"3":{"name":"adminInitialize","line":55,"loc":{"start":{"line":52,"column":4},"end":{"line":65,"column":4}}},"4":{"name":"adminSetUrlPrefix","line":71,"loc":{"start":{"line":67,"column":4},"end":{"line":74,"column":4}}},"5":{"name":"adminUpdateNameAndSymbol","line":81,"loc":{"start":{"line":76,"column":4},"end":{"line":85,"column":4}}},"6":{"name":"adminUpdateSettings","line":91,"loc":{"start":{"line":87,"column":4},"end":{"line":113,"column":4}}},"7":{"name":"adminCreatePool","line":125,"loc":{"start":{"line":117,"column":4},"end":{"line":134,"column":4}}},"8":{"name":"adminChangeCerUsdCreditInPool","line":147,"loc":{"start":{"line":141,"column":4},"end":{"line":168,"column":4}}}},"statementMap":{"1":{"start":{"line":23,"column":8},"end":{"line":23,"column":39}},"2":{"start":{"line":24,"column":8},"end":{"line":24,"column":33}},"3":{"start":{"line":25,"column":8},"end":{"line":25,"column":37}},"4":{"start":{"line":27,"column":8},"end":{"line":27,"column":17}},"5":{"start":{"line":33,"column":8},"end":{"line":33,"column":809}},"6":{"start":{"line":42,"column":8},"end":{"line":42,"column":1011}},"7":{"start":{"line":58,"column":8},"end":{"line":58,"column":1370}},"8":{"start":{"line":73,"column":8},"end":{"line":73,"column":32}},"9":{"start":{"line":83,"column":8},"end":{"line":83,"column":38}},"10":{"start":{"line":84,"column":8},"end":{"line":84,"column":42}},"11":{"start":{"line":93,"column":8},"end":{"line":93,"column":2067}},"12":{"start":{"line":98,"column":12},"end":{"line":98,"column":24}},"13":{"start":{"line":102,"column":8},"end":{"line":102,"column":2372}},"14":{"start":{"line":103,"column":12},"end":{"line":103,"column":24}},"15":{"start":{"line":107,"column":8},"end":{"line":107,"column":2544}},"16":{"start":{"line":108,"column":12},"end":{"line":108,"column":24}},"17":{"start":{"line":112,"column":8},"end":{"line":112,"column":27}},"18":{"start":{"line":127,"column":8},"end":{"line":127,"column":3128}},"19":{"start":{"line":149,"column":8},"end":{"line":149,"column":3792}},"20":{"start":{"line":154,"column":8},"end":{"line":154,"column":56}},"21":{"start":{"line":157,"column":8},"end":{"line":157,"column":4059}},"22":{"start":{"line":162,"column":8},"end":{"line":162,"column":4206}}},"branchMap":{"1":{"line":93,"type":"if","locations":[{"start":{"line":93,"column":8},"end":{"line":93,"column":8}},{"start":{"line":93,"column":8},"end":{"line":93,"column":8}}]},"2":{"line":102,"type":"if","locations":[{"start":{"line":102,"column":8},"end":{"line":102,"column":8}},{"start":{"line":102,"column":8},"end":{"line":102,"column":8}}]},"3":{"line":107,"type":"if","locations":[{"start":{"line":107,"column":8},"end":{"line":107,"column":8}},{"start":{"line":107,"column":8},"end":{"line":107,"column":8}}]}}},
"contracts/CerbySwapV1_Declarations.sol":{"l":{},"path":"/Users/numwan/Documents/Remix/bitbucket/sol-cerby-swap-v1/contracts/CerbySwapV1_Declarations.sol","s":{},"b":{},"f":{},"fnMap":{},"statementMap":{},"branchMap":{}},
"contracts/CerbySwapV1_ERC1155.sol":{"l":{"18":1,"26":1,"34":0,"42":0,"43":0,"46":0,"47":0,"50":0,"58":1,"70":0,"89":0,"105":1,"107":0,"109":1,"110":1,"111":1,"113":3,"114":3,"116":1,"117":1,"118":1,"119":1,"121":3,"122":3,"124":1},"path":"/Users/numwan/Documents/Remix/bitbucket/sol-cerby-swap-v1/contracts/CerbySwapV1_ERC1155.sol","s":{"1":1,"2":1,"3":0,"4":0,"5":0,"6":0,"7":0,"8":0,"9":1,"10":0,"11":0,"12":1,"13":0,"14":1,"15":1,"16":1,"17":3,"18":1,"19":1,"20":1,"21":1,"22":3,"23":3,"24":1},"b":{"1":[0,1]},"f":{"1":1,"2":1,"3":0,"4":0,"5":1,"6":0,"7":0,"8":1},"fnMap":{"1":{"name":"name","line":13,"loc":{"start":{"line":13,"column":4},"end":{"line":19,"column":4}}},"2":{"name":"symbol","line":21,"loc":{"start":{"line":21,"column":4},"end":{"line":27,"column":4}}},"3":{"name":"decimals","line":29,"loc":{"start":{"line":29,"column":4},"end":{"line":35,"column":4}}},"4":{"name":"totalSupply","line":37,"loc":{"start":{"line":37,"column":4},"end":{"line":51,"column":4}}},"5":{"name":"uri","line":53,"loc":{"start":{"line":53,"column":4},"end":{"line":61,"column":4}}},"6":{"name":"setApprovalForAll","line":68,"loc":{"start":{"line":63,"column":4},"end":{"line":75,"column":4}}},"7":{"name":"safeTransferFrom","line":87,"loc":{"start":{"line":78,"column":4},"end":{"line":96,"column":4}}},"8":{"name":"uint2str","line":98,"loc":{"start":{"line":98,"column":4},"end":{"line":125,"column":4}}}},"statementMap":{"1":{"start":{"line":18,"column":8},"end":{"line":18,"column":27}},"2":{"start":{"line":26,"column":8},"end":{"line":26,"column":29}},"3":{"start":{"line":34,"column":8},"end":{"line":34,"column":17}},"4":{"start":{"line":42,"column":8},"end":{"line":42,"column":17}},"5":{"start":{"line":43,"column":8},"end":{"line":43,"column":33}},"6":{"start":{"line":46,"column":8},"end":{"line":46,"column":989}},"7":{"start":{"line":47,"column":12},"end":{"line":47,"column":54}},"8":{"start":{"line":50,"column":8},"end":{"line":50,"column":32}},"9":{"start":{"line":58,"column":8},"end":{"line":58,"column":1244}},"10":{"start":{"line":70,"column":8},"end":{"line":70,"column":1483}},"11":{"start":{"line":89,"column":8},"end":{"line":89,"column":1835}},"12":{"start":{"line":105,"column":8},"end":{"line":105,"column":2091}},"13":{"start":{"line":107,"column":12},"end":{"line":107,"column":22}},"14":{"start":{"line":109,"column":8},"end":{"line":109,"column":22}},"15":{"start":{"line":110,"column":8},"end":{"line":110,"column":22}},"16":{"start":{"line":111,"column":8},"end":{"line":111,"column":2204}},"17":{"start":{"line":114,"column":12},"end":{"line":114,"column":18}},"18":{"start":{"line":116,"column":8},"end":{"line":116,"column":45}},"19":{"start":{"line":117,"column":8},"end":{"line":117,"column":26}},"20":{"start":{"line":118,"column":8},"end":{"line":118,"column":13}},"21":{"start":{"line":119,"column":8},"end":{"line":119,"column":2381}},"22":{"start":{"line":121,"column":12},"end":{"line":121,"column":49}},"23":{"start":{"line":122,"column":12},"end":{"line":122,"column":18}},"24":{"start":{"line":124,"column":8},"end":{"line":124,"column":25}}},"branchMap":{"1":{"line":105,"type":"if","locations":[{"start":{"line":105,"column":8},"end":{"line":105,"column":8}},{"start":{"line":105,"column":8},"end":{"line":105,"column":8}}]}}},
"contracts/CerbySwapV1_EventsAndErrors.sol":{"l":{},"path":"/Users/numwan/Documents/Remix/bitbucket/sol-cerby-swap-v1/contracts/CerbySwapV1_EventsAndErrors.sol","s":{},"b":{},"f":{},"fnMap":{},"statementMap":{},"branchMap":{}},
"contracts/CerbySwapV1_GetFunctions.sol":{"l":{"19":9,"27":0,"37":114,"38":114,"39":114,"40":114,"42":114,"53":0,"55":0,"59":0,"77":44,"80":44,"82":19,"87":19,"91":25,"93":17,"97":17,"103":8,"109":8,"114":8,"129":32,"132":32,"134":14,"140":14,"144":18,"146":14,"151":14,"157":4,"162":4,"168":4,"176":180,"190":97,"191":97,"193":97,"196":582,"197":485,"203":97,"208":97,"212":97,"216":97,"217":97,"220":0,"221":0,"224":0,"239":57,"241":57,"260":51,"279":108,"282":108,"286":108,"299":40,"301":40,"320":42,"339":82,"345":82},"path":"/Users/numwan/Documents/Remix/bitbucket/sol-cerby-swap-v1/contracts/CerbySwapV1_GetFunctions.sol","s":{"1":9,"2":0,"3":114,"4":114,"5":114,"6":114,"7":114,"8":0,"9":0,"10":0,"11":44,"12":44,"13":19,"14":19,"15":25,"16":17,"17":17,"18":8,"19":8,"20":8,"21":32,"22":32,"23":14,"24":14,"25":18,"26":14,"27":14,"28":4,"29":4,"30":4,"31":180,"32":97,"33":97,"34":97,"35":582,"36":485,"37":97,"38":97,"39":97,"40":97,"41":97,"42":0,"43":0,"44":0,"45":57,"46":57,"47":51,"48":108,"49":108,"50":108,"51":40,"52":40,"53":42,"54":82,"55":82},"b":{"1":[19,25],"2":[17,8],"3":[14,18],"4":[14,4],"5":[97,485],"6":[97,0],"7":[0,0]},"f":{"1":9,"2":0,"3":114,"4":0,"5":44,"6":32,"7":180,"8":97,"9":57,"10":51,"11":108,"12":40,"13":42,"14":82},"fnMap":{"1":{"name":"getTokenToPoolId","line":12,"loc":{"start":{"line":12,"column":4},"end":{"line":20,"column":4}}},"2":{"name":"getSettings","line":22,"loc":{"start":{"line":22,"column":4},"end":{"line":28,"column":4}}},"3":{"name":"getPoolsByTokens","line":30,"loc":{"start":{"line":30,"column":4},"end":{"line":43,"column":4}}},"4":{"name":"getCurrentOneMinusFeeBasedOnTrades","line":45,"loc":{"start":{"line":45,"column":4},"end":{"line":63,"column":4}}},"5":{"name":"getOutputExactTokensForTokens","line":65,"loc":{"start":{"line":65,"column":4},"end":{"line":115,"column":4}}},"6":{"name":"getInputTokensForExactTokens","line":117,"loc":{"start":{"line":117,"column":4},"end":{"line":169,"column":4}}},"7":{"name":"_getCurrentPeriod","line":171,"loc":{"start":{"line":171,"column":4},"end":{"line":179,"column":4}}},"8":{"name":"_getCurrentOneMinusFeeBasedOnTrades","line":181,"loc":{"start":{"line":181,"column":4},"end":{"line":227,"column":4}}},"9":{"name":"_getOutputExactTokensForCerUsd","line":229,"loc":{"start":{"line":229,"column":4},"end":{"line":250,"column":4}}},"10":{"name":"_getOutputExactCerUsdForTokens","line":252,"loc":{"start":{"line":252,"column":4},"end":{"line":266,"column":4}}},"11":{"name":"_getOutput","line":268,"loc":{"start":{"line":268,"column":4},"end":{"line":287,"column":4}}},"12":{"name":"_getInputTokensForExactCerUsd","line":289,"loc":{"start":{"line":289,"column":4},"end":{"line":310,"column":4}}},"13":{"name":"_getInputCerUsdForExactTokens","line":312,"loc":{"start":{"line":312,"column":4},"end":{"line":326,"column":4}}},"14":{"name":"_getInput","line":328,"loc":{"start":{"line":328,"column":4},"end":{"line":346,"column":4}}}},"statementMap":{"1":{"start":{"line":19,"column":8},"end":{"line":19,"column":36}},"2":{"start":{"line":27,"column":8},"end":{"line":27,"column":23}},"3":{"start":{"line":37,"column":8},"end":{"line":37,"column":78}},"4":{"start":{"line":38,"column":8},"end":{"line":38,"column":791}},"5":{"start":{"line":39,"column":12},"end":{"line":39,"column":38}},"6":{"start":{"line":40,"column":12},"end":{"line":40,"column":51}},"7":{"start":{"line":42,"column":8},"end":{"line":42,"column":26}},"8":{"start":{"line":53,"column":8},"end":{"line":53,"column":56}},"9":{"start":{"line":55,"column":8},"end":{"line":55,"column":1261}},"10":{"start":{"line":59,"column":8},"end":{"line":59,"column":1353}},"11":{"start":{"line":77,"column":8},"end":{"line":77,"column":31}},"12":{"start":{"line":80,"column":8},"end":{"line":80,"column":1810}},"13":{"start":{"line":82,"column":12},"end":{"line":82,"column":1897}},"14":{"start":{"line":87,"column":12},"end":{"line":87,"column":34}},"15":{"start":{"line":91,"column":8},"end":{"line":91,"column":2151}},"16":{"start":{"line":93,"column":12},"end":{"line":93,"column":2237}},"17":{"start":{"line":97,"column":12},"end":{"line":97,"column":34}},"18":{"start":{"line":103,"column":8},"end":{"line":103,"column":2594}},"19":{"start":{"line":109,"column":8},"end":{"line":109,"column":2761}},"20":{"start":{"line":114,"column":8},"end":{"line":114,"column":30}},"21":{"start":{"line":129,"column":8},"end":{"line":129,"column":30}},"22":{"start":{"line":132,"column":8},"end":{"line":132,"column":3283}},"23":{"start":{"line":134,"column":12},"end":{"line":134,"column":3370}},"24":{"start":{"line":140,"column":12},"end":{"line":140,"column":33}},"25":{"start":{"line":144,"column":8},"end":{"line":144,"column":3623}},"26":{"start":{"line":146,"column":12},"end":{"line":146,"column":3709}},"27":{"start":{"line":151,"column":12},"end":{"line":151,"column":33}},"28":{"start":{"line":157,"column":8},"end":{"line":157,"column":4065}},"29":{"start":{"line":162,"column":8},"end":{"line":162,"column":4211}},"30":{"start":{"line":168,"column":8},"end":{"line":168,"column":29}},"31":{"start":{"line":176,"column":8},"end":{"line":176,"column":4531}},"32":{"start":{"line":190,"column":8},"end":{"line":190,"column":51}},"33":{"start":{"line":191,"column":8},"end":{"line":191,"column":22}},"34":{"start":{"line":193,"column":8},"end":{"line":193,"column":4934}},"35":{"start":{"line":196,"column":12},"end":{"line":196,"column":44}},"36":{"start":{"line":197,"column":12},"end":{"line":197,"column":58}},"37":{"start":{"line":203,"column":8},"end":{"line":203,"column":82}},"38":{"start":{"line":208,"column":8},"end":{"line":208,"column":5720}},"39":{"start":{"line":212,"column":8},"end":{"line":212,"column":5864}},"40":{"start":{"line":216,"column":8},"end":{"line":216,"column":5981}},"41":{"start":{"line":217,"column":12},"end":{"line":217,"column":60}},"42":{"start":{"line":220,"column":8},"end":{"line":220,"column":6104}},"43":{"start":{"line":221,"column":12},"end":{"line":221,"column":60}},"44":{"start":{"line":224,"column":8},"end":{"line":224,"column":6250}},"45":{"start":{"line":239,"column":8},"end":{"line":239,"column":56}},"46":{"start":{"line":241,"column":8},"end":{"line":241,"column":6799}},"47":{"start":{"line":260,"column":8},"end":{"line":260,"column":7271}},"48":{"start":{"line":279,"column":8},"end":{"line":279,"column":7870}},"49":{"start":{"line":282,"column":8},"end":{"line":282,"column":7975}},"50":{"start":{"line":286,"column":8},"end":{"line":286,"column":24}},"51":{"start":{"line":299,"column":8},"end":{"line":299,"column":56}},"52":{"start":{"line":301,"column":8},"end":{"line":301,"column":8429}},"53":{"start":{"line":320,"column":8},"end":{"line":320,"column":8901}},"54":{"start":{"line":339,"column":8},"end":{"line":339,"column":9489}},"55":{"start":{"line":345,"column":8},"end":{"line":345,"column":23}}},"branchMap":{"1":{"line":80,"type":"if","locations":[{"start":{"line":80,"column":8},"end":{"line":80,"column":8}},{"start":{"line":80,"column":8},"end":{"line":80,"column":8}}]},"2":{"line":91,"type":"if","locations":[{"start":{"line":91,"column":8},"end":{"line":91,"column":8}},{"start":{"line":91,"column":8},"end":{"line":91,"column":8}}]},"3":{"line":132,"type":"if","locations":[{"start":{"line":132,"column":8},"end":{"line":132,"column":8}},{"start":{"line":132,"column":8},"end":{"line":132,"column":8}}]},"4":{"line":144,"type":"if","locations":[{"start":{"line":144,"column":8},"end":{"line":144,"column":8}},{"start":{"line":144,"column":8},"end":{"line":144,"column":8}}]},"5":{"line":196,"type":"if","locations":[{"start":{"line":196,"column":12},"end":{"line":196,"column":12}},{"start":{"line":196,"column":12},"end":{"line":196,"column":12}}]},"6":{"line":216,"type":"if","locations":[{"start":{"line":216,"column":8},"end":{"line":216,"column":8}},{"start":{"line":216,"column":8},"end":{"line":216,"column":8}}]},"7":{"line":220,"type":"if","locations":[{"start":{"line":220,"column":8},"end":{"line":220,"column":8}},{"start":{"line":220,"column":8},"end":{"line":220,"column":8}}]}}},
"contracts/CerbySwapV1_LiquidityFunctions.sol":{"l":{"26":1,"28":1,"32":1,"34":1,"37":1,"44":1,"62":0,"82":3,"84":3,"91":3,"99":3,"105":3,"110":3,"111":0,"112":0,"117":3,"118":3,"119":18,"122":3,"123":3,"132":3,"133":3,"136":3,"139":3,"146":3,"149":3,"156":3,"163":3,"171":3,"193":5,"194":5,"196":5,"201":5,"206":5,"214":5,"219":5,"222":5,"223":0,"224":0,"228":5,"235":5,"242":5,"246":5,"254":5,"258":5,"259":0,"263":5,"269":5,"274":5,"282":5,"289":5,"304":7,"320":7,"321":7,"323":7,"328":7,"330":7,"335":7,"340":7,"347":7,"354":7,"359":7,"364":7,"371":7,"375":7,"382":7,"390":7,"398":7,"405":7,"417":12,"421":12,"426":7,"436":5},"path":"/Users/numwan/Documents/Remix/bitbucket/sol-cerby-swap-v1/contracts/CerbySwapV1_LiquidityFunctions.sol","s":{"1":1,"2":1,"3":1,"4":1,"5":1,"6":1,"7":0,"8":3,"9":3,"10":3,"11":3,"12":3,"13":3,"14":0,"15":3,"16":3,"17":18,"18":3,"19":3,"20":3,"21":3,"22":3,"23":3,"24":3,"25":3,"26":3,"27":3,"28":3,"29":5,"30":5,"31":5,"32":5,"33":5,"34":5,"35":5,"36":5,"37":0,"38":5,"39":5,"40":5,"41":5,"42":5,"43":5,"44":5,"45":5,"46":5,"47":5,"48":5,"49":7,"50":7,"51":7,"52":7,"53":7,"54":7,"55":7,"56":7,"57":7,"58":7,"59":7,"60":7,"61":7,"62":7,"63":7,"64":7,"65":7,"66":7,"67":12,"68":12,"69":7,"70":5},"b":{"1":[1,0],"2":[0,3],"3":[0,5],"4":[0,5],"5":[7,5]},"f":{"1":1,"2":0,"3":3,"4":5,"5":7,"6":7,"7":12},"fnMap":{"1":{"name":"increaseCerUsdCreditInPool","line":19,"loc":{"start":{"line":19,"column":4},"end":{"line":50,"column":4}}},"2":{"name":"createPool","line":53,"loc":{"start":{"line":53,"column":4},"end":{"line":69,"column":4}}},"3":{"name":"_createPool","line":79,"loc":{"start":{"line":71,"column":4},"end":{"line":177,"column":4}}},"4":{"name":"addTokenLiquidity","line":188,"loc":{"start":{"line":179,"column":4},"end":{"line":290,"column":4}}},"5":{"name":"removeTokenLiquidity","line":300,"loc":{"start":{"line":292,"column":4},"end":{"line":309,"column":4}}},"6":{"name":"_removeTokenLiquidity","line":311,"loc":{"start":{"line":311,"column":4},"end":{"line":406,"column":4}}},"7":{"name":"_getMintFeeLiquidityAmount","line":408,"loc":{"start":{"line":408,"column":4},"end":{"line":437,"column":4}}}},"statementMap":{"1":{"start":{"line":26,"column":8},"end":{"line":26,"column":56}},"2":{"start":{"line":28,"column":8},"end":{"line":28,"column":788}},"3":{"start":{"line":32,"column":8},"end":{"line":32,"column":879}},"4":{"start":{"line":34,"column":12},"end":{"line":34,"column":60}},"5":{"start":{"line":37,"column":12},"end":{"line":37,"column":1151}},"6":{"start":{"line":44,"column":8},"end":{"line":44,"column":1366}},"7":{"start":{"line":62,"column":8},"end":{"line":62,"column":1799}},"8":{"start":{"line":82,"column":8},"end":{"line":82,"column":49}},"9":{"start":{"line":84,"column":8},"end":{"line":84,"column":2333}},"10":{"start":{"line":91,"column":8},"end":{"line":91,"column":2612}},"11":{"start":{"line":99,"column":8},"end":{"line":99,"column":2825}},"12":{"start":{"line":105,"column":8},"end":{"line":105,"column":3006}},"13":{"start":{"line":110,"column":8},"end":{"line":110,"column":3107}},"14":{"start":{"line":111,"column":12},"end":{"line":111,"column":22}},"15":{"start":{"line":117,"column":8},"end":{"line":117,"column":75}},"16":{"start":{"line":118,"column":8},"end":{"line":118,"column":3482}},"17":{"start":{"line":119,"column":12},"end":{"line":119,"column":46}},"18":{"start":{"line":122,"column":8},"end":{"line":122,"column":75}},"19":{"start":{"line":123,"column":8},"end":{"line":123,"column":3678}},"20":{"start":{"line":132,"column":8},"end":{"line":132,"column":37}},"21":{"start":{"line":133,"column":8},"end":{"line":133,"column":23}},"22":{"start":{"line":136,"column":8},"end":{"line":136,"column":37}},"23":{"start":{"line":139,"column":8},"end":{"line":139,"column":4336}},"24":{"start":{"line":146,"column":8},"end":{"line":146,"column":4499}},"25":{"start":{"line":149,"column":8},"end":{"line":149,"column":4551}},"26":{"start":{"line":156,"column":8},"end":{"line":156,"column":4729}},"27":{"start":{"line":163,"column":8},"end":{"line":163,"column":4902}},"28":{"start":{"line":171,"column":8},"end":{"line":171,"column":5111}},"29":{"start":{"line":193,"column":8},"end":{"line":193,"column":46}},"30":{"start":{"line":194,"column":8},"end":{"line":194,"column":41}},"31":{"start":{"line":196,"column":8},"end":{"line":196,"column":5791}},"32":{"start":{"line":201,"column":8},"end":{"line":201,"column":5935}},"33":{"start":{"line":206,"column":8},"end":{"line":206,"column":6095}},"34":{"start":{"line":214,"column":8},"end":{"line":214,"column":6291}},"35":{"start":{"line":219,"column":8},"end":{"line":219,"column":6486}},"36":{"start":{"line":222,"column":8},"end":{"line":222,"column":6555}},"37":{"start":{"line":223,"column":12},"end":{"line":223,"column":22}},"38":{"start":{"line":228,"column":8},"end":{"line":228,"column":6815}},"39":{"start":{"line":235,"column":8},"end":{"line":235,"column":7119}},"40":{"start":{"line":242,"column":8},"end":{"line":242,"column":7311}},"41":{"start":{"line":246,"column":8},"end":{"line":246,"column":7407}},"42":{"start":{"line":254,"column":8},"end":{"line":254,"column":7658}},"43":{"start":{"line":258,"column":8},"end":{"line":258,"column":7769}},"44":{"start":{"line":263,"column":8},"end":{"line":263,"column":7939}},"45":{"start":{"line":269,"column":8},"end":{"line":269,"column":8108}},"46":{"start":{"line":274,"column":8},"end":{"line":274,"column":8313}},"47":{"start":{"line":282,"column":8},"end":{"line":282,"column":8521}},"48":{"start":{"line":289,"column":8},"end":{"line":289,"column":23}},"49":{"start":{"line":304,"column":8},"end":{"line":304,"column":9098}},"50":{"start":{"line":320,"column":8},"end":{"line":320,"column":46}},"51":{"start":{"line":321,"column":8},"end":{"line":321,"column":41}},"52":{"start":{"line":323,"column":8},"end":{"line":323,"column":9588}},"53":{"start":{"line":328,"column":8},"end":{"line":328,"column":59}},"54":{"start":{"line":330,"column":8},"end":{"line":330,"column":9818}},"55":{"start":{"line":335,"column":8},"end":{"line":335,"column":10005}},"56":{"start":{"line":340,"column":8},"end":{"line":340,"column":10160}},"57":{"start":{"line":347,"column":8},"end":{"line":347,"column":10450}},"58":{"start":{"line":354,"column":8},"end":{"line":354,"column":10612}},"59":{"start":{"line":359,"column":8},"end":{"line":359,"column":10814}},"60":{"start":{"line":364,"column":8},"end":{"line":364,"column":11008}},"61":{"start":{"line":371,"column":8},"end":{"line":371,"column":11147}},"62":{"start":{"line":375,"column":8},"end":{"line":375,"column":11240}},"63":{"start":{"line":382,"column":8},"end":{"line":382,"column":11479}},"64":{"start":{"line":390,"column":8},"end":{"line":390,"column":11699}},"65":{"start":{"line":398,"column":8},"end":{"line":398,"column":11929}},"66":{"start":{"line":405,"column":8},"end":{"line":405,"column":30}},"67":{"start":{"line":417,"column":8},"end":{"line":417,"column":12342}},"68":{"start":{"line":421,"column":8},"end":{"line":421,"column":12437}},"69":{"start":{"line":426,"column":12},"end":{"line":426,"column":12613}},"70":{"start":{"line":436,"column":8},"end":{"line":436,"column":16}}},"branchMap":{"1":{"line":32,"type":"if","locations":[{"start":{"line":32,"column":8},"end":{"line":32,"column":8}},{"start":{"line":32,"column":8},"end":{"line":32,"column":8}}]},"2":{"line":110,"type":"if","locations":[{"start":{"line":110,"column":8},"end":{"line":110,"column":8}},{"start":{"line":110,"column":8},"end":{"line":110,"column":8}}]},"3":{"line":222,"type":"if","locations":[{"start":{"line":222,"column":8},"end":{"line":222,"column":8}},{"start":{"line":222,"column":8},"end":{"line":222,"column":8}}]},"4":{"line":258,"type":"if","locations":[{"start":{"line":258,"column":8},"end":{"line":258,"column":8}},{"start":{"line":258,"column":8},"end":{"line":258,"column":8}}]},"5":{"line":421,"type":"if","locations":[{"start":{"line":421,"column":8},"end":{"line":421,"column":8}},{"start":{"line":421,"column":8},"end":{"line":421,"column":8}}]}}},
"contracts/CerbySwapV1_Math.sol":{"l":{"14":27,"15":27,"16":27,"17":27,"18":2165,"19":2165,"22":0},"path":"/Users/numwan/Documents/Remix/bitbucket/sol-cerby-swap-v1/contracts/CerbySwapV1_Math.sol","s":{"1":27,"2":27,"3":27,"4":27,"5":2165,"6":2165,"7":0,"8":0},"b":{"1":[27,0],"2":[0,0]},"f":{"1":27},"fnMap":{"1":{"name":"sqrt","line":7,"loc":{"start":{"line":7,"column":4},"end":{"line":24,"column":4}}}},"statementMap":{"1":{"start":{"line":14,"column":8},"end":{"line":14,"column":227}},"2":{"start":{"line":15,"column":12},"end":{"line":15,"column":17}},"3":{"start":{"line":16,"column":12},"end":{"line":16,"column":34}},"4":{"start":{"line":17,"column":12},"end":{"line":17,"column":313}},"5":{"start":{"line":18,"column":16},"end":{"line":18,"column":20}},"6":{"start":{"line":19,"column":16},"end":{"line":19,"column":35}},"7":{"start":{"line":21,"column":15},"end":{"line":21,"column":415}},"8":{"start":{"line":22,"column":12},"end":{"line":22,"column":16}}},"branchMap":{"1":{"line":14,"type":"if","locations":[{"start":{"line":14,"column":8},"end":{"line":14,"column":8}},{"start":{"line":14,"column":8},"end":{"line":14,"column":8}}]},"2":{"line":21,"type":"if","locations":[{"start":{"line":21,"column":15},"end":{"line":21,"column":15}},{"start":{"line":21,"column":15},"end":{"line":21,"column":15}}]}}},
"contracts/CerbySwapV1_MinimalProxy.sol":{"l":{"18":715,"22":715,"24":715,"25":715,"27":715,"44":715,"53":3,"59":3,"63":3,"64":3,"83":3},"path":"/Users/numwan/Documents/Remix/bitbucket/sol-cerby-swap-v1/contracts/CerbySwapV1_MinimalProxy.sol","s":{"1":715,"2":715,"3":715,"4":715,"5":715,"6":3,"7":3,"8":3,"9":3},"b":{},"f":{"1":715,"2":3},"fnMap":{"1":{"name":"getVaultCloneAddressByToken","line":11,"loc":{"start":{"line":11,"column":4},"end":{"line":45,"column":4}}},"2":{"name":"cloneVault","line":47,"loc":{"start":{"line":47,"column":4},"end":{"line":84,"column":4}}}},"statementMap":{"1":{"start":{"line":18,"column":8},"end":{"line":18,"column":421}},"2":{"start":{"line":22,"column":8},"end":{"line":22,"column":39}},"3":{"start":{"line":24,"column":8},"end":{"line":24,"column":58}},"4":{"start":{"line":25,"column":8},"end":{"line":25,"column":33}},"5":{"start":{"line":44,"column":8},"end":{"line":44,"column":32}},"6":{"start":{"line":53,"column":8},"end":{"line":53,"column":1424}},"7":{"start":{"line":59,"column":8},"end":{"line":59,"column":1537}},"8":{"start":{"line":63,"column":8},"end":{"line":63,"column":34}},"9":{"start":{"line":83,"column":8},"end":{"line":83,"column":33}}},"branchMap":{}},
"contracts/CerbySwapV1_Modifiers.sol":{"l":{"10":13,"11":0,"12":0,"14":13,"18":3,"19":0,"21":3,"25":114,"26":4,"27":0,"29":110},"path":"/Users/numwan/Documents/Remix/bitbucket/sol-cerby-swap-v1/contracts/CerbySwapV1_Modifiers.sol","s":{"1":13,"2":0,"3":3,"4":114,"5":4},"b":{"1":[0,13],"2":[0,3],"3":[4,110]},"f":{"1":13,"2":3,"3":114},"fnMap":{"1":{"name":"tokenMustExistInPool","line":9,"loc":{"start":{"line":9,"column":4},"end":{"line":15,"column":4}}},"2":{"name":"tokenDoesNotExistInPool","line":17,"loc":{"start":{"line":17,"column":4},"end":{"line":22,"column":4}}},"3":{"name":"transactionIsNotExpired","line":24,"loc":{"start":{"line":24,"column":4},"end":{"line":30,"column":4}}}},"statementMap":{"1":{"start":{"line":10,"column":8},"end":{"line":10,"column":246}},"2":{"start":{"line":11,"column":12},"end":{"line":11,"column":22}},"3":{"start":{"line":18,"column":8},"end":{"line":18,"column":513}},"4":{"start":{"line":25,"column":8},"end":{"line":25,"column":700}},"5":{"start":{"line":26,"column":12},"end":{"line":26,"column":22}}},"branchMap":{"1":{"line":10,"type":"if","locations":[{"start":{"line":10,"column":8},"end":{"line":10,"column":8}},{"start":{"line":10,"column":8},"end":{"line":10,"column":8}}]},"2":{"line":18,"type":"if","locations":[{"start":{"line":18,"column":8},"end":{"line":18,"column":8}},{"start":{"line":18,"column":8},"end":{"line":18,"column":8}}]},"3":{"line":25,"type":"if","locations":[{"start":{"line":25,"column":8},"end":{"line":25,"column":8}},{"start":{"line":25,"column":8},"end":{"line":25,"column":8}}]}}},
"contracts/CerbySwapV1_SafeFunctions.sol":{"l":{"21":407,"25":407,"39":817,"52":247,"53":80,"56":167,"58":137,"64":137,"68":30,"70":18,"72":18,"73":2,"74":0,"79":16,"80":10,"86":16,"91":16,"95":12,"100":12,"112":137,"122":137,"123":0,"134":26,"137":26,"138":0},"path":"/Users/numwan/Documents/Remix/bitbucket/sol-cerby-swap-v1/contracts/CerbySwapV1_SafeFunctions.sol","s":{"1":407,"2":407,"3":817,"4":247,"5":80,"6":167,"7":137,"8":137,"9":30,"10":18,"11":18,"12":2,"13":16,"14":10,"15":16,"16":16,"17":12,"18":12,"19":137,"20":137,"21":26,"22":26},"b":{"1":[80,167],"2":[137,30],"3":[18,12],"4":[2,16],"5":[10,6],"6":[0,137],"7":[0,26]},"f":{"1":407,"2":817,"3":247,"4":137,"5":26},"fnMap":{"1":{"name":"_getPoolBalances","line":14,"loc":{"start":{"line":14,"column":4},"end":{"line":29,"column":4}}},"2":{"name":"_getTokenBalance","line":31,"loc":{"start":{"line":31,"column":4},"end":{"line":42,"column":4}}},"3":{"name":"_safeTransferFromHelper","line":44,"loc":{"start":{"line":44,"column":4},"end":{"line":101,"column":4}}},"4":{"name":"_safeCoreTransferFrom","line":103,"loc":{"start":{"line":103,"column":4},"end":{"line":125,"column":4}}},"5":{"name":"_safeCoreTransferNative","line":127,"loc":{"start":{"line":127,"column":4},"end":{"line":140,"column":4}}}},"statementMap":{"1":{"start":{"line":21,"column":8},"end":{"line":21,"column":512}},"2":{"start":{"line":25,"column":8},"end":{"line":25,"column":596}},"3":{"start":{"line":39,"column":8},"end":{"line":39,"column":925}},"4":{"start":{"line":52,"column":8},"end":{"line":52,"column":1173}},"5":{"start":{"line":53,"column":12},"end":{"line":53,"column":18}},"6":{"start":{"line":56,"column":8},"end":{"line":56,"column":1254}},"7":{"start":{"line":58,"column":12},"end":{"line":58,"column":1366}},"8":{"start":{"line":64,"column":12},"end":{"line":64,"column":18}},"9":{"start":{"line":68,"column":8},"end":{"line":68,"column":1579}},"10":{"start":{"line":70,"column":12},"end":{"line":70,"column":57}},"11":{"start":{"line":72,"column":12},"end":{"line":72,"column":1733}},"12":{"start":{"line":73,"column":16},"end":{"line":73,"column":28}},"13":{"start":{"line":79,"column":12},"end":{"line":79,"column":2022}},"14":{"start":{"line":80,"column":16},"end":{"line":80,"column":2079}},"15":{"start":{"line":86,"column":12},"end":{"line":86,"column":2228}},"16":{"start":{"line":91,"column":12},"end":{"line":91,"column":18}},"17":{"start":{"line":95,"column":8},"end":{"line":95,"column":2394}},"18":{"start":{"line":100,"column":8},"end":{"line":100,"column":14}},"19":{"start":{"line":112,"column":8},"end":{"line":112,"column":2801}},"20":{"start":{"line":122,"column":8},"end":{"line":122,"column":3091}},"21":{"start":{"line":134,"column":8},"end":{"line":134,"column":64}},"22":{"start":{"line":137,"column":8},"end":{"line":137,"column":3573}}},"branchMap":{"1":{"line":52,"type":"if","locations":[{"start":{"line":52,"column":8},"end":{"line":52,"column":8}},{"start":{"line":52,"column":8},"end":{"line":52,"column":8}}]},"2":{"line":56,"type":"if","locations":[{"start":{"line":56,"column":8},"end":{"line":56,"column":8}},{"start":{"line":56,"column":8},"end":{"line":56,"column":8}}]},"3":{"line":68,"type":"if","locations":[{"start":{"line":68,"column":8},"end":{"line":68,"column":8}},{"start":{"line":68,"column":8},"end":{"line":68,"column":8}}]},"4":{"line":72,"type":"if","locations":[{"start":{"line":72,"column":12},"end":{"line":72,"column":12}},{"start":{"line":72,"column":12},"end":{"line":72,"column":12}}]},"5":{"line":79,"type":"if","locations":[{"start":{"line":79,"column":12},"end":{"line":79,"column":12}},{"start":{"line":79,"column":12},"end":{"line":79,"column":12}}]},"6":{"line":122,"type":"if","locations":[{"start":{"line":122,"column":8},"end":{"line":122,"column":8}},{"start":{"line":122,"column":8},"end":{"line":122,"column":8}}]},"7":{"line":137,"type":"if","locations":[{"start":{"line":137,"column":8},"end":{"line":137,"column":8}},{"start":{"line":137,"column":8},"end":{"line":137,"column":8}}]}}},
"contracts/CerbySwapV1_SwapFunctions.sol":{"l":{"24":58,"25":4,"26":0,"30":54,"31":6,"32":0,"35":48,"39":48,"40":48,"42":48,"45":48,"47":22,"52":22,"59":22,"60":2,"61":0,"65":20,"73":20,"81":16,"85":26,"89":26,"91":26,"93":18,"98":18,"104":18,"105":2,"106":0,"110":16,"118":16,"126":16,"133":8,"138":8,"145":8,"149":8,"155":8,"156":0,"157":0,"161":8,"170":6,"179":6,"187":6,"205":40,"206":2,"207":0,"210":38,"214":38,"215":38,"217":38,"220":38,"222":14,"227":14,"234":14,"235":2,"236":0,"240":12,"241":2,"242":0,"246":10,"254":10,"262":10,"266":24,"270":24,"272":24,"274":14,"279":14,"285":14,"286":2,"287":0,"291":12,"292":2,"293":0,"297":10,"305":10,"313":10,"320":10,"325":10,"331":10,"332":2,"333":0,"337":8,"341":8,"348":8,"349":0,"350":0,"354":8,"355":0,"356":0,"360":8,"368":8,"377":8,"385":8,"397":84,"402":84,"406":84,"410":84,"411":0,"412":0,"416":84,"417":84,"421":4,"422":0,"425":80,"426":80,"427":80,"431":80,"435":40,"436":40,"443":0,"446":0,"447":0,"451":0,"458":0,"460":40,"464":80,"469":80,"478":80,"479":0,"480":0,"484":80,"485":0,"494":80,"497":25,"502":25,"509":80,"518":80,"526":80,"538":80},"path":"/Users/numwan/Documents/Remix/bitbucket/sol-cerby-swap-v1/contracts/CerbySwapV1_SwapFunctions.sol","s":{"1":58,"2":4,"3":54,"4":6,"5":48,"6":48,"7":48,"8":48,"9":48,"10":22,"11":22,"12":22,"13":2,"14":20,"15":20,"16":16,"17":26,"18":26,"19":26,"20":18,"21":18,"22":18,"23":2,"24":16,"25":16,"26":16,"27":8,"28":8,"29":8,"30":8,"31":8,"32":0,"33":8,"34":6,"35":6,"36":6,"37":40,"38":2,"39":38,"40":38,"41":38,"42":38,"43":38,"44":14,"45":14,"46":14,"47":2,"48":12,"49":2,"50":10,"51":10,"52":10,"53":24,"54":24,"55":24,"56":14,"57":14,"58":14,"59":2,"60":12,"61":2,"62":10,"63":10,"64":10,"65":10,"66":10,"67":10,"68":2,"69":8,"70":8,"71":8,"72":0,"73":8,"74":0,"75":8,"76":8,"77":8,"78":8,"79":84,"80":84,"81":84,"82":84,"83":0,"84":84,"85":84,"86":4,"87":80,"88":80,"89":80,"90":40,"91":40,"92":0,"93":0,"94":0,"95":0,"96":0,"97":40,"98":80,"99":80,"100":80,"101":0,"102":80,"103":0,"104":80,"105":25,"106":25,"107":80,"108":80,"109":80,"110":80},"b":{"1":[4,54],"2":[6,48],"3":[22,26],"4":[2,20],"5":[18,8],"6":[2,16],"7":[0,8],"8":[2,38],"9":[14,24],"10":[2,12],"11":[2,10],"12":[14,10],"13":[2,12],"14":[2,10],"15":[2,8],"16":[0,8],"17":[0,8],"18":[0,84],"19":[4,80],"20":[40,40],"21":[0,40],"22":[0,80],"23":[0,80],"24":[25,55]},"f":{"1":58,"2":40,"3":84},"fnMap":{"1":{"name":"swapExactTokensForTokens","line":19,"loc":{"start":{"line":9,"column":4},"end":{"line":188,"column":4}}},"2":{"name":"swapTokensForExactTokens","line":201,"loc":{"start":{"line":191,"column":4},"end":{"line":386,"column":4}}},"3":{"name":"_swap","line":388,"loc":{"start":{"line":388,"column":4},"end":{"line":544,"column":4}}}},"statementMap":{"1":{"start":{"line":24,"column":8},"end":{"line":24,"column":688}},"2":{"start":{"line":25,"column":12},"end":{"line":25,"column":22}},"3":{"start":{"line":30,"column":8},"end":{"line":30,"column":944}},"4":{"start":{"line":31,"column":12},"end":{"line":31,"column":22}},"5":{"start":{"line":35,"column":8},"end":{"line":35,"column":1125}},"6":{"start":{"line":39,"column":8},"end":{"line":39,"column":51}},"7":{"start":{"line":40,"column":8},"end":{"line":40,"column":35}},"8":{"start":{"line":42,"column":8},"end":{"line":42,"column":48}},"9":{"start":{"line":45,"column":8},"end":{"line":45,"column":1396}},"10":{"start":{"line":47,"column":12},"end":{"line":47,"column":1497}},"11":{"start":{"line":52,"column":12},"end":{"line":52,"column":1630}},"12":{"start":{"line":59,"column":12},"end":{"line":59,"column":1832}},"13":{"start":{"line":60,"column":16},"end":{"line":60,"column":26}},"14":{"start":{"line":65,"column":12},"end":{"line":65,"column":2119}},"15":{"start":{"line":73,"column":12},"end":{"line":73,"column":2330}},"16":{"start":{"line":81,"column":12},"end":{"line":81,"column":26}},"17":{"start":{"line":85,"column":8},"end":{"line":85,"column":2570}},"18":{"start":{"line":89,"column":8},"end":{"line":89,"column":49}},"19":{"start":{"line":91,"column":8},"end":{"line":91,"column":2718}},"20":{"start":{"line":93,"column":12},"end":{"line":93,"column":2818}},"21":{"start":{"line":98,"column":12},"end":{"line":98,"column":2953}},"22":{"start":{"line":104,"column":12},"end":{"line":104,"column":3130}},"23":{"start":{"line":105,"column":16},"end":{"line":105,"column":26}},"24":{"start":{"line":110,"column":12},"end":{"line":110,"column":3417}},"25":{"start":{"line":118,"column":12},"end":{"line":118,"column":3629}},"26":{"start":{"line":126,"column":12},"end":{"line":126,"column":26}},"27":{"start":{"line":133,"column":8},"end":{"line":133,"column":4038}},"28":{"start":{"line":138,"column":8},"end":{"line":138,"column":4157}},"29":{"start":{"line":145,"column":8},"end":{"line":145,"column":4367}},"30":{"start":{"line":149,"column":8},"end":{"line":149,"column":4451}},"31":{"start":{"line":155,"column":8},"end":{"line":155,"column":4608}},"32":{"start":{"line":156,"column":12},"end":{"line":156,"column":22}},"33":{"start":{"line":161,"column":8},"end":{"line":161,"column":4875}},"34":{"start":{"line":170,"column":8},"end":{"line":170,"column":5127}},"35":{"start":{"line":179,"column":8},"end":{"line":179,"column":5318}},"36":{"start":{"line":187,"column":8},"end":{"line":187,"column":22}},"37":{"start":{"line":205,"column":8},"end":{"line":205,"column":5999}},"38":{"start":{"line":206,"column":12},"end":{"line":206,"column":22}},"39":{"start":{"line":210,"column":8},"end":{"line":210,"column":6183}},"40":{"start":{"line":214,"column":8},"end":{"line":214,"column":51}},"41":{"start":{"line":215,"column":8},"end":{"line":215,"column":36}},"42":{"start":{"line":217,"column":8},"end":{"line":217,"column":48}},"43":{"start":{"line":220,"column":8},"end":{"line":220,"column":6456}},"44":{"start":{"line":222,"column":12},"end":{"line":222,"column":6557}},"45":{"start":{"line":227,"column":12},"end":{"line":227,"column":6690}},"46":{"start":{"line":234,"column":12},"end":{"line":234,"column":6892}},"47":{"start":{"line":235,"column":16},"end":{"line":235,"column":26}},"48":{"start":{"line":240,"column":12},"end":{"line":240,"column":7188}},"49":{"start":{"line":241,"column":16},"end":{"line":241,"column":26}},"50":{"start":{"line":246,"column":12},"end":{"line":246,"column":7446}},"51":{"start":{"line":254,"column":12},"end":{"line":254,"column":7652}},"52":{"start":{"line":262,"column":12},"end":{"line":262,"column":26}},"53":{"start":{"line":266,"column":8},"end":{"line":266,"column":7899}},"54":{"start":{"line":270,"column":8},"end":{"line":270,"column":49}},"55":{"start":{"line":272,"column":8},"end":{"line":272,"column":8047}},"56":{"start":{"line":274,"column":12},"end":{"line":274,"column":8147}},"57":{"start":{"line":279,"column":12},"end":{"line":279,"column":8282}},"58":{"start":{"line":285,"column":12},"end":{"line":285,"column":8459}},"59":{"start":{"line":286,"column":16},"end":{"line":286,"column":26}},"60":{"start":{"line":291,"column":12},"end":{"line":291,"column":8755}},"61":{"start":{"line":292,"column":16},"end":{"line":292,"column":26}},"62":{"start":{"line":297,"column":12},"end":{"line":297,"column":9013}},"63":{"start":{"line":305,"column":12},"end":{"line":305,"column":9220}},"64":{"start":{"line":313,"column":12},"end":{"line":313,"column":26}},"65":{"start":{"line":320,"column":8},"end":{"line":320,"column":9639}},"66":{"start":{"line":325,"column":8},"end":{"line":325,"column":9759}},"67":{"start":{"line":331,"column":8},"end":{"line":331,"column":9973}},"68":{"start":{"line":332,"column":12},"end":{"line":332,"column":22}},"69":{"start":{"line":337,"column":8},"end":{"line":337,"column":10202}},"70":{"start":{"line":341,"column":8},"end":{"line":341,"column":10284}},"71":{"start":{"line":348,"column":8},"end":{"line":348,"column":10505}},"72":{"start":{"line":349,"column":12},"end":{"line":349,"column":22}},"73":{"start":{"line":354,"column":8},"end":{"line":354,"column":10709}},"74":{"start":{"line":355,"column":12},"end":{"line":355,"column":22}},"75":{"start":{"line":360,"column":8},"end":{"line":360,"column":10975}},"76":{"start":{"line":368,"column":8},"end":{"line":368,"column":11153}},"77":{"start":{"line":377,"column":8},"end":{"line":377,"column":11344}},"78":{"start":{"line":385,"column":8},"end":{"line":385,"column":22}},"79":{"start":{"line":397,"column":8},"end":{"line":397,"column":11747}},"80":{"start":{"line":402,"column":8},"end":{"line":402,"column":11941}},"81":{"start":{"line":406,"column":8},"end":{"line":406,"column":12114}},"82":{"start":{"line":410,"column":8},"end":{"line":410,"column":12274}},"83":{"start":{"line":411,"column":12},"end":{"line":411,"column":22}},"84":{"start":{"line":416,"column":8},"end":{"line":416,"column":56}},"85":{"start":{"line":417,"column":8},"end":{"line":417,"column":12564}},"86":{"start":{"line":421,"column":12},"end":{"line":421,"column":22}},"87":{"start":{"line":425,"column":8},"end":{"line":425,"column":51}},"88":{"start":{"line":426,"column":8},"end":{"line":426,"column":40}},"89":{"start":{"line":431,"column":12},"end":{"line":431,"column":13107}},"90":{"start":{"line":435,"column":16},"end":{"line":435,"column":73}},"91":{"start":{"line":436,"column":16},"end":{"line":436,"column":13425}},"92":{"start":{"line":443,"column":20},"end":{"line":443,"column":13734}},"93":{"start":{"line":446,"column":20},"end":{"line":446,"column":13890}},"94":{"start":{"line":447,"column":24},"end":{"line":447,"column":99}},"95":{"start":{"line":451,"column":20},"end":{"line":451,"column":14115}},"96":{"start":{"line":458,"column":20},"end":{"line":458,"column":68}},"97":{"start":{"line":460,"column":16},"end":{"line":460,"column":55}},"98":{"start":{"line":464,"column":12},"end":{"line":464,"column":14624}},"99":{"start":{"line":469,"column":12},"end":{"line":469,"column":14862}},"100":{"start":{"line":478,"column":12},"end":{"line":478,"column":15182}},"101":{"start":{"line":479,"column":16},"end":{"line":479,"column":26}},"102":{"start":{"line":484,"column":12},"end":{"line":484,"column":15439}},"103":{"start":{"line":485,"column":16},"end":{"line":485,"column":15505}},"104":{"start":{"line":494,"column":12},"end":{"line":494,"column":15805}},"105":{"start":{"line":497,"column":16},"end":{"line":497,"column":16083}},"106":{"start":{"line":502,"column":16},"end":{"line":502,"column":16374}},"107":{"start":{"line":509,"column":8},"end":{"line":509,"column":16593}},"108":{"start":{"line":518,"column":8},"end":{"line":518,"column":16870}},"109":{"start":{"line":526,"column":8},"end":{"line":526,"column":17099}},"110":{"start":{"line":538,"column":8},"end":{"line":538,"column":17439}}},"branchMap":{"1":{"line":24,"type":"if","locations":[{"start":{"line":24,"column":8},"end":{"line":24,"column":8}},{"start":{"line":24,"column":8},"end":{"line":24,"column":8}}]},"2":{"line":30,"type":"if","locations":[{"start":{"line":30,"column":8},"end":{"line":30,"column":8}},{"start":{"line":30,"column":8},"end":{"line":30,"column":8}}]},"3":{"line":45,"type":"if","locations":[{"start":{"line":45,"column":8},"end":{"line":45,"column":8}},{"start":{"line":45,"column":8},"end":{"line":45,"column":8}}]},"4":{"line":59,"type":"if","locations":[{"start":{"line":59,"column":12},"end":{"line":59,"column":12}},{"start":{"line":59,"column":12},"end":{"line":59,"column":12}}]},"5":{"line":91,"type":"if","locations":[{"start":{"line":91,"column":8},"end":{"line":91,"column":8}},{"start":{"line":91,"column":8},"end":{"line":91,"column":8}}]},"6":{"line":104,"type":"if","locations":[{"start":{"line":104,"column":12},"end":{"line":104,"column":12}},{"start":{"line":104,"column":12},"end":{"line":104,"column":12}}]},"7":{"line":155,"type":"if","locations":[{"start":{"line":155,"column":8},"end":{"line":155,"column":8}},{"start":{"line":155,"column":8},"end":{"line":155,"column":8}}]},"8":{"line":205,"type":"if","locations":[{"start":{"line":205,"column":8},"end":{"line":205,"column":8}},{"start":{"line":205,"column":8},"end":{"line":205,"column":8}}]},"9":{"line":220,"type":"if","locations":[{"start":{"line":220,"column":8},"end":{"line":220,"column":8}},{"start":{"line":220,"column":8},"end":{"line":220,"column":8}}]},"10":{"line":234,"type":"if","locations":[{"start":{"line":234,"column":12},"end":{"line":234,"column":12}},{"start":{"line":234,"column":12},"end":{"line":234,"column":12}}]},"11":{"line":240,"type":"if","locations":[{"start":{"line":240,"column":12},"end":{"line":240,"column":12}},{"start":{"line":240,"column":12},"end":{"line":240,"column":12}}]},"12":{"line":272,"type":"if","locations":[{"start":{"line":272,"column":8},"end":{"line":272,"column":8}},{"start":{"line":272,"column":8},"end":{"line":272,"column":8}}]},"13":{"line":285,"type":"if","locations":[{"start":{"line":285,"column":12},"end":{"line":285,"column":12}},{"start":{"line":285,"column":12},"end":{"line":285,"column":12}}]},"14":{"line":291,"type":"if","locations":[{"start":{"line":291,"column":12},"end":{"line":291,"column":12}},{"start":{"line":291,"column":12},"end":{"line":291,"column":12}}]},"15":{"line":331,"type":"if","locations":[{"start":{"line":331,"column":8},"end":{"line":331,"column":8}},{"start":{"line":331,"column":8},"end":{"line":331,"column":8}}]},"16":{"line":348,"type":"if","locations":[{"start":{"line":348,"column":8},"end":{"line":348,"column":8}},{"start":{"line":348,"column":8},"end":{"line":348,"column":8}}]},"17":{"line":354,"type":"if","locations":[{"start":{"line":354,"column":8},"end":{"line":354,"column":8}},{"start":{"line":354,"column":8},"end":{"line":354,"column":8}}]},"18":{"line":410,"type":"if","locations":[{"start":{"line":410,"column":8},"end":{"line":410,"column":8}},{"start":{"line":410,"column":8},"end":{"line":410,"column":8}}]},"19":{"line":417,"type":"if","locations":[{"start":{"line":417,"column":8},"end":{"line":417,"column":8}},{"start":{"line":417,"column":8},"end":{"line":417,"column":8}}]},"20":{"line":431,"type":"if","locations":[{"start":{"line":431,"column":12},"end":{"line":431,"column":12}},{"start":{"line":431,"column":12},"end":{"line":431,"column":12}}]},"21":{"line":436,"type":"if","locations":[{"start":{"line":436,"column":16},"end":{"line":436,"column":16}},{"start":{"line":436,"column":16},"end":{"line":436,"column":16}}]},"22":{"line":478,"type":"if","locations":[{"start":{"line":478,"column":12},"end":{"line":478,"column":12}},{"start":{"line":478,"column":12},"end":{"line":478,"column":12}}]},"23":{"line":484,"type":"if","locations":[{"start":{"line":484,"column":12},"end":{"line":484,"column":12}},{"start":{"line":484,"column":12},"end":{"line":484,"column":12}}]},"24":{"line":494,"type":"if","locations":[{"start":{"line":494,"column":12},"end":{"line":494,"column":12}},{"start":{"line":494,"column":12},"end":{"line":494,"column":12}}]}}},
"contracts/CerbySwapV1_VaultImplementation.sol":{"l":{"26":3,"27":0,"30":3,"31":3,"32":3,"34":3,"39":3,"40":2,"54":0,"62":0,"71":12,"72":0,"76":12,"79":12,"80":0},"path":"/Users/numwan/Documents/Remix/bitbucket/sol-cerby-swap-v1/contracts/CerbySwapV1_VaultImplementation.sol","s":{"1":3,"2":3,"3":3,"4":3,"5":3,"6":3,"7":2,"8":0,"9":0,"10":12,"11":12,"12":12},"b":{"1":[0,3],"2":[2,1],"3":[0,12],"4":[0,12]},"f":{"1":3,"2":0,"3":0,"4":12},"fnMap":{"1":{"name":"initialize","line":17,"loc":{"start":{"line":17,"column":4},"end":{"line":45,"column":4}}},"2":{"name":"token0","line":49,"loc":{"start":{"line":49,"column":4},"end":{"line":55,"column":4}}},"3":{"name":"token1","line":57,"loc":{"start":{"line":57,"column":4},"end":{"line":63,"column":4}}},"4":{"name":"withdrawEth","line":65,"loc":{"start":{"line":65,"column":4},"end":{"line":82,"column":4}}}},"statementMap":{"1":{"start":{"line":26,"column":8},"end":{"line":26,"column":807}},"2":{"start":{"line":30,"column":8},"end":{"line":30,"column":21}},"3":{"start":{"line":31,"column":8},"end":{"line":31,"column":33}},"4":{"start":{"line":32,"column":8},"end":{"line":32,"column":25}},"5":{"start":{"line":34,"column":8},"end":{"line":34,"column":1091}},"6":{"start":{"line":39,"column":8},"end":{"line":39,"column":1200}},"7":{"start":{"line":40,"column":12},"end":{"line":40,"column":1239}},"8":{"start":{"line":54,"column":8},"end":{"line":54,"column":20}},"9":{"start":{"line":62,"column":8},"end":{"line":62,"column":26}},"10":{"start":{"line":71,"column":8},"end":{"line":71,"column":1732}},"11":{"start":{"line":76,"column":8},"end":{"line":76,"column":64}},"12":{"start":{"line":79,"column":8},"end":{"line":79,"column":2056}}},"branchMap":{"1":{"line":26,"type":"if","locations":[{"start":{"line":26,"column":8},"end":{"line":26,"column":8}},{"start":{"line":26,"column":8},"end":{"line":26,"column":8}}]},"2":{"line":39,"type":"if","locations":[{"start":{"line":39,"column":8},"end":{"line":39,"column":8}},{"start":{"line":39,"column":8},"end":{"line":39,"column":8}}]},"3":{"line":71,"type":"if","locations":[{"start":{"line":71,"column":8},"end":{"line":71,"column":8}},{"start":{"line":71,"column":8},"end":{"line":71,"column":8}}]},"4":{"line":79,"type":"if","locations":[{"start":{"line":79,"column":8},"end":{"line":79,"column":8}},{"start":{"line":79,"column":8},"end":{"line":79,"column":8}}]}}},
"contracts/CerbySwapV1.sol":{"l":{"13":3,"17":3,"18":3,"19":3,"21":3,"22":3,"24":3,"25":3,"29":3,"39":3,"40":3,"50":3,"52":3,"55":0,"58":0,"61":0,"64":0,"68":3,"69":3},"path":"/Users/numwan/Documents/Remix/bitbucket/sol-cerby-swap-v1/contracts/CerbySwapV1.sol","s":{"1":3,"2":3,"3":3,"4":3,"5":3,"6":3,"7":3,"8":3,"9":3,"10":3,"11":3,"12":3,"13":3,"14":0,"15":0,"16":0,"17":0,"18":0,"19":0,"20":0,"21":0,"22":3,"23":3},"b":{"1":[3,0],"2":[0,0],"3":[0,0],"4":[0,0],"5":[0,0]},"f":{"1":3},"fnMap":{"1":{"name":"constructor","line":11,"loc":{"start":{"line":11,"column":4},"end":{"line":72,"column":4}}}},"statementMap":{"1":{"start":{"line":13,"column":8},"end":{"line":13,"column":290}},"2":{"start":{"line":17,"column":8},"end":{"line":17,"column":79}},"3":{"start":{"line":18,"column":8},"end":{"line":18,"column":62}},"4":{"start":{"line":19,"column":8},"end":{"line":19,"column":42}},"5":{"start":{"line":21,"column":8},"end":{"line":21,"column":30}},"6":{"start":{"line":22,"column":8},"end":{"line":22,"column":32}},"7":{"start":{"line":24,"column":8},"end":{"line":24,"column":52}},"8":{"start":{"line":25,"column":8},"end":{"line":25,"column":813}},"9":{"start":{"line":29,"column":8},"end":{"line":29,"column":925}},"10":{"start":{"line":39,"column":8},"end":{"line":39,"column":75}},"11":{"start":{"line":40,"column":8},"end":{"line":40,"column":1411}},"12":{"start":{"line":50,"column":8},"end":{"line":50,"column":1704}},"13":{"start":{"line":52,"column":12},"end":{"line":52,"column":67}},"14":{"start":{"line":53,"column":15},"end":{"line":53,"column":1839}},"15":{"start":{"line":55,"column":12},"end":{"line":55,"column":67}},"16":{"start":{"line":56,"column":15},"end":{"line":56,"column":1970}},"17":{"start":{"line":58,"column":12},"end":{"line":58,"column":67}},"18":{"start":{"line":59,"column":15},"end":{"line":59,"column":2106}},"19":{"start":{"line":61,"column":12},"end":{"line":61,"column":67}},"20":{"start":{"line":62,"column":15},"end":{"line":62,"column":2246}},"21":{"start":{"line":64,"column":12},"end":{"line":64,"column":67}},"22":{"start":{"line":68,"column":8},"end":{"line":68,"column":63}},"23":{"start":{"line":69,"column":8},"end":{"line":69,"column":2499}}},"branchMap":{"1":{"line":50,"type":"if","locations":[{"start":{"line":50,"column":8},"end":{"line":50,"column":8}},{"start":{"line":50,"column":8},"end":{"line":50,"column":8}}]},"2":{"line":53,"type":"if","locations":[{"start":{"line":53,"column":15},"end":{"line":53,"column":15}},{"start":{"line":53,"column":15},"end":{"line":53,"column":15}}]},"3":{"line":56,"type":"if","locations":[{"start":{"line":56,"column":15},"end":{"line":56,"column":15}},{"start":{"line":56,"column":15},"end":{"line":56,"column":15}}]},"4":{"line":59,"type":"if","locations":[{"start":{"line":59,"column":15},"end":{"line":59,"column":15}},{"start":{"line":59,"column":15},"end":{"line":59,"column":15}}]},"5":{"line":62,"type":"if","locations":[{"start":{"line":62,"column":15},"end":{"line":62,"column":15}},{"start":{"line":62,"column":15},"end":{"line":62,"column":15}}]}}},
"contracts/interfaces/IBasicERC20.sol":{"l":{},"path":"/Users/numwan/Documents/Remix/bitbucket/sol-cerby-swap-v1/contracts/interfaces/IBasicERC20.sol","s":{},"b":{},"f":{},"fnMap":{},"statementMap":{},"branchMap":{}},
"contracts/interfaces/ICerbyBotDetection.sol":{"l":{},"path":"/Users/numwan/Documents/Remix/bitbucket/sol-cerby-swap-v1/contracts/interfaces/ICerbyBotDetection.sol","s":{},"b":{},"f":{},"fnMap":{},"statementMap":{},"branchMap":{}},
"contracts/interfaces/ICerbyCronJobs.sol":{"l":{},"path":"/Users/numwan/Documents/Remix/bitbucket/sol-cerby-swap-v1/contracts/interfaces/ICerbyCronJobs.sol","s":{},"b":{},"f":{},"fnMap":{},"statementMap":{},"branchMap":{}},
"contracts/interfaces/ICerbySwapV1_VaultImplementation.sol":{"l":{},"path":"/Users/numwan/Documents/Remix/bitbucket/sol-cerby-swap-v1/contracts/interfaces/ICerbySwapV1_VaultImplementation.sol","s":{},"b":{},"f":{},"fnMap":{},"statementMap":{},"branchMap":{}},
"contracts/interfaces/ICerbyToken.sol":{"l":{},"path":"/Users/numwan/Documents/Remix/bitbucket/sol-cerby-swap-v1/contracts/interfaces/ICerbyToken.sol","s":{},"b":{},"f":{},"fnMap":{},"statementMap":{},"branchMap":{}},
"contracts/interfaces/ICerbyTokenMinterBurner.sol":{"l":{},"path":"/Users/numwan/Documents/Remix/bitbucket/sol-cerby-swap-v1/contracts/interfaces/ICerbyTokenMinterBurner.sol","s":{},"b":{},"f":{},"fnMap":{},"statementMap":{},"branchMap":{}},
"contracts/TestCerbyToken.sol":{"l":{"14":3,"15":3,"16":3,"17":3,"25":50,"26":50,"30":0,"34":0,"39":0,"44":3,"52":0},"path":"/Users/numwan/Documents/Remix/bitbucket/sol-cerby-swap-v1/contracts/TestCerbyToken.sol","s":{"1":3,"2":3,"3":3,"4":3,"5":50,"6":50,"7":0,"8":0,"9":0,"10":3,"11":0},"b":{},"f":{"1":3,"2":50,"3":0,"4":0,"5":0,"6":3,"7":0},"fnMap":{"1":{"name":"constructor","line":10,"loc":{"start":{"line":9,"column":4},"end":{"line":18,"column":4}}},"2":{"name":"transferFrom","line":20,"loc":{"start":{"line":20,"column":4},"end":{"line":27,"column":4}}},"3":{"name":"mintByBridge","line":29,"loc":{"start":{"line":29,"column":4},"end":{"line":31,"column":4}}},"4":{"name":"burnByBridge","line":33,"loc":{"start":{"line":33,"column":4},"end":{"line":35,"column":4}}},"5":{"name":"mintHumanAddress","line":37,"loc":{"start":{"line":37,"column":4},"end":{"line":40,"column":4}}},"6":{"name":"burnHumanAddress","line":42,"loc":{"start":{"line":42,"column":4},"end":{"line":45,"column":4}}},"7":{"name":"transferCustom","line":47,"loc":{"start":{"line":47,"column":4},"end":{"line":53,"column":4}}}},"statementMap":{"1":{"start":{"line":14,"column":8},"end":{"line":14,"column":25}},"2":{"start":{"line":15,"column":8},"end":{"line":15,"column":68}},"3":{"start":{"line":16,"column":8},"end":{"line":16,"column":68}},"4":{"start":{"line":17,"column":8},"end":{"line":17,"column":36}},"5":{"start":{"line":25,"column":8},"end":{"line":25,"column":43}},"6":{"start":{"line":26,"column":8},"end":{"line":26,"column":19}},"7":{"start":{"line":30,"column":8},"end":{"line":30,"column":24}},"8":{"start":{"line":34,"column":8},"end":{"line":34,"column":26}},"9":{"start":{"line":39,"column":8},"end":{"line":39,"column":24}},"10":{"start":{"line":44,"column":8},"end":{"line":44,"column":26}},"11":{"start":{"line":52,"column":8},"end":{"line":52,"column":43}}},"branchMap":{}},
"contracts/TestCerUsdToken.sol":{"l":{"14":3,"15":3,"16":3,"17":3,"25":66,"26":66,"30":0,"34":0,"39":8,"44":8,"52":0},"path":"/Users/numwan/Documents/Remix/bitbucket/sol-cerby-swap-v1/contracts/TestCerUsdToken.sol","s":{"1":3,"2":3,"3":3,"4":3,"5":66,"6":66,"7":0,"8":0,"9":8,"10":8,"11":0},"b":{},"f":{"1":3,"2":66,"3":0,"4":0,"5":8,"6":8,"7":0},"fnMap":{"1":{"name":"constructor","line":11,"loc":{"start":{"line":9,"column":4},"end":{"line":18,"column":4}}},"2":{"name":"transferFrom","line":20,"loc":{"start":{"line":20,"column":4},"end":{"line":27,"column":4}}},"3":{"name":"mintByBridge","line":29,"loc":{"start":{"line":29,"column":4},"end":{"line":31,"column":4}}},"4":{"name":"burnByBridge","line":33,"loc":{"start":{"line":33,"column":4},"end":{"line":35,"column":4}}},"5":{"name":"mintHumanAddress","line":37,"loc":{"start":{"line":37,"column":4},"end":{"line":40,"column":4}}},"6":{"name":"burnHumanAddress","line":42,"loc":{"start":{"line":42,"column":4},"end":{"line":45,"column":4}}},"7":{"name":"transferCustom","line":47,"loc":{"start":{"line":47,"column":4},"end":{"line":53,"column":4}}}},"statementMap":{"1":{"start":{"line":14,"column":8},"end":{"line":14,"column":25}},"2":{"start":{"line":15,"column":8},"end":{"line":15,"column":68}},"3":{"start":{"line":16,"column":8},"end":{"line":16,"column":68}},"4":{"start":{"line":17,"column":8},"end":{"line":17,"column":36}},"5":{"start":{"line":25,"column":8},"end":{"line":25,"column":43}},"6":{"start":{"line":26,"column":8},"end":{"line":26,"column":19}},"7":{"start":{"line":30,"column":8},"end":{"line":30,"column":24}},"8":{"start":{"line":34,"column":8},"end":{"line":34,"column":26}},"9":{"start":{"line":39,"column":8},"end":{"line":39,"column":24}},"10":{"start":{"line":44,"column":8},"end":{"line":44,"column":26}},"11":{"start":{"line":52,"column":8},"end":{"line":52,"column":43}}},"branchMap":{}},
"contracts/TestUsdcToken.sol":{"l":{"14":3,"15":3,"16":3,"17":3,"25":21,"26":21,"30":0,"34":0,"39":0,"44":0,"52":0},"path":"/Users/numwan/Documents/Remix/bitbucket/sol-cerby-swap-v1/contracts/TestUsdcToken.sol","s":{"1":3,"2":3,"3":3,"4":3,"5":21,"6":21,"7":0,"8":0,"9":0,"10":0,"11":0},"b":{},"f":{"1":3,"2":21,"3":0,"4":0,"5":0,"6":0,"7":0},"fnMap":{"1":{"name":"constructor","line":12,"loc":{"start":{"line":9,"column":4},"end":{"line":18,"column":4}}},"2":{"name":"transferFrom","line":20,"loc":{"start":{"line":20,"column":4},"end":{"line":27,"column":4}}},"3":{"name":"mintByBridge","line":29,"loc":{"start":{"line":29,"column":4},"end":{"line":31,"column":4}}},"4":{"name":"burnByBridge","line":33,"loc":{"start":{"line":33,"column":4},"end":{"line":35,"column":4}}},"5":{"name":"mintHumanAddress","line":37,"loc":{"start":{"line":37,"column":4},"end":{"line":40,"column":4}}},"6":{"name":"burnHumanAddress","line":42,"loc":{"start":{"line":42,"column":4},"end":{"line":45,"column":4}}},"7":{"name":"transferCustom","line":47,"loc":{"start":{"line":47,"column":4},"end":{"line":53,"column":4}}}},"statementMap":{"1":{"start":{"line":14,"column":8},"end":{"line":14,"column":25}},"2":{"start":{"line":15,"column":8},"end":{"line":15,"column":68}},"3":{"start":{"line":16,"column":8},"end":{"line":16,"column":68}},"4":{"start":{"line":17,"column":8},"end":{"line":17,"column":36}},"5":{"start":{"line":25,"column":8},"end":{"line":25,"column":43}},"6":{"start":{"line":26,"column":8},"end":{"line":26,"column":19}},"7":{"start":{"line":30,"column":8},"end":{"line":30,"column":24}},"8":{"start":{"line":34,"column":8},"end":{"line":34,"column":26}},"9":{"start":{"line":39,"column":8},"end":{"line":39,"column":24}},"10":{"start":{"line":44,"column":8},"end":{"line":44,"column":26}},"11":{"start":{"line":52,"column":8},"end":{"line":52,"column":43}}},"branchMap":{}}}
