TN:
SF:/Users/numwan/Documents/Remix/bitbucket/sol-cerby-swap-v1/contracts/CerbyCronJobsExecution.sol
FN:17,checkForBotsAndExecuteCronJobs
FN:28,executeCronJobs
FN:36,getUtilsContractAtPos
FN:45,checkForBots
FN:59,checkTransactionAndExecuteCron
FN:77,checkTransactionForBots
FNF:6
FNH:0
FNDA:0,checkForBotsAndExecuteCronJobs
FNDA:0,executeCronJobs
FNDA:0,getUtilsContractAtPos
FNDA:0,checkForBots
FNDA:0,checkTransactionAndExecuteCron
FNDA:0,checkTransactionForBots
DA:18,0
DA:21,0
DA:22,0
DA:24,0
DA:25,0
DA:29,0
DA:32,0
DA:33,0
DA:42,0
DA:46,0
DA:52,0
DA:53,0
DA:56,0
DA:63,0
DA:69,0
DA:70,0
DA:73,0
DA:74,0
DA:84,0
DA:90,0
DA:91,0
DA:94,0
DA:96,0
LF:23
LH:0
BRDA:21,1,0,0
BRDA:21,1,1,0
BRDA:52,2,0,0
BRDA:52,2,1,0
BRDA:69,3,0,0
BRDA:69,3,1,0
BRDA:90,4,0,0
BRDA:90,4,1,0
BRDA:94,5,0,0
BRDA:94,5,1,0
BRF:10
BRH:0
end_of_record
TN:
SF:/Users/numwan/Documents/Remix/bitbucket/sol-cerby-swap-v1/contracts/CerbySwapV1_AdminFunctions.sol
FN:13,testSetupTokens
FN:31,testInit
FN:55,adminInitialize
FN:71,adminSetURI
FN:82,adminUpdateNameAndSymbol
FN:92,adminUpdateFeesAndTvlMultipliers
FN:123,adminCreatePool
FN:145,adminChangeCerUsdCreditInPool
FNF:8
FNH:4
FNDA:1,testSetupTokens
FNDA:1,testInit
FNDA:1,adminInitialize
FNDA:0,adminSetURI
FNDA:0,adminUpdateNameAndSymbol
FNDA:0,adminUpdateFeesAndTvlMultipliers
FNDA:0,adminCreatePool
FNDA:2,adminChangeCerUsdCreditInPool
DA:23,1
DA:24,1
DA:25,1
DA:27,1
DA:33,1
DA:42,1
DA:58,1
DA:73,0
DA:74,0
DA:84,0
DA:85,0
DA:94,0
DA:99,0
DA:102,0
DA:103,0
DA:106,0
DA:107,0
DA:110,0
DA:125,0
DA:147,2
DA:152,2
DA:155,2
DA:160,2
LF:23
LH:11
BRDA:94,1,0,0
BRDA:94,1,1,0
BRDA:102,2,0,0
BRDA:102,2,1,0
BRDA:106,3,0,0
BRDA:106,3,1,0
BRF:6
BRH:0
end_of_record
TN:
SF:/Users/numwan/Documents/Remix/bitbucket/sol-cerby-swap-v1/contracts/CerbySwapV1_Declarations.sol
FNF:0
FNH:0
LF:0
LH:0
BRF:0
BRH:0
end_of_record
TN:
SF:/Users/numwan/Documents/Remix/bitbucket/sol-cerby-swap-v1/contracts/CerbySwapV1_ERC1155.sol
FN:18,constructor
FN:20,name
FN:28,symbol
FN:36,decimals
FN:44,totalSupply
FN:60,uri
FN:79,setApprovalForAll
FN:100,safeTransferFrom
FNF:8
FNH:1
FNDA:3,constructor
FNDA:0,name
FNDA:0,symbol
FNDA:0,decimals
FNDA:0,totalSupply
FNDA:0,uri
FNDA:0,setApprovalForAll
FNDA:0,safeTransferFrom
DA:25,0
DA:33,0
DA:41,0
DA:49,0
DA:50,0
DA:53,0
DA:54,0
DA:57,0
DA:67,0
DA:81,0
DA:102,0
LF:11
LH:0
BRF:0
BRH:0
end_of_record
TN:
SF:/Users/numwan/Documents/Remix/bitbucket/sol-cerby-swap-v1/contracts/CerbySwapV1_EventsAndErrors.sol
FNF:0
FNH:0
LF:0
LH:0
BRF:0
BRH:0
end_of_record
TN:
SF:/Users/numwan/Documents/Remix/bitbucket/sol-cerby-swap-v1/contracts/CerbySwapV1_GetFunctions.sol
FN:12,getTokenToPoolId
FN:22,getSettings
FN:30,getPoolsByTokens
FN:45,getCurrentOneMinusFeeBasedOnTrades
FN:65,getOutputExactTokensForTokens
FN:117,getInputTokensForExactTokens
FN:171,_getCurrentPeriod
FN:181,_getCurrentOneMinusFeeBasedOnTrades
FN:229,_getOutputExactTokensForCerUsd
FN:252,_getOutputExactCerUsdForTokens
FN:268,_getOutput
FN:289,_getInputTokensForExactCerUsd
FN:312,_getInputCerUsdForExactTokens
FN:328,_getInput
FNF:14
FNH:12
FNDA:9,getTokenToPoolId
FNDA:0,getSettings
FNDA:114,getPoolsByTokens
FNDA:0,getCurrentOneMinusFeeBasedOnTrades
FNDA:40,getOutputExactTokensForTokens
FNDA:28,getInputTokensForExactTokens
FNDA:174,_getCurrentPeriod
FNDA:89,_getCurrentOneMinusFeeBasedOnTrades
FNDA:51,_getOutputExactTokensForCerUsd
FNDA:47,_getOutputExactCerUsdForTokens
FNDA:98,_getOutput
FNDA:36,_getInputTokensForExactCerUsd
FNDA:40,_getInputCerUsdForExactTokens
FNDA:76,_getInput
DA:19,9
DA:27,0
DA:37,114
DA:38,114
DA:39,114
DA:40,114
DA:42,114
DA:53,0
DA:55,0
DA:59,0
DA:77,40
DA:80,40
DA:82,19
DA:87,19
DA:91,21
DA:93,17
DA:97,17
DA:103,4
DA:109,4
DA:114,4
DA:129,28
DA:132,28
DA:134,14
DA:140,14
DA:144,14
DA:146,14
DA:151,14
DA:157,0
DA:162,0
DA:168,0
DA:176,174
DA:190,89
DA:191,89
DA:193,89
DA:196,534
DA:197,445
DA:203,89
DA:208,87
DA:212,87
DA:216,87
DA:217,87
DA:220,0
DA:221,0
DA:224,0
DA:239,51
DA:241,51
DA:260,47
DA:279,98
DA:282,98
DA:286,98
DA:299,36
DA:301,36
DA:320,40
DA:339,76
DA:345,74
LF:55
LH:45
BRDA:80,1,0,19
BRDA:80,1,1,21
BRDA:91,2,0,17
BRDA:91,2,1,4
BRDA:132,3,0,14
BRDA:132,3,1,14
BRDA:144,4,0,14
BRDA:144,4,1,0
BRDA:196,5,0,89
BRDA:196,5,1,445
BRDA:216,6,0,87
BRDA:216,6,1,0
BRDA:220,7,0,0
BRDA:220,7,1,0
BRF:14
BRH:10
end_of_record
TN:
SF:/Users/numwan/Documents/Remix/bitbucket/sol-cerby-swap-v1/contracts/CerbySwapV1_LiquidityFunctions.sol
FN:19,increaseCerUsdCreditInPool
FN:53,createPool
FN:79,_createPool
FN:188,addTokenLiquidity
FN:300,removeTokenLiquidity
FN:311,_removeTokenLiquidity
FN:408,_getMintFeeLiquidityAmount
FNF:7
FNH:5
FNDA:0,increaseCerUsdCreditInPool
FNDA:0,createPool
FNDA:3,_createPool
FNDA:5,addTokenLiquidity
FNDA:7,removeTokenLiquidity
FNDA:7,_removeTokenLiquidity
FNDA:12,_getMintFeeLiquidityAmount
DA:26,0
DA:28,0
DA:32,0
DA:34,0
DA:37,0
DA:44,0
DA:62,0
DA:82,3
DA:84,3
DA:91,3
DA:99,3
DA:105,3
DA:110,3
DA:111,0
DA:112,0
DA:117,3
DA:118,3
DA:119,18
DA:122,3
DA:123,3
DA:132,3
DA:133,3
DA:136,3
DA:139,3
DA:146,3
DA:149,3
DA:156,3
DA:163,3
DA:171,3
DA:193,5
DA:194,5
DA:196,5
DA:201,5
DA:206,5
DA:214,5
DA:219,5
DA:222,5
DA:223,0
DA:224,0
DA:228,5
DA:235,5
DA:242,5
DA:246,5
DA:254,5
DA:258,5
DA:259,0
DA:263,5
DA:269,5
DA:274,5
DA:282,5
DA:289,5
DA:304,7
DA:320,7
DA:321,7
DA:323,7
DA:328,7
DA:330,7
DA:335,7
DA:340,7
DA:347,7
DA:354,7
DA:359,7
DA:364,7
DA:371,7
DA:375,7
DA:382,7
DA:390,7
DA:398,7
DA:405,7
DA:417,12
DA:421,12
DA:426,7
DA:436,5
LF:73
LH:61
BRDA:32,1,0,0
BRDA:32,1,1,0
BRDA:110,2,0,0
BRDA:110,2,1,3
BRDA:222,3,0,0
BRDA:222,3,1,5
BRDA:258,4,0,0
BRDA:258,4,1,5
BRDA:421,5,0,7
BRDA:421,5,1,5
BRF:10
BRH:5
end_of_record
TN:
SF:/Users/numwan/Documents/Remix/bitbucket/sol-cerby-swap-v1/contracts/CerbySwapV1_Math.sol
FN:7,sqrt
FNF:1
FNH:1
FNDA:27,sqrt
DA:14,27
DA:15,27
DA:16,27
DA:17,27
DA:18,2165
DA:19,2165
DA:22,0
LF:7
LH:6
BRDA:14,1,0,27
BRDA:14,1,1,0
BRDA:21,2,0,0
BRDA:21,2,1,0
BRF:4
BRH:1
end_of_record
TN:
SF:/Users/numwan/Documents/Remix/bitbucket/sol-cerby-swap-v1/contracts/CerbySwapV1_MinimalProxy.sol
FN:11,getVaultCloneAddressByToken
FN:47,cloneVault
FNF:2
FNH:2
FNDA:705,getVaultCloneAddressByToken
FNDA:3,cloneVault
DA:18,705
DA:22,705
DA:24,705
DA:25,705
DA:27,705
DA:44,705
DA:53,3
DA:59,3
DA:63,3
DA:64,3
DA:83,3
LF:11
LH:11
BRF:0
BRH:0
end_of_record
TN:
SF:/Users/numwan/Documents/Remix/bitbucket/sol-cerby-swap-v1/contracts/CerbySwapV1_Modifiers.sol
FN:9,tokenMustExistInPool
FN:17,tokenDoesNotExistInPool
FN:24,transactionIsNotExpired
FNF:3
FNH:3
FNDA:14,tokenMustExistInPool
FNDA:3,tokenDoesNotExistInPool
FNDA:116,transactionIsNotExpired
DA:10,14
DA:11,0
DA:12,0
DA:14,14
DA:18,3
DA:19,0
DA:21,3
DA:25,116
DA:26,4
DA:27,0
DA:29,112
LF:11
LH:7
BRDA:10,1,0,0
BRDA:10,1,1,14
BRDA:18,2,0,0
BRDA:18,2,1,3
BRDA:25,3,0,4
BRDA:25,3,1,112
BRF:6
BRH:4
end_of_record
TN:
SF:/Users/numwan/Documents/Remix/bitbucket/sol-cerby-swap-v1/contracts/CerbySwapV1_SafeFunctions.sol
FN:14,_getPoolBalances
FN:32,_getTokenBalance
FN:46,_safeTransferFromHelper
FN:105,_safeCoreTransferFrom
FN:129,_safeCoreTransferNative
FNF:5
FNH:5
FNDA:393,_getPoolBalances
FNDA:789,_getTokenBalance
FNDA:247,_safeTransferFromHelper
FNDA:139,_safeCoreTransferFrom
FNDA:26,_safeCoreTransferNative
DA:21,393
DA:25,393
DA:40,789
DA:54,247
DA:55,80
DA:58,167
DA:60,139
DA:66,139
DA:70,28
DA:72,16
DA:74,16
DA:75,0
DA:76,0
DA:81,16
DA:82,10
DA:88,16
DA:93,16
DA:97,12
DA:102,12
DA:114,139
DA:124,139
DA:125,0
DA:136,26
DA:139,26
DA:140,0
LF:25
LH:21
BRDA:54,1,0,80
BRDA:54,1,1,167
BRDA:58,2,0,139
BRDA:58,2,1,28
BRDA:70,3,0,16
BRDA:70,3,1,12
BRDA:74,4,0,0
BRDA:74,4,1,16
BRDA:81,5,0,10
BRDA:81,5,1,6
BRDA:124,6,0,0
BRDA:124,6,1,139
BRDA:139,7,0,0
BRDA:139,7,1,26
BRF:14
BRH:11
end_of_record
TN:
SF:/Users/numwan/Documents/Remix/bitbucket/sol-cerby-swap-v1/contracts/CerbySwapV1_SwapFunctions.sol
FN:19,swapExactTokensForTokens
FN:201,swapTokensForExactTokens
FN:388,_swap
FNF:3
FNH:3
FNDA:58,swapExactTokensForTokens
FNDA:42,swapTokensForExactTokens
FNDA:86,_swap
DA:24,58
DA:25,4
DA:26,0
DA:30,54
DA:31,6
DA:32,0
DA:35,48
DA:39,48
DA:40,48
DA:42,48
DA:45,48
DA:47,22
DA:52,22
DA:59,22
DA:60,2
DA:61,0
DA:65,20
DA:73,20
DA:81,16
DA:85,26
DA:89,26
DA:91,26
DA:93,20
DA:98,20
DA:104,20
DA:105,2
DA:106,0
DA:110,18
DA:118,18
DA:126,16
DA:133,6
DA:138,6
DA:145,6
DA:149,6
DA:155,6
DA:156,0
DA:157,0
DA:161,6
DA:170,6
DA:179,6
DA:187,6
DA:205,42
DA:206,2
DA:207,0
DA:210,40
DA:214,40
DA:215,40
DA:217,40
DA:220,40
DA:222,14
DA:227,14
DA:234,14
DA:235,2
DA:236,0
DA:240,12
DA:241,2
DA:242,0
DA:246,10
DA:254,10
DA:262,10
DA:266,26
DA:270,26
DA:272,26
DA:274,16
DA:279,16
DA:285,14
DA:286,2
DA:287,0
DA:291,12
DA:292,2
DA:293,0
DA:297,10
DA:305,10
DA:313,10
DA:320,10
DA:325,10
DA:331,10
DA:332,2
DA:333,0
DA:337,8
DA:341,8
DA:348,8
DA:349,0
DA:350,0
DA:354,8
DA:355,0
DA:356,0
DA:360,8
DA:368,8
DA:377,8
DA:385,8
DA:397,86
DA:402,86
DA:406,86
DA:409,86
DA:410,0
DA:411,0
DA:415,86
DA:416,86
DA:420,4
DA:421,0
DA:424,82
DA:425,82
DA:426,82
DA:430,82
DA:434,42
DA:435,42
DA:442,2
DA:445,2
DA:446,2
DA:450,2
DA:457,0
DA:459,40
DA:463,80
DA:468,80
DA:477,80
DA:478,0
DA:479,0
DA:483,80
DA:484,0
DA:493,80
DA:496,25
DA:501,25
DA:508,80
DA:517,80
DA:525,80
DA:537,80
LF:127
LH:104
BRDA:24,1,0,4
BRDA:24,1,1,54
BRDA:30,2,0,6
BRDA:30,2,1,48
BRDA:45,3,0,22
BRDA:45,3,1,26
BRDA:59,4,0,2
BRDA:59,4,1,20
BRDA:91,5,0,20
BRDA:91,5,1,6
BRDA:104,6,0,2
BRDA:104,6,1,18
BRDA:155,7,0,0
BRDA:155,7,1,6
BRDA:205,8,0,2
BRDA:205,8,1,40
BRDA:220,9,0,14
BRDA:220,9,1,26
BRDA:234,10,0,2
BRDA:234,10,1,12
BRDA:240,11,0,2
BRDA:240,11,1,10
BRDA:272,12,0,16
BRDA:272,12,1,10
BRDA:285,13,0,2
BRDA:285,13,1,12
BRDA:291,14,0,2
BRDA:291,14,1,10
BRDA:331,15,0,2
BRDA:331,15,1,8
BRDA:348,16,0,0
BRDA:348,16,1,8
BRDA:354,17,0,0
BRDA:354,17,1,8
BRDA:409,18,0,0
BRDA:409,18,1,86
BRDA:416,19,0,4
BRDA:416,19,1,82
BRDA:430,20,0,42
BRDA:430,20,1,40
BRDA:435,21,0,2
BRDA:435,21,1,40
BRDA:477,22,0,0
BRDA:477,22,1,80
BRDA:483,23,0,0
BRDA:483,23,1,80
BRDA:493,24,0,25
BRDA:493,24,1,55
BRF:48
BRH:42
end_of_record
TN:
SF:/Users/numwan/Documents/Remix/bitbucket/sol-cerby-swap-v1/contracts/CerbySwapV1_VaultImplementation.sol
FN:17,initialize
FN:49,token0
FN:57,token1
FN:65,withdrawEth
FNF:4
FNH:2
FNDA:3,initialize
FNDA:0,token0
FNDA:0,token1
FNDA:12,withdrawEth
DA:26,3
DA:27,0
DA:30,3
DA:31,3
DA:32,3
DA:34,3
DA:39,3
DA:40,2
DA:54,0
DA:62,0
DA:71,12
DA:72,0
DA:76,12
DA:79,12
DA:80,0
LF:15
LH:10
BRDA:26,1,0,0
BRDA:26,1,1,3
BRDA:39,2,0,2
BRDA:39,2,1,1
BRDA:71,3,0,0
BRDA:71,3,1,12
BRDA:79,4,0,0
BRDA:79,4,1,12
BRF:8
BRH:5
end_of_record
TN:
SF:/Users/numwan/Documents/Remix/bitbucket/sol-cerby-swap-v1/contracts/CerbySwapV1.sol
FN:11,constructor
FNF:1
FNH:1
FNDA:3,constructor
DA:13,3
DA:17,3
DA:18,3
DA:19,3
DA:21,3
DA:22,3
DA:24,3
DA:25,3
DA:29,3
DA:39,3
DA:40,3
DA:50,3
DA:52,3
DA:55,0
DA:58,0
DA:61,0
DA:64,0
DA:68,3
DA:69,3
LF:19
LH:15
BRDA:50,1,0,3
BRDA:50,1,1,0
BRDA:53,2,0,0
BRDA:53,2,1,0
BRDA:56,3,0,0
BRDA:56,3,1,0
BRDA:59,4,0,0
BRDA:59,4,1,0
BRDA:62,5,0,0
BRDA:62,5,1,0
BRF:10
BRH:1
end_of_record
TN:
SF:/Users/numwan/Documents/Remix/bitbucket/sol-cerby-swap-v1/contracts/interfaces/IBasicERC20.sol
FNF:0
FNH:0
LF:0
LH:0
BRF:0
BRH:0
end_of_record
TN:
SF:/Users/numwan/Documents/Remix/bitbucket/sol-cerby-swap-v1/contracts/interfaces/ICerbyBotDetection.sol
FNF:0
FNH:0
LF:0
LH:0
BRF:0
BRH:0
end_of_record
TN:
SF:/Users/numwan/Documents/Remix/bitbucket/sol-cerby-swap-v1/contracts/interfaces/ICerbyCronJobs.sol
FNF:0
FNH:0
LF:0
LH:0
BRF:0
BRH:0
end_of_record
TN:
SF:/Users/numwan/Documents/Remix/bitbucket/sol-cerby-swap-v1/contracts/interfaces/ICerbySwapV1_VaultImplementation.sol
FNF:0
FNH:0
LF:0
LH:0
BRF:0
BRH:0
end_of_record
TN:
SF:/Users/numwan/Documents/Remix/bitbucket/sol-cerby-swap-v1/contracts/interfaces/ICerbyToken.sol
FNF:0
FNH:0
LF:0
LH:0
BRF:0
BRH:0
end_of_record
TN:
SF:/Users/numwan/Documents/Remix/bitbucket/sol-cerby-swap-v1/contracts/interfaces/ICerbyTokenMinterBurner.sol
FNF:0
FNH:0
LF:0
LH:0
BRF:0
BRH:0
end_of_record
TN:
SF:/Users/numwan/Documents/Remix/bitbucket/sol-cerby-swap-v1/contracts/TestCerbyToken.sol
FN:10,constructor
FN:20,transferFrom
FN:29,mintByBridge
FN:33,burnByBridge
FN:37,mintHumanAddress
FN:42,burnHumanAddress
FN:47,transferCustom
FNF:7
FNH:3
FNDA:4,constructor
FNDA:50,transferFrom
FNDA:0,mintByBridge
FNDA:0,burnByBridge
FNDA:0,mintHumanAddress
FNDA:3,burnHumanAddress
FNDA:0,transferCustom
DA:14,4
DA:15,4
DA:16,4
DA:17,4
DA:25,50
DA:26,50
DA:30,0
DA:34,0
DA:39,0
DA:44,3
DA:52,0
LF:11
LH:7
BRF:0
BRH:0
end_of_record
TN:
SF:/Users/numwan/Documents/Remix/bitbucket/sol-cerby-swap-v1/contracts/TestCerUsdToken.sol
FN:11,constructor
FN:20,transferFrom
FN:29,mintByBridge
FN:33,burnByBridge
FN:37,mintHumanAddress
FN:42,burnHumanAddress
FN:47,transferCustom
FNF:7
FNH:4
FNDA:3,constructor
FNDA:68,transferFrom
FNDA:0,mintByBridge
FNDA:0,burnByBridge
FNDA:8,mintHumanAddress
FNDA:7,burnHumanAddress
FNDA:0,transferCustom
DA:14,3
DA:15,3
DA:16,3
DA:17,3
DA:25,68
DA:26,68
DA:30,0
DA:34,0
DA:39,8
DA:44,7
DA:52,0
LF:11
LH:8
BRF:0
BRH:0
end_of_record
TN:
SF:/Users/numwan/Documents/Remix/bitbucket/sol-cerby-swap-v1/contracts/TestUsdcToken.sol
FN:12,constructor
FN:20,transferFrom
FN:29,mintByBridge
FN:33,burnByBridge
FN:37,mintHumanAddress
FN:42,burnHumanAddress
FN:47,transferCustom
FNF:7
FNH:2
FNDA:3,constructor
FNDA:21,transferFrom
FNDA:0,mintByBridge
FNDA:0,burnByBridge
FNDA:0,mintHumanAddress
FNDA:0,burnHumanAddress
FNDA:0,transferCustom
DA:14,3
DA:15,3
DA:16,3
DA:17,3
DA:25,21
DA:26,21
DA:30,0
DA:34,0
DA:39,0
DA:44,0
DA:52,0
LF:11
LH:6
BRF:0
BRH:0
end_of_record
